{"c:\\Smart Business AI Assistant\\backend\\src\\server.js":{"path":"c:\\Smart Business AI Assistant\\backend\\src\\server.js","statementMap":{"0":{"start":{"line":1,"column":25},"end":{"line":1,"column":40}},"1":{"start":{"line":2,"column":15},"end":{"line":2,"column":41}},"2":{"start":{"line":3,"column":15},"end":{"line":3,"column":40}},"3":{"start":{"line":4,"column":22},"end":{"line":4,"column":38}},"4":{"start":{"line":5,"column":36},"end":{"line":5,"column":51}},"5":{"start":{"line":6,"column":25},"end":{"line":6,"column":44}},"6":{"start":{"line":8,"column":12},"end":{"line":8,"column":22}},"7":{"start":{"line":9,"column":15},"end":{"line":9,"column":28}},"8":{"start":{"line":10,"column":13},"end":{"line":10,"column":24}},"9":{"start":{"line":12,"column":12},"end":{"line":12,"column":23}},"10":{"start":{"line":13,"column":15},"end":{"line":13,"column":32}},"11":{"start":{"line":14,"column":11},"end":{"line":14,"column":31}},"12":{"start":{"line":17,"column":0},"end":{"line":20,"column":3}},"13":{"start":{"line":18,"column":2},"end":{"line":18,"column":14}},"14":{"start":{"line":19,"column":2},"end":{"line":19,"column":9}},"15":{"start":{"line":22,"column":20},"end":{"line":32,"column":1}},"16":{"start":{"line":23,"column":2},"end":{"line":23,"column":20}},"17":{"start":{"line":24,"column":2},"end":{"line":31,"column":5}},"18":{"start":{"line":25,"column":21},"end":{"line":30,"column":6}},"19":{"start":{"line":26,"column":6},"end":{"line":26,"column":55}},"20":{"start":{"line":27,"column":6},"end":{"line":27,"column":50}},"21":{"start":{"line":28,"column":6},"end":{"line":28,"column":65}},"22":{"start":{"line":29,"column":6},"end":{"line":29,"column":24}},"23":{"start":{"line":34,"column":19},"end":{"line":37,"column":1}},"24":{"start":{"line":35,"column":2},"end":{"line":35,"column":23}},"25":{"start":{"line":36,"column":2},"end":{"line":36,"column":65}},"26":{"start":{"line":36,"column":34},"end":{"line":36,"column":63}},"27":{"start":{"line":36,"column":53},"end":{"line":36,"column":62}},"28":{"start":{"line":39,"column":0},"end":{"line":41,"column":1}},"29":{"start":{"line":40,"column":2},"end":{"line":40,"column":16}},"30":{"start":{"line":43,"column":0},"end":{"line":43,"column":62}},"31":{"start":{"line":46,"column":0},"end":{"line":65,"column":1}},"32":{"start":{"line":47,"column":2},"end":{"line":49,"column":5}},"33":{"start":{"line":48,"column":4},"end":{"line":48,"column":57}},"34":{"start":{"line":50,"column":2},"end":{"line":52,"column":5}},"35":{"start":{"line":51,"column":4},"end":{"line":51,"column":48}},"36":{"start":{"line":53,"column":19},"end":{"line":62,"column":3}},"37":{"start":{"line":54,"column":4},"end":{"line":61,"column":5}},"38":{"start":{"line":55,"column":6},"end":{"line":55,"column":61}},"39":{"start":{"line":56,"column":6},"end":{"line":56,"column":25}},"40":{"start":{"line":57,"column":6},"end":{"line":57,"column":22}},"41":{"start":{"line":59,"column":6},"end":{"line":59,"column":56}},"42":{"start":{"line":60,"column":6},"end":{"line":60,"column":22}},"43":{"start":{"line":63,"column":2},"end":{"line":63,"column":49}},"44":{"start":{"line":63,"column":29},"end":{"line":63,"column":47}},"45":{"start":{"line":64,"column":2},"end":{"line":64,"column":51}},"46":{"start":{"line":64,"column":30},"end":{"line":64,"column":49}}},"fnMap":{"0":{"name":"(anonymous_0)","decl":{"start":{"line":17,"column":8},"end":{"line":17,"column":9}},"loc":{"start":{"line":17,"column":29},"end":{"line":20,"column":1}},"line":17},"1":{"name":"(anonymous_1)","decl":{"start":{"line":22,"column":20},"end":{"line":22,"column":21}},"loc":{"start":{"line":22,"column":32},"end":{"line":32,"column":1}},"line":22},"2":{"name":"(anonymous_2)","decl":{"start":{"line":24,"column":21},"end":{"line":24,"column":22}},"loc":{"start":{"line":24,"column":34},"end":{"line":31,"column":3}},"line":24},"3":{"name":"(anonymous_3)","decl":{"start":{"line":25,"column":41},"end":{"line":25,"column":42}},"loc":{"start":{"line":25,"column":47},"end":{"line":30,"column":5}},"line":25},"4":{"name":"(anonymous_4)","decl":{"start":{"line":34,"column":19},"end":{"line":34,"column":20}},"loc":{"start":{"line":34,"column":31},"end":{"line":37,"column":1}},"line":34},"5":{"name":"(anonymous_5)","decl":{"start":{"line":36,"column":21},"end":{"line":36,"column":22}},"loc":{"start":{"line":36,"column":34},"end":{"line":36,"column":63}},"line":36},"6":{"name":"(anonymous_6)","decl":{"start":{"line":36,"column":47},"end":{"line":36,"column":48}},"loc":{"start":{"line":36,"column":53},"end":{"line":36,"column":62}},"line":36},"7":{"name":"(anonymous_7)","decl":{"start":{"line":47,"column":35},"end":{"line":47,"column":36}},"loc":{"start":{"line":47,"column":47},"end":{"line":49,"column":3}},"line":47},"8":{"name":"(anonymous_8)","decl":{"start":{"line":50,"column":34},"end":{"line":50,"column":35}},"loc":{"start":{"line":50,"column":43},"end":{"line":52,"column":3}},"line":50},"9":{"name":"(anonymous_9)","decl":{"start":{"line":53,"column":19},"end":{"line":53,"column":20}},"loc":{"start":{"line":53,"column":37},"end":{"line":62,"column":3}},"line":53},"10":{"name":"(anonymous_10)","decl":{"start":{"line":63,"column":23},"end":{"line":63,"column":24}},"loc":{"start":{"line":63,"column":29},"end":{"line":63,"column":47}},"line":63},"11":{"name":"(anonymous_11)","decl":{"start":{"line":64,"column":24},"end":{"line":64,"column":25}},"loc":{"start":{"line":64,"column":30},"end":{"line":64,"column":49}},"line":64}},"branchMap":{"0":{"loc":{"start":{"line":39,"column":0},"end":{"line":41,"column":1}},"type":"if","locations":[{"start":{"line":39,"column":0},"end":{"line":41,"column":1}},{"start":{"line":39,"column":0},"end":{"line":41,"column":1}}],"line":39},"1":{"loc":{"start":{"line":46,"column":0},"end":{"line":65,"column":1}},"type":"if","locations":[{"start":{"line":46,"column":0},"end":{"line":65,"column":1}},{"start":{"line":46,"column":0},"end":{"line":65,"column":1}}],"line":46}},"s":{"0":1,"1":1,"2":1,"3":1,"4":1,"5":1,"6":1,"7":1,"8":1,"9":1,"10":1,"11":1,"12":1,"13":0,"14":0,"15":1,"16":1,"17":1,"18":1,"19":1,"20":1,"21":1,"22":1,"23":1,"24":1,"25":1,"26":1,"27":1,"28":1,"29":0,"30":1,"31":1,"32":0,"33":0,"34":0,"35":0,"36":0,"37":0,"38":0,"39":0,"40":0,"41":0,"42":0,"43":0,"44":0,"45":0,"46":0},"f":{"0":0,"1":1,"2":1,"3":1,"4":1,"5":1,"6":1,"7":0,"8":0,"9":0,"10":0,"11":0},"b":{"0":[0,1],"1":[0,1]},"_coverageSchema":"1a1c01bbd47fc00a2c39e90264f33305004495a9","hash":"491d2a02db2b849dd6e1e60ed85d521826f8162c","contentHash":"094247ff2fca89519f0006a85b9a4cc0c4ebb85589fac20c7f909335985206bf"},"c:\\Smart Business AI Assistant\\backend\\src\\config\\config.js":{"path":"c:\\Smart Business AI Assistant\\backend\\src\\config\\config.js","statementMap":{"0":{"start":{"line":4,"column":0},"end":{"line":4,"column":27}},"1":{"start":{"line":6,"column":12},"end":{"line":6,"column":49}},"2":{"start":{"line":7,"column":14},"end":{"line":7,"column":35}},"3":{"start":{"line":8,"column":15},"end":{"line":8,"column":29}},"4":{"start":{"line":9,"column":15},"end":{"line":9,"column":35}},"5":{"start":{"line":11,"column":15},"end":{"line":45,"column":1}},"6":{"start":{"line":47,"column":0},"end":{"line":47,"column":24}}},"fnMap":{},"branchMap":{"0":{"loc":{"start":{"line":6,"column":12},"end":{"line":6,"column":49}},"type":"binary-expr","locations":[{"start":{"line":6,"column":12},"end":{"line":6,"column":32}},{"start":{"line":6,"column":36},"end":{"line":6,"column":49}}],"line":6},"1":{"loc":{"start":{"line":18,"column":15},"end":{"line":18,"column":39}},"type":"binary-expr","locations":[{"start":{"line":18,"column":15},"end":{"line":18,"column":31}},{"start":{"line":18,"column":35},"end":{"line":18,"column":39}}],"line":18},"2":{"loc":{"start":{"line":19,"column":15},"end":{"line":19,"column":66}},"type":"binary-expr","locations":[{"start":{"line":19,"column":15},"end":{"line":19,"column":39}},{"start":{"line":19,"column":43},"end":{"line":19,"column":66}}],"line":19},"3":{"loc":{"start":{"line":23,"column":4},"end":{"line":23,"column":76}},"type":"binary-expr","locations":[{"start":{"line":23,"column":4},"end":{"line":23,"column":27}},{"start":{"line":23,"column":31},"end":{"line":23,"column":76}}],"line":23},"4":{"loc":{"start":{"line":26,"column":28},"end":{"line":26,"column":78}},"type":"binary-expr","locations":[{"start":{"line":26,"column":28},"end":{"line":26,"column":60}},{"start":{"line":26,"column":64},"end":{"line":26,"column":78}}],"line":26},"5":{"loc":{"start":{"line":27,"column":23},"end":{"line":27,"column":56}},"type":"binary-expr","locations":[{"start":{"line":27,"column":23},"end":{"line":27,"column":49}},{"start":{"line":27,"column":53},"end":{"line":27,"column":56}}],"line":27},"6":{"loc":{"start":{"line":30,"column":31},"end":{"line":30,"column":72}},"type":"binary-expr","locations":[{"start":{"line":30,"column":31},"end":{"line":30,"column":64}},{"start":{"line":30,"column":68},"end":{"line":30,"column":72}}],"line":30},"7":{"loc":{"start":{"line":33,"column":12},"end":{"line":33,"column":43}},"type":"binary-expr","locations":[{"start":{"line":33,"column":12},"end":{"line":33,"column":33}},{"start":{"line":33,"column":37},"end":{"line":33,"column":43}}],"line":33},"8":{"loc":{"start":{"line":36,"column":17},"end":{"line":38,"column":26}},"type":"cond-expr","locations":[{"start":{"line":37,"column":6},"end":{"line":37,"column":43}},{"start":{"line":38,"column":6},"end":{"line":38,"column":26}}],"line":36},"9":{"loc":{"start":{"line":43,"column":4},"end":{"line":43,"column":79}},"type":"binary-expr","locations":[{"start":{"line":43,"column":4},"end":{"line":43,"column":26}},{"start":{"line":43,"column":31},"end":{"line":43,"column":78}}],"line":43},"10":{"loc":{"start":{"line":43,"column":31},"end":{"line":43,"column":78}},"type":"cond-expr","locations":[{"start":{"line":43,"column":54},"end":{"line":43,"column":66}},{"start":{"line":43,"column":69},"end":{"line":43,"column":78}}],"line":43},"11":{"loc":{"start":{"line":44,"column":13},"end":{"line":44,"column":43}},"type":"binary-expr","locations":[{"start":{"line":44,"column":13},"end":{"line":44,"column":35}},{"start":{"line":44,"column":39},"end":{"line":44,"column":43}}],"line":44}},"s":{"0":1,"1":1,"2":1,"3":1,"4":1,"5":1,"6":1},"f":{},"b":{"0":[1,0],"1":[1,0],"2":[1,0],"3":[1,0],"4":[1,1],"5":[1,1],"6":[1,1],"7":[1,1],"8":[0,1],"9":[1,0],"10":[0,0],"11":[1,0]},"_coverageSchema":"1a1c01bbd47fc00a2c39e90264f33305004495a9","hash":"42a895230875949ea50700539ac6f64b6af6bb5e","contentHash":"ceaebe5fea1a36b42f9df6ab0bda5c0e71ff3810b90d7626e07b30917aecc844"},"c:\\Smart Business AI Assistant\\backend\\src\\utils\\logger.js":{"path":"c:\\Smart Business AI Assistant\\backend\\src\\utils\\logger.js","statementMap":{"0":{"start":{"line":8,"column":13},"end":{"line":8,"column":28}},"1":{"start":{"line":9,"column":15},"end":{"line":9,"column":42}},"2":{"start":{"line":10,"column":14},"end":{"line":10,"column":26}},"3":{"start":{"line":11,"column":14},"end":{"line":11,"column":29}},"4":{"start":{"line":13,"column":15},"end":{"line":25,"column":19}},"5":{"start":{"line":27,"column":0},"end":{"line":27,"column":24}}},"fnMap":{},"branchMap":{"0":{"loc":{"start":{"line":13,"column":15},"end":{"line":25,"column":19}},"type":"cond-expr","locations":[{"start":{"line":14,"column":4},"end":{"line":24,"column":6}},{"start":{"line":25,"column":4},"end":{"line":25,"column":19}}],"line":13}},"s":{"0":1,"1":1,"2":1,"3":1,"4":1,"5":1},"f":{},"b":{"0":[0,1]},"_coverageSchema":"1a1c01bbd47fc00a2c39e90264f33305004495a9","hash":"db951f8a05838ebb6a028dd4e204d3cfbaf69bff","contentHash":"6586032621c07d16e989d831dacf9e0390dea2c3922bbd49f910152133cc9586"},"c:\\Smart Business AI Assistant\\backend\\src\\app.js":{"path":"c:\\Smart Business AI Assistant\\backend\\src\\app.js","statementMap":{"0":{"start":{"line":1,"column":16},"end":{"line":1,"column":34}},"1":{"start":{"line":2,"column":13},"end":{"line":2,"column":28}},"2":{"start":{"line":3,"column":15},"end":{"line":3,"column":32}},"3":{"start":{"line":4,"column":20},"end":{"line":4,"column":42}},"4":{"start":{"line":5,"column":18},"end":{"line":5,"column":47}},"5":{"start":{"line":6,"column":13},"end":{"line":6,"column":28}},"6":{"start":{"line":7,"column":17},"end":{"line":7,"column":37}},"7":{"start":{"line":8,"column":15},"end":{"line":8,"column":37}},"8":{"start":{"line":9,"column":17},"end":{"line":9,"column":36}},"9":{"start":{"line":10,"column":15},"end":{"line":10,"column":41}},"10":{"start":{"line":13,"column":19},"end":{"line":13,"column":43}},"11":{"start":{"line":14,"column":19},"end":{"line":14,"column":44}},"12":{"start":{"line":15,"column":23},"end":{"line":15,"column":53}},"13":{"start":{"line":16,"column":22},"end":{"line":16,"column":50}},"14":{"start":{"line":17,"column":20},"end":{"line":17,"column":46}},"15":{"start":{"line":18,"column":27},"end":{"line":18,"column":60}},"16":{"start":{"line":19,"column":20},"end":{"line":19,"column":45}},"17":{"start":{"line":20,"column":29},"end":{"line":20,"column":65}},"18":{"start":{"line":22,"column":17},"end":{"line":22,"column":21}},"19":{"start":{"line":23,"column":0},"end":{"line":27,"column":1}},"20":{"start":{"line":24,"column":2},"end":{"line":26,"column":16}},"21":{"start":{"line":25,"column":4},"end":{"line":25,"column":42}},"22":{"start":{"line":30,"column":14},"end":{"line":30,"column":24}},"23":{"start":{"line":31,"column":17},"end":{"line":31,"column":30}},"24":{"start":{"line":32,"column":16},"end":{"line":32,"column":28}},"25":{"start":{"line":34,"column":14},"end":{"line":34,"column":23}},"26":{"start":{"line":37,"column":2},"end":{"line":37,"column":20}},"27":{"start":{"line":39,"column":2},"end":{"line":39,"column":67}},"28":{"start":{"line":42,"column":18},"end":{"line":48,"column":4}},"29":{"start":{"line":47,"column":16},"end":{"line":47,"column":22}},"30":{"start":{"line":49,"column":2},"end":{"line":49,"column":28}},"31":{"start":{"line":52,"column":2},"end":{"line":64,"column":4}},"32":{"start":{"line":65,"column":2},"end":{"line":65,"column":27}},"33":{"start":{"line":68,"column":2},"end":{"line":68,"column":43}},"34":{"start":{"line":69,"column":2},"end":{"line":69,"column":65}},"35":{"start":{"line":72,"column":21},"end":{"line":86,"column":3}},"36":{"start":{"line":87,"column":2},"end":{"line":97,"column":4}},"37":{"start":{"line":92,"column":8},"end":{"line":92,"column":57}},"38":{"start":{"line":92,"column":42},"end":{"line":92,"column":57}},"39":{"start":{"line":93,"column":8},"end":{"line":93,"column":49}},"40":{"start":{"line":93,"column":35},"end":{"line":93,"column":49}},"41":{"start":{"line":94,"column":8},"end":{"line":94,"column":22}},"42":{"start":{"line":100,"column":2},"end":{"line":116,"column":5}},"43":{"start":{"line":101,"column":16},"end":{"line":101,"column":37}},"44":{"start":{"line":102,"column":4},"end":{"line":115,"column":7}},"45":{"start":{"line":120,"column":2},"end":{"line":124,"column":5}},"46":{"start":{"line":121,"column":20},"end":{"line":121,"column":56}},"47":{"start":{"line":122,"column":4},"end":{"line":122,"column":75}},"48":{"start":{"line":122,"column":17},"end":{"line":122,"column":75}},"49":{"start":{"line":123,"column":4},"end":{"line":123,"column":66}},"50":{"start":{"line":127,"column":2},"end":{"line":127,"column":35}},"51":{"start":{"line":128,"column":2},"end":{"line":128,"column":36}},"52":{"start":{"line":129,"column":2},"end":{"line":129,"column":45}},"53":{"start":{"line":130,"column":2},"end":{"line":130,"column":42}},"54":{"start":{"line":131,"column":2},"end":{"line":131,"column":38}},"55":{"start":{"line":132,"column":2},"end":{"line":132,"column":52}},"56":{"start":{"line":133,"column":2},"end":{"line":133,"column":37}},"57":{"start":{"line":134,"column":2},"end":{"line":134,"column":57}},"58":{"start":{"line":135,"column":2},"end":{"line":137,"column":3}},"59":{"start":{"line":136,"column":4},"end":{"line":136,"column":37}},"60":{"start":{"line":140,"column":2},"end":{"line":148,"column":5}},"61":{"start":{"line":142,"column":4},"end":{"line":147,"column":9}},"62":{"start":{"line":151,"column":2},"end":{"line":153,"column":4}},"63":{"start":{"line":152,"column":4},"end":{"line":152,"column":56}},"64":{"start":{"line":156,"column":2},"end":{"line":166,"column":3}},"65":{"start":{"line":157,"column":4},"end":{"line":157,"column":61}},"66":{"start":{"line":158,"column":4},"end":{"line":165,"column":7}},"67":{"start":{"line":159,"column":6},"end":{"line":164,"column":7}},"68":{"start":{"line":160,"column":8},"end":{"line":160,"column":61}},"69":{"start":{"line":161,"column":8},"end":{"line":161,"column":49}},"70":{"start":{"line":163,"column":8},"end":{"line":163,"column":40}},"71":{"start":{"line":168,"column":2},"end":{"line":168,"column":13}},"72":{"start":{"line":171,"column":0},"end":{"line":171,"column":31}}},"fnMap":{"0":{"name":"createApp","decl":{"start":{"line":29,"column":9},"end":{"line":29,"column":18}},"loc":{"start":{"line":29,"column":21},"end":{"line":169,"column":1}},"line":29},"1":{"name":"(anonymous_1)","decl":{"start":{"line":47,"column":10},"end":{"line":47,"column":11}},"loc":{"start":{"line":47,"column":16},"end":{"line":47,"column":22}},"line":47},"2":{"name":"(anonymous_2)","decl":{"start":{"line":91,"column":22},"end":{"line":91,"column":23}},"loc":{"start":{"line":91,"column":48},"end":{"line":95,"column":7}},"line":91},"3":{"name":"(anonymous_3)","decl":{"start":{"line":100,"column":21},"end":{"line":100,"column":22}},"loc":{"start":{"line":100,"column":36},"end":{"line":116,"column":3}},"line":100},"4":{"name":"(anonymous_4)","decl":{"start":{"line":120,"column":20},"end":{"line":120,"column":21}},"loc":{"start":{"line":120,"column":35},"end":{"line":124,"column":3}},"line":120},"5":{"name":"(anonymous_5)","decl":{"start":{"line":140,"column":10},"end":{"line":140,"column":11}},"loc":{"start":{"line":140,"column":37},"end":{"line":148,"column":3}},"line":140},"6":{"name":"(anonymous_6)","decl":{"start":{"line":151,"column":15},"end":{"line":151,"column":16}},"loc":{"start":{"line":152,"column":4},"end":{"line":152,"column":56}},"line":152},"7":{"name":"(anonymous_7)","decl":{"start":{"line":158,"column":24},"end":{"line":158,"column":25}},"loc":{"start":{"line":158,"column":45},"end":{"line":165,"column":5}},"line":158}},"branchMap":{"0":{"loc":{"start":{"line":23,"column":0},"end":{"line":27,"column":1}},"type":"if","locations":[{"start":{"line":23,"column":0},"end":{"line":27,"column":1}},{"start":{"line":23,"column":0},"end":{"line":27,"column":1}}],"line":23},"1":{"loc":{"start":{"line":73,"column":4},"end":{"line":85,"column":34}},"type":"cond-expr","locations":[{"start":{"line":74,"column":8},"end":{"line":84,"column":9}},{"start":{"line":85,"column":8},"end":{"line":85,"column":34}}],"line":73},"2":{"loc":{"start":{"line":92,"column":8},"end":{"line":92,"column":57}},"type":"if","locations":[{"start":{"line":92,"column":8},"end":{"line":92,"column":57}},{"start":{"line":92,"column":8},"end":{"line":92,"column":57}}],"line":92},"3":{"loc":{"start":{"line":92,"column":12},"end":{"line":92,"column":40}},"type":"binary-expr","locations":[{"start":{"line":92,"column":12},"end":{"line":92,"column":33}},{"start":{"line":92,"column":37},"end":{"line":92,"column":40}}],"line":92},"4":{"loc":{"start":{"line":93,"column":8},"end":{"line":93,"column":49}},"type":"if","locations":[{"start":{"line":93,"column":8},"end":{"line":93,"column":49}},{"start":{"line":93,"column":8},"end":{"line":93,"column":49}}],"line":93},"5":{"loc":{"start":{"line":107,"column":8},"end":{"line":107,"column":75}},"type":"cond-expr","locations":[{"start":{"line":107,"column":47},"end":{"line":107,"column":58}},{"start":{"line":107,"column":61},"end":{"line":107,"column":75}}],"line":107},"6":{"loc":{"start":{"line":122,"column":4},"end":{"line":122,"column":75}},"type":"if","locations":[{"start":{"line":122,"column":4},"end":{"line":122,"column":75}},{"start":{"line":122,"column":4},"end":{"line":122,"column":75}}],"line":122},"7":{"loc":{"start":{"line":135,"column":2},"end":{"line":137,"column":3}},"type":"if","locations":[{"start":{"line":135,"column":2},"end":{"line":137,"column":3}},{"start":{"line":135,"column":2},"end":{"line":137,"column":3}}],"line":135},"8":{"loc":{"start":{"line":135,"column":6},"end":{"line":135,"column":26}},"type":"binary-expr","locations":[{"start":{"line":135,"column":6},"end":{"line":135,"column":12}},{"start":{"line":135,"column":16},"end":{"line":135,"column":26}}],"line":135},"9":{"loc":{"start":{"line":146,"column":15},"end":{"line":146,"column":60}},"type":"cond-expr","locations":[{"start":{"line":146,"column":23},"end":{"line":146,"column":34}},{"start":{"line":146,"column":37},"end":{"line":146,"column":60}}],"line":146},"10":{"loc":{"start":{"line":156,"column":2},"end":{"line":166,"column":3}},"type":"if","locations":[{"start":{"line":156,"column":2},"end":{"line":166,"column":3}},{"start":{"line":156,"column":2},"end":{"line":166,"column":3}}],"line":156}},"s":{"0":1,"1":1,"2":1,"3":1,"4":1,"5":1,"6":1,"7":1,"8":1,"9":1,"10":1,"11":1,"12":1,"13":1,"14":1,"15":1,"16":1,"17":1,"18":1,"19":1,"20":1,"21":1,"22":1,"23":1,"24":1,"25":1,"26":1,"27":1,"28":1,"29":64,"30":1,"31":1,"32":1,"33":1,"34":1,"35":1,"36":1,"37":0,"38":0,"39":0,"40":0,"41":0,"42":1,"43":0,"44":0,"45":1,"46":0,"47":0,"48":0,"49":0,"50":1,"51":1,"52":1,"53":1,"54":1,"55":1,"56":1,"57":1,"58":1,"59":1,"60":1,"61":0,"62":1,"63":0,"64":1,"65":1,"66":1,"67":0,"68":0,"69":0,"70":0,"71":1,"72":1},"f":{"0":1,"1":64,"2":0,"3":0,"4":0,"5":0,"6":0,"7":0},"b":{"0":[1,0],"1":[0,1],"2":[0,0],"3":[0,0],"4":[0,0],"5":[0,0],"6":[0,0],"7":[1,0],"8":[1,1],"9":[0,0],"10":[1,0]},"_coverageSchema":"1a1c01bbd47fc00a2c39e90264f33305004495a9","hash":"3d574aedf0cfc62ff97aeee4af9972c7bcf02565","contentHash":"cc3359380d316e0c3816e513620f8d917d95f103c67427ecb8d22b3d7025805d"},"c:\\Smart Business AI Assistant\\backend\\src\\routes\\auth.js":{"path":"c:\\Smart Business AI Assistant\\backend\\src\\routes\\auth.js","statementMap":{"0":{"start":{"line":6,"column":16},"end":{"line":6,"column":34}},"1":{"start":{"line":7,"column":12},"end":{"line":7,"column":26}},"2":{"start":{"line":8,"column":17},"end":{"line":8,"column":50}},"3":{"start":{"line":9,"column":48},"end":{"line":9,"column":77}},"4":{"start":{"line":10,"column":19},"end":{"line":10,"column":60}},"5":{"start":{"line":11,"column":15},"end":{"line":11,"column":31}},"6":{"start":{"line":14,"column":20},"end":{"line":18,"column":1}},"7":{"start":{"line":19,"column":24},"end":{"line":23,"column":1}},"8":{"start":{"line":28,"column":0},"end":{"line":43,"column":2}},"9":{"start":{"line":48,"column":0},"end":{"line":58,"column":2}},"10":{"start":{"line":63,"column":0},"end":{"line":63,"column":42}},"11":{"start":{"line":68,"column":0},"end":{"line":81,"column":2}},"12":{"start":{"line":86,"column":0},"end":{"line":97,"column":2}},"13":{"start":{"line":102,"column":0},"end":{"line":102,"column":51}},"14":{"start":{"line":107,"column":0},"end":{"line":121,"column":2}},"15":{"start":{"line":123,"column":0},"end":{"line":123,"column":24}}},"fnMap":{},"branchMap":{},"s":{"0":1,"1":1,"2":1,"3":1,"4":1,"5":1,"6":1,"7":1,"8":1,"9":1,"10":1,"11":1,"12":1,"13":1,"14":1,"15":1},"f":{},"b":{},"_coverageSchema":"1a1c01bbd47fc00a2c39e90264f33305004495a9","hash":"21e0bc51aa718fd479bb207e2cb4b7ba47f563d6","contentHash":"174a11f339a9ef0ccad259cd4689b2ec769643ad0ef9eb1efaeae6d1a2e2e093"},"c:\\Smart Business AI Assistant\\backend\\src\\middleware\\validate.js":{"path":"c:\\Smart Business AI Assistant\\backend\\src\\middleware\\validate.js","statementMap":{"0":{"start":{"line":1,"column":12},"end":{"line":1,"column":26}},"1":{"start":{"line":18,"column":0},"end":{"line":48,"column":2}},"2":{"start":{"line":19,"column":2},"end":{"line":47,"column":4}},"3":{"start":{"line":20,"column":4},"end":{"line":46,"column":5}},"4":{"start":{"line":21,"column":20},"end":{"line":21,"column":47}},"5":{"start":{"line":22,"column":6},"end":{"line":42,"column":7}},"6":{"start":{"line":23,"column":8},"end":{"line":23,"column":37}},"7":{"start":{"line":23,"column":28},"end":{"line":23,"column":37}},"8":{"start":{"line":24,"column":23},"end":{"line":24,"column":36}},"9":{"start":{"line":25,"column":33},"end":{"line":29,"column":10}},"10":{"start":{"line":30,"column":8},"end":{"line":40,"column":9}},"11":{"start":{"line":31,"column":10},"end":{"line":39,"column":13}},"12":{"start":{"line":34,"column":47},"end":{"line":38,"column":13}},"13":{"start":{"line":41,"column":8},"end":{"line":41,"column":26}},"14":{"start":{"line":43,"column":6},"end":{"line":43,"column":13}},"15":{"start":{"line":45,"column":6},"end":{"line":45,"column":16}}},"fnMap":{"0":{"name":"validate","decl":{"start":{"line":18,"column":26},"end":{"line":18,"column":34}},"loc":{"start":{"line":18,"column":49},"end":{"line":48,"column":1}},"line":18},"1":{"name":"(anonymous_1)","decl":{"start":{"line":19,"column":9},"end":{"line":19,"column":10}},"loc":{"start":{"line":19,"column":29},"end":{"line":47,"column":3}},"line":19},"2":{"name":"(anonymous_2)","decl":{"start":{"line":34,"column":39},"end":{"line":34,"column":40}},"loc":{"start":{"line":34,"column":47},"end":{"line":38,"column":13}},"line":34}},"branchMap":{"0":{"loc":{"start":{"line":18,"column":35},"end":{"line":18,"column":47}},"type":"default-arg","locations":[{"start":{"line":18,"column":45},"end":{"line":18,"column":47}}],"line":18},"1":{"loc":{"start":{"line":23,"column":8},"end":{"line":23,"column":37}},"type":"if","locations":[{"start":{"line":23,"column":8},"end":{"line":23,"column":37}},{"start":{"line":23,"column":8},"end":{"line":23,"column":37}}],"line":23},"2":{"loc":{"start":{"line":30,"column":8},"end":{"line":40,"column":9}},"type":"if","locations":[{"start":{"line":30,"column":8},"end":{"line":40,"column":9}},{"start":{"line":30,"column":8},"end":{"line":40,"column":9}}],"line":30}},"s":{"0":1,"1":1,"2":36,"3":49,"4":49,"5":49,"6":145,"7":93,"8":52,"9":52,"10":52,"11":1,"12":2,"13":51,"14":48,"15":0},"f":{"0":36,"1":49,"2":2},"b":{"0":[0],"1":[93,52],"2":[1,51]},"_coverageSchema":"1a1c01bbd47fc00a2c39e90264f33305004495a9","hash":"78b0d46250d7514f205776a7e16b5294b8906ac4","contentHash":"80425980971e053e04da7a40c62497b2edfa2a385656e8811a8bc2160d81ba27"},"c:\\Smart Business AI Assistant\\backend\\src\\middleware\\auth.js":{"path":"c:\\Smart Business AI Assistant\\backend\\src\\middleware\\auth.js","statementMap":{"0":{"start":{"line":22,"column":12},"end":{"line":22,"column":35}},"1":{"start":{"line":23,"column":15},"end":{"line":23,"column":42}},"2":{"start":{"line":24,"column":13},"end":{"line":24,"column":44}},"3":{"start":{"line":27,"column":0},"end":{"line":83,"column":2}},"4":{"start":{"line":28,"column":2},"end":{"line":82,"column":3}},"5":{"start":{"line":32,"column":4},"end":{"line":37,"column":5}},"6":{"start":{"line":36,"column":6},"end":{"line":36,"column":54}},"7":{"start":{"line":40,"column":4},"end":{"line":45,"column":5}},"8":{"start":{"line":41,"column":6},"end":{"line":44,"column":9}},"9":{"start":{"line":47,"column":4},"end":{"line":76,"column":5}},"10":{"start":{"line":49,"column":22},"end":{"line":49,"column":57}},"11":{"start":{"line":52,"column":19},"end":{"line":52,"column":70}},"12":{"start":{"line":54,"column":6},"end":{"line":59,"column":7}},"13":{"start":{"line":55,"column":8},"end":{"line":58,"column":11}},"14":{"start":{"line":61,"column":6},"end":{"line":66,"column":7}},"15":{"start":{"line":62,"column":8},"end":{"line":65,"column":11}},"16":{"start":{"line":69,"column":6},"end":{"line":69,"column":22}},"17":{"start":{"line":70,"column":6},"end":{"line":70,"column":13}},"18":{"start":{"line":72,"column":6},"end":{"line":75,"column":9}},"19":{"start":{"line":78,"column":4},"end":{"line":81,"column":7}},"20":{"start":{"line":86,"column":0},"end":{"line":104,"column":2}},"21":{"start":{"line":87,"column":2},"end":{"line":103,"column":4}},"22":{"start":{"line":88,"column":4},"end":{"line":93,"column":5}},"23":{"start":{"line":89,"column":6},"end":{"line":92,"column":9}},"24":{"start":{"line":95,"column":4},"end":{"line":100,"column":5}},"25":{"start":{"line":96,"column":6},"end":{"line":99,"column":9}},"26":{"start":{"line":102,"column":4},"end":{"line":102,"column":11}},"27":{"start":{"line":107,"column":0},"end":{"line":136,"column":2}},"28":{"start":{"line":108,"column":2},"end":{"line":135,"column":3}},"29":{"start":{"line":111,"column":4},"end":{"line":116,"column":5}},"30":{"start":{"line":115,"column":6},"end":{"line":115,"column":54}},"31":{"start":{"line":118,"column":4},"end":{"line":130,"column":5}},"32":{"start":{"line":119,"column":6},"end":{"line":129,"column":7}},"33":{"start":{"line":120,"column":24},"end":{"line":120,"column":59}},"34":{"start":{"line":121,"column":21},"end":{"line":121,"column":72}},"35":{"start":{"line":123,"column":8},"end":{"line":125,"column":9}},"36":{"start":{"line":124,"column":10},"end":{"line":124,"column":26}},"37":{"start":{"line":128,"column":8},"end":{"line":128,"column":70}},"38":{"start":{"line":132,"column":4},"end":{"line":132,"column":11}},"39":{"start":{"line":134,"column":4},"end":{"line":134,"column":11}},"40":{"start":{"line":139,"column":0},"end":{"line":206,"column":2}},"41":{"start":{"line":140,"column":2},"end":{"line":205,"column":4}},"42":{"start":{"line":141,"column":4},"end":{"line":204,"column":5}},"43":{"start":{"line":142,"column":25},"end":{"line":142,"column":38}},"44":{"start":{"line":145,"column":6},"end":{"line":196,"column":7}},"45":{"start":{"line":147,"column":27},"end":{"line":147,"column":62}},"46":{"start":{"line":148,"column":10},"end":{"line":148,"column":57}},"47":{"start":{"line":149,"column":10},"end":{"line":154,"column":11}},"48":{"start":{"line":150,"column":12},"end":{"line":153,"column":15}},"49":{"start":{"line":155,"column":10},"end":{"line":163,"column":11}},"50":{"start":{"line":159,"column":12},"end":{"line":162,"column":15}},"51":{"start":{"line":164,"column":10},"end":{"line":164,"column":34}},"52":{"start":{"line":165,"column":10},"end":{"line":165,"column":16}},"53":{"start":{"line":168,"column":24},"end":{"line":168,"column":56}},"54":{"start":{"line":169,"column":10},"end":{"line":169,"column":75}},"55":{"start":{"line":170,"column":10},"end":{"line":175,"column":11}},"56":{"start":{"line":171,"column":12},"end":{"line":174,"column":15}},"57":{"start":{"line":177,"column":29},"end":{"line":177,"column":73}},"58":{"start":{"line":178,"column":27},"end":{"line":178,"column":77}},"59":{"start":{"line":179,"column":26},"end":{"line":179,"column":51}},"60":{"start":{"line":181,"column":10},"end":{"line":187,"column":11}},"61":{"start":{"line":182,"column":12},"end":{"line":186,"column":15}},"62":{"start":{"line":188,"column":10},"end":{"line":188,"column":31}},"63":{"start":{"line":189,"column":10},"end":{"line":189,"column":16}},"64":{"start":{"line":192,"column":10},"end":{"line":195,"column":13}},"65":{"start":{"line":198,"column":6},"end":{"line":198,"column":13}},"66":{"start":{"line":200,"column":6},"end":{"line":203,"column":9}},"67":{"start":{"line":209,"column":0},"end":{"line":227,"column":2}},"68":{"start":{"line":210,"column":20},"end":{"line":210,"column":49}},"69":{"start":{"line":213,"column":2},"end":{"line":215,"column":3}},"70":{"start":{"line":214,"column":4},"end":{"line":214,"column":40}},"71":{"start":{"line":214,"column":33},"end":{"line":214,"column":39}},"72":{"start":{"line":217,"column":2},"end":{"line":226,"column":5}},"73":{"start":{"line":230,"column":0},"end":{"line":254,"column":2}},"74":{"start":{"line":231,"column":17},"end":{"line":231,"column":41}},"75":{"start":{"line":233,"column":2},"end":{"line":238,"column":3}},"76":{"start":{"line":234,"column":4},"end":{"line":237,"column":7}},"77":{"start":{"line":241,"column":23},"end":{"line":244,"column":19}},"78":{"start":{"line":246,"column":2},"end":{"line":251,"column":3}},"79":{"start":{"line":247,"column":4},"end":{"line":250,"column":7}},"80":{"start":{"line":253,"column":2},"end":{"line":253,"column":9}}},"fnMap":{"0":{"name":"(anonymous_0)","decl":{"start":{"line":27,"column":18},"end":{"line":27,"column":19}},"loc":{"start":{"line":27,"column":44},"end":{"line":83,"column":1}},"line":27},"1":{"name":"(anonymous_1)","decl":{"start":{"line":86,"column":20},"end":{"line":86,"column":21}},"loc":{"start":{"line":86,"column":34},"end":{"line":104,"column":1}},"line":86},"2":{"name":"(anonymous_2)","decl":{"start":{"line":87,"column":9},"end":{"line":87,"column":10}},"loc":{"start":{"line":87,"column":29},"end":{"line":103,"column":3}},"line":87},"3":{"name":"(anonymous_3)","decl":{"start":{"line":107,"column":23},"end":{"line":107,"column":24}},"loc":{"start":{"line":107,"column":49},"end":{"line":136,"column":1}},"line":107},"4":{"name":"(anonymous_4)","decl":{"start":{"line":139,"column":25},"end":{"line":139,"column":26}},"loc":{"start":{"line":139,"column":43},"end":{"line":206,"column":1}},"line":139},"5":{"name":"(anonymous_5)","decl":{"start":{"line":140,"column":9},"end":{"line":140,"column":10}},"loc":{"start":{"line":140,"column":35},"end":{"line":205,"column":3}},"line":140},"6":{"name":"(anonymous_6)","decl":{"start":{"line":209,"column":26},"end":{"line":209,"column":27}},"loc":{"start":{"line":209,"column":54},"end":{"line":227,"column":1}},"line":209},"7":{"name":"(anonymous_7)","decl":{"start":{"line":214,"column":11},"end":{"line":214,"column":12}},"loc":{"start":{"line":214,"column":33},"end":{"line":214,"column":39}},"line":214},"8":{"name":"(anonymous_8)","decl":{"start":{"line":230,"column":25},"end":{"line":230,"column":26}},"loc":{"start":{"line":230,"column":45},"end":{"line":254,"column":1}},"line":230}},"branchMap":{"0":{"loc":{"start":{"line":32,"column":4},"end":{"line":37,"column":5}},"type":"if","locations":[{"start":{"line":32,"column":4},"end":{"line":37,"column":5}},{"start":{"line":32,"column":4},"end":{"line":37,"column":5}}],"line":32},"1":{"loc":{"start":{"line":33,"column":6},"end":{"line":34,"column":52}},"type":"binary-expr","locations":[{"start":{"line":33,"column":6},"end":{"line":33,"column":31}},{"start":{"line":34,"column":6},"end":{"line":34,"column":52}}],"line":33},"2":{"loc":{"start":{"line":40,"column":4},"end":{"line":45,"column":5}},"type":"if","locations":[{"start":{"line":40,"column":4},"end":{"line":45,"column":5}},{"start":{"line":40,"column":4},"end":{"line":45,"column":5}}],"line":40},"3":{"loc":{"start":{"line":54,"column":6},"end":{"line":59,"column":7}},"type":"if","locations":[{"start":{"line":54,"column":6},"end":{"line":59,"column":7}},{"start":{"line":54,"column":6},"end":{"line":59,"column":7}}],"line":54},"4":{"loc":{"start":{"line":61,"column":6},"end":{"line":66,"column":7}},"type":"if","locations":[{"start":{"line":61,"column":6},"end":{"line":66,"column":7}},{"start":{"line":61,"column":6},"end":{"line":66,"column":7}}],"line":61},"5":{"loc":{"start":{"line":88,"column":4},"end":{"line":93,"column":5}},"type":"if","locations":[{"start":{"line":88,"column":4},"end":{"line":93,"column":5}},{"start":{"line":88,"column":4},"end":{"line":93,"column":5}}],"line":88},"6":{"loc":{"start":{"line":95,"column":4},"end":{"line":100,"column":5}},"type":"if","locations":[{"start":{"line":95,"column":4},"end":{"line":100,"column":5}},{"start":{"line":95,"column":4},"end":{"line":100,"column":5}}],"line":95},"7":{"loc":{"start":{"line":111,"column":4},"end":{"line":116,"column":5}},"type":"if","locations":[{"start":{"line":111,"column":4},"end":{"line":116,"column":5}},{"start":{"line":111,"column":4},"end":{"line":116,"column":5}}],"line":111},"8":{"loc":{"start":{"line":112,"column":6},"end":{"line":113,"column":52}},"type":"binary-expr","locations":[{"start":{"line":112,"column":6},"end":{"line":112,"column":31}},{"start":{"line":113,"column":6},"end":{"line":113,"column":52}}],"line":112},"9":{"loc":{"start":{"line":118,"column":4},"end":{"line":130,"column":5}},"type":"if","locations":[{"start":{"line":118,"column":4},"end":{"line":130,"column":5}},{"start":{"line":118,"column":4},"end":{"line":130,"column":5}}],"line":118},"10":{"loc":{"start":{"line":123,"column":8},"end":{"line":125,"column":9}},"type":"if","locations":[{"start":{"line":123,"column":8},"end":{"line":125,"column":9}},{"start":{"line":123,"column":8},"end":{"line":125,"column":9}}],"line":123},"11":{"loc":{"start":{"line":123,"column":12},"end":{"line":123,"column":33}},"type":"binary-expr","locations":[{"start":{"line":123,"column":12},"end":{"line":123,"column":16}},{"start":{"line":123,"column":20},"end":{"line":123,"column":33}}],"line":123},"12":{"loc":{"start":{"line":145,"column":6},"end":{"line":196,"column":7}},"type":"switch","locations":[{"start":{"line":146,"column":8},"end":{"line":165,"column":16}},{"start":{"line":167,"column":8},"end":{"line":189,"column":16}},{"start":{"line":191,"column":8},"end":{"line":195,"column":13}}],"line":145},"13":{"loc":{"start":{"line":149,"column":10},"end":{"line":154,"column":11}},"type":"if","locations":[{"start":{"line":149,"column":10},"end":{"line":154,"column":11}},{"start":{"line":149,"column":10},"end":{"line":154,"column":11}}],"line":149},"14":{"loc":{"start":{"line":155,"column":10},"end":{"line":163,"column":11}},"type":"if","locations":[{"start":{"line":155,"column":10},"end":{"line":163,"column":11}},{"start":{"line":155,"column":10},"end":{"line":163,"column":11}}],"line":155},"15":{"loc":{"start":{"line":156,"column":12},"end":{"line":157,"column":37}},"type":"binary-expr","locations":[{"start":{"line":156,"column":12},"end":{"line":156,"column":53}},{"start":{"line":157,"column":12},"end":{"line":157,"column":37}}],"line":156},"16":{"loc":{"start":{"line":170,"column":10},"end":{"line":175,"column":11}},"type":"if","locations":[{"start":{"line":170,"column":10},"end":{"line":175,"column":11}},{"start":{"line":170,"column":10},"end":{"line":175,"column":11}}],"line":170},"17":{"loc":{"start":{"line":181,"column":10},"end":{"line":187,"column":11}},"type":"if","locations":[{"start":{"line":181,"column":10},"end":{"line":187,"column":11}},{"start":{"line":181,"column":10},"end":{"line":187,"column":11}}],"line":181},"18":{"loc":{"start":{"line":181,"column":14},"end":{"line":181,"column":50}},"type":"binary-expr","locations":[{"start":{"line":181,"column":14},"end":{"line":181,"column":25}},{"start":{"line":181,"column":29},"end":{"line":181,"column":38}},{"start":{"line":181,"column":42},"end":{"line":181,"column":50}}],"line":181},"19":{"loc":{"start":{"line":213,"column":2},"end":{"line":215,"column":3}},"type":"if","locations":[{"start":{"line":213,"column":2},"end":{"line":215,"column":3}},{"start":{"line":213,"column":2},"end":{"line":215,"column":3}}],"line":213},"20":{"loc":{"start":{"line":222,"column":15},"end":{"line":222,"column":70}},"type":"binary-expr","locations":[{"start":{"line":222,"column":15},"end":{"line":222,"column":22}},{"start":{"line":222,"column":26},"end":{"line":222,"column":70}}],"line":222},"21":{"loc":{"start":{"line":233,"column":2},"end":{"line":238,"column":3}},"type":"if","locations":[{"start":{"line":233,"column":2},"end":{"line":238,"column":3}},{"start":{"line":233,"column":2},"end":{"line":238,"column":3}}],"line":233},"22":{"loc":{"start":{"line":246,"column":2},"end":{"line":251,"column":3}},"type":"if","locations":[{"start":{"line":246,"column":2},"end":{"line":251,"column":3}},{"start":{"line":246,"column":2},"end":{"line":251,"column":3}}],"line":246}},"s":{"0":1,"1":1,"2":1,"3":1,"4":31,"5":31,"6":31,"7":31,"8":0,"9":31,"10":31,"11":30,"12":30,"13":0,"14":30,"15":0,"16":30,"17":30,"18":1,"19":0,"20":1,"21":23,"22":25,"23":0,"24":25,"25":2,"26":23,"27":1,"28":0,"29":0,"30":0,"31":0,"32":0,"33":0,"34":0,"35":0,"36":0,"37":0,"38":0,"39":0,"40":1,"41":0,"42":0,"43":0,"44":0,"45":0,"46":0,"47":0,"48":0,"49":0,"50":0,"51":0,"52":0,"53":0,"54":0,"55":0,"56":0,"57":0,"58":0,"59":0,"60":0,"61":0,"62":0,"63":0,"64":0,"65":0,"66":0,"67":1,"68":3,"69":3,"70":3,"71":25,"72":0,"73":1,"74":0,"75":0,"76":0,"77":0,"78":0,"79":0,"80":0},"f":{"0":31,"1":23,"2":25,"3":0,"4":0,"5":0,"6":3,"7":25,"8":0},"b":{"0":[31,0],"1":[31,31],"2":[0,31],"3":[0,30],"4":[0,30],"5":[0,25],"6":[2,23],"7":[0,0],"8":[0,0],"9":[0,0],"10":[0,0],"11":[0,0],"12":[0,0,0],"13":[0,0],"14":[0,0],"15":[0,0],"16":[0,0],"17":[0,0],"18":[0,0,0],"19":[3,0],"20":[0,0],"21":[0,0],"22":[0,0]},"_coverageSchema":"1a1c01bbd47fc00a2c39e90264f33305004495a9","hash":"c0f66743d1db087d4bcda2340f194e9a4bc59eae","contentHash":"1da254458814cbf32f544efc52d5a202cab9e637cd72b9ec4b71689f8a5426a0"},"c:\\Smart Business AI Assistant\\backend\\src\\models\\user.model.js":{"path":"c:\\Smart Business AI Assistant\\backend\\src\\models\\user.model.js","statementMap":{"0":{"start":{"line":18,"column":17},"end":{"line":18,"column":36}},"1":{"start":{"line":19,"column":15},"end":{"line":19,"column":34}},"2":{"start":{"line":21,"column":19},"end":{"line":101,"column":1}},"3":{"start":{"line":104,"column":0},"end":{"line":104,"column":56}},"4":{"start":{"line":107,"column":0},"end":{"line":109,"column":3}},"5":{"start":{"line":108,"column":2},"end":{"line":108,"column":46}},"6":{"start":{"line":112,"column":0},"end":{"line":122,"column":3}},"7":{"start":{"line":113,"column":2},"end":{"line":113,"column":50}},"8":{"start":{"line":113,"column":36},"end":{"line":113,"column":50}},"9":{"start":{"line":115,"column":2},"end":{"line":121,"column":3}},"10":{"start":{"line":116,"column":17},"end":{"line":116,"column":41}},"11":{"start":{"line":117,"column":4},"end":{"line":117,"column":59}},"12":{"start":{"line":118,"column":4},"end":{"line":118,"column":11}},"13":{"start":{"line":120,"column":4},"end":{"line":120,"column":16}},"14":{"start":{"line":125,"column":0},"end":{"line":127,"column":2}},"15":{"start":{"line":126,"column":2},"end":{"line":126,"column":64}},"16":{"start":{"line":130,"column":0},"end":{"line":133,"column":2}},"17":{"start":{"line":131,"column":2},"end":{"line":131,"column":30}},"18":{"start":{"line":132,"column":2},"end":{"line":132,"column":50}},"19":{"start":{"line":136,"column":0},"end":{"line":147,"column":3}},"20":{"start":{"line":138,"column":4},"end":{"line":138,"column":21}},"21":{"start":{"line":139,"column":4},"end":{"line":139,"column":19}},"22":{"start":{"line":140,"column":4},"end":{"line":140,"column":19}},"23":{"start":{"line":141,"column":4},"end":{"line":141,"column":24}},"24":{"start":{"line":142,"column":4},"end":{"line":142,"column":33}},"25":{"start":{"line":143,"column":4},"end":{"line":143,"column":34}},"26":{"start":{"line":144,"column":4},"end":{"line":144,"column":35}},"27":{"start":{"line":145,"column":4},"end":{"line":145,"column":15}},"28":{"start":{"line":149,"column":0},"end":{"line":149,"column":52}}},"fnMap":{"0":{"name":"(anonymous_0)","decl":{"start":{"line":107,"column":35},"end":{"line":107,"column":36}},"loc":{"start":{"line":107,"column":47},"end":{"line":109,"column":1}},"line":107},"1":{"name":"(anonymous_1)","decl":{"start":{"line":112,"column":23},"end":{"line":112,"column":24}},"loc":{"start":{"line":112,"column":45},"end":{"line":122,"column":1}},"line":112},"2":{"name":"(anonymous_2)","decl":{"start":{"line":125,"column":37},"end":{"line":125,"column":38}},"loc":{"start":{"line":125,"column":72},"end":{"line":127,"column":1}},"line":125},"3":{"name":"(anonymous_3)","decl":{"start":{"line":130,"column":37},"end":{"line":130,"column":38}},"loc":{"start":{"line":130,"column":49},"end":{"line":133,"column":1}},"line":130},"4":{"name":"(anonymous_4)","decl":{"start":{"line":137,"column":13},"end":{"line":137,"column":14}},"loc":{"start":{"line":137,"column":33},"end":{"line":146,"column":3}},"line":137}},"branchMap":{"0":{"loc":{"start":{"line":113,"column":2},"end":{"line":113,"column":50}},"type":"if","locations":[{"start":{"line":113,"column":2},"end":{"line":113,"column":50}},{"start":{"line":113,"column":2},"end":{"line":113,"column":50}}],"line":113}},"s":{"0":1,"1":1,"2":1,"3":1,"4":1,"5":8,"6":1,"7":27,"8":10,"9":17,"10":17,"11":17,"12":17,"13":0,"14":1,"15":8,"16":1,"17":8,"18":8,"19":1,"20":13,"21":13,"22":13,"23":13,"24":13,"25":13,"26":13,"27":13,"28":1},"f":{"0":8,"1":27,"2":8,"3":8,"4":13},"b":{"0":[10,17]},"_coverageSchema":"1a1c01bbd47fc00a2c39e90264f33305004495a9","hash":"f9e80f6dba9321db4d6f8f64918a9f8b759ebcaa","contentHash":"9baa7abdf2c049d84816c561bc491acac4a39e1174d70e572cd791029f4ba409"},"c:\\Smart Business AI Assistant\\backend\\src\\controllers\\auth.controller.js":{"path":"c:\\Smart Business AI Assistant\\backend\\src\\controllers\\auth.controller.js","statementMap":{"0":{"start":{"line":6,"column":12},"end":{"line":6,"column":35}},"1":{"start":{"line":7,"column":15},"end":{"line":7,"column":42}},"2":{"start":{"line":8,"column":13},"end":{"line":8,"column":44}},"3":{"start":{"line":9,"column":17},"end":{"line":9,"column":52}},"4":{"start":{"line":11,"column":22},"end":{"line":14,"column":4}},"5":{"start":{"line":12,"column":2},"end":{"line":14,"column":4}},"6":{"start":{"line":17,"column":0},"end":{"line":69,"column":2}},"7":{"start":{"line":18,"column":2},"end":{"line":68,"column":3}},"8":{"start":{"line":20,"column":6},"end":{"line":20,"column":14}},"9":{"start":{"line":22,"column":25},"end":{"line":22,"column":76}},"10":{"start":{"line":23,"column":4},"end":{"line":27,"column":9}},"11":{"start":{"line":24,"column":6},"end":{"line":27,"column":9}},"12":{"start":{"line":29,"column":23},"end":{"line":29,"column":45}},"13":{"start":{"line":30,"column":4},"end":{"line":34,"column":5}},"14":{"start":{"line":31,"column":6},"end":{"line":33,"column":69}},"15":{"start":{"line":36,"column":17},"end":{"line":44,"column":6}},"16":{"start":{"line":46,"column":18},"end":{"line":46,"column":41}},"17":{"start":{"line":47,"column":4},"end":{"line":62,"column":7}},"18":{"start":{"line":64,"column":4},"end":{"line":64,"column":48}},"19":{"start":{"line":65,"column":4},"end":{"line":67,"column":77}},"20":{"start":{"line":72,"column":0},"end":{"line":129,"column":2}},"21":{"start":{"line":73,"column":2},"end":{"line":128,"column":3}},"22":{"start":{"line":74,"column":32},"end":{"line":74,"column":40}},"23":{"start":{"line":76,"column":17},"end":{"line":78,"column":5}},"24":{"start":{"line":79,"column":4},"end":{"line":82,"column":66}},"25":{"start":{"line":80,"column":6},"end":{"line":82,"column":66}},"26":{"start":{"line":83,"column":4},"end":{"line":87,"column":9}},"27":{"start":{"line":84,"column":6},"end":{"line":87,"column":9}},"28":{"start":{"line":89,"column":28},"end":{"line":89,"column":64}},"29":{"start":{"line":90,"column":4},"end":{"line":93,"column":66}},"30":{"start":{"line":91,"column":6},"end":{"line":93,"column":66}},"31":{"start":{"line":95,"column":4},"end":{"line":95,"column":33}},"32":{"start":{"line":96,"column":18},"end":{"line":96,"column":41}},"33":{"start":{"line":98,"column":19},"end":{"line":98,"column":23}},"34":{"start":{"line":99,"column":4},"end":{"line":101,"column":5}},"35":{"start":{"line":100,"column":6},"end":{"line":100,"column":61}},"36":{"start":{"line":103,"column":4},"end":{"line":122,"column":7}},"37":{"start":{"line":124,"column":4},"end":{"line":124,"column":41}},"38":{"start":{"line":125,"column":4},"end":{"line":127,"column":70}},"39":{"start":{"line":132,"column":0},"end":{"line":140,"column":2}},"40":{"start":{"line":133,"column":2},"end":{"line":139,"column":3}},"41":{"start":{"line":134,"column":17},"end":{"line":134,"column":69}},"42":{"start":{"line":135,"column":4},"end":{"line":135,"column":55}},"43":{"start":{"line":137,"column":4},"end":{"line":137,"column":42}},"44":{"start":{"line":138,"column":4},"end":{"line":138,"column":77}},"45":{"start":{"line":143,"column":0},"end":{"line":154,"column":2}},"46":{"start":{"line":144,"column":2},"end":{"line":153,"column":3}},"47":{"start":{"line":145,"column":20},"end":{"line":145,"column":28}},"48":{"start":{"line":146,"column":17},"end":{"line":148,"column":26}},"49":{"start":{"line":149,"column":4},"end":{"line":149,"column":55}},"50":{"start":{"line":151,"column":4},"end":{"line":151,"column":50}},"51":{"start":{"line":152,"column":4},"end":{"line":152,"column":77}},"52":{"start":{"line":157,"column":0},"end":{"line":173,"column":2}},"53":{"start":{"line":158,"column":2},"end":{"line":172,"column":3}},"54":{"start":{"line":159,"column":45},"end":{"line":159,"column":53}},"55":{"start":{"line":160,"column":17},"end":{"line":160,"column":69}},"56":{"start":{"line":161,"column":18},"end":{"line":161,"column":61}},"57":{"start":{"line":162,"column":4},"end":{"line":165,"column":73}},"58":{"start":{"line":163,"column":6},"end":{"line":165,"column":73}},"59":{"start":{"line":166,"column":4},"end":{"line":166,"column":32}},"60":{"start":{"line":167,"column":4},"end":{"line":167,"column":22}},"61":{"start":{"line":168,"column":4},"end":{"line":168,"column":68}},"62":{"start":{"line":170,"column":4},"end":{"line":170,"column":51}},"63":{"start":{"line":171,"column":4},"end":{"line":171,"column":77}},"64":{"start":{"line":176,"column":0},"end":{"line":178,"column":2}},"65":{"start":{"line":177,"column":2},"end":{"line":177,"column":60}},"66":{"start":{"line":181,"column":0},"end":{"line":205,"column":2}},"67":{"start":{"line":182,"column":2},"end":{"line":204,"column":3}},"68":{"start":{"line":183,"column":60},"end":{"line":183,"column":68}},"69":{"start":{"line":184,"column":21},"end":{"line":184,"column":71}},"70":{"start":{"line":185,"column":4},"end":{"line":188,"column":67}},"71":{"start":{"line":186,"column":6},"end":{"line":188,"column":67}},"72":{"start":{"line":189,"column":17},"end":{"line":197,"column":6}},"73":{"start":{"line":198,"column":4},"end":{"line":198,"column":67}},"74":{"start":{"line":200,"column":4},"end":{"line":200,"column":48}},"75":{"start":{"line":201,"column":4},"end":{"line":203,"column":72}}},"fnMap":{"0":{"name":"(anonymous_0)","decl":{"start":{"line":11,"column":22},"end":{"line":11,"column":23}},"loc":{"start":{"line":12,"column":2},"end":{"line":14,"column":4}},"line":12},"1":{"name":"(anonymous_1)","decl":{"start":{"line":17,"column":19},"end":{"line":17,"column":20}},"loc":{"start":{"line":17,"column":39},"end":{"line":69,"column":1}},"line":17},"2":{"name":"(anonymous_2)","decl":{"start":{"line":72,"column":16},"end":{"line":72,"column":17}},"loc":{"start":{"line":72,"column":36},"end":{"line":129,"column":1}},"line":72},"3":{"name":"(anonymous_3)","decl":{"start":{"line":132,"column":13},"end":{"line":132,"column":14}},"loc":{"start":{"line":132,"column":33},"end":{"line":140,"column":1}},"line":132},"4":{"name":"(anonymous_4)","decl":{"start":{"line":143,"column":24},"end":{"line":143,"column":25}},"loc":{"start":{"line":143,"column":44},"end":{"line":154,"column":1}},"line":143},"5":{"name":"(anonymous_5)","decl":{"start":{"line":157,"column":25},"end":{"line":157,"column":26}},"loc":{"start":{"line":157,"column":45},"end":{"line":173,"column":1}},"line":157},"6":{"name":"(anonymous_6)","decl":{"start":{"line":176,"column":17},"end":{"line":176,"column":18}},"loc":{"start":{"line":176,"column":38},"end":{"line":178,"column":1}},"line":176},"7":{"name":"(anonymous_7)","decl":{"start":{"line":181,"column":22},"end":{"line":181,"column":23}},"loc":{"start":{"line":181,"column":42},"end":{"line":205,"column":1}},"line":181}},"branchMap":{"0":{"loc":{"start":{"line":23,"column":4},"end":{"line":27,"column":9}},"type":"if","locations":[{"start":{"line":23,"column":4},"end":{"line":27,"column":9}},{"start":{"line":23,"column":4},"end":{"line":27,"column":9}}],"line":23},"1":{"loc":{"start":{"line":30,"column":4},"end":{"line":34,"column":5}},"type":"if","locations":[{"start":{"line":30,"column":4},"end":{"line":34,"column":5}},{"start":{"line":30,"column":4},"end":{"line":34,"column":5}}],"line":30},"2":{"loc":{"start":{"line":30,"column":8},"end":{"line":30,"column":42}},"type":"binary-expr","locations":[{"start":{"line":30,"column":8},"end":{"line":30,"column":12}},{"start":{"line":30,"column":16},"end":{"line":30,"column":42}}],"line":30},"3":{"loc":{"start":{"line":42,"column":12},"end":{"line":42,"column":30}},"type":"binary-expr","locations":[{"start":{"line":42,"column":12},"end":{"line":42,"column":16}},{"start":{"line":42,"column":20},"end":{"line":42,"column":30}}],"line":42},"4":{"loc":{"start":{"line":79,"column":4},"end":{"line":82,"column":66}},"type":"if","locations":[{"start":{"line":79,"column":4},"end":{"line":82,"column":66}},{"start":{"line":79,"column":4},"end":{"line":82,"column":66}}],"line":79},"5":{"loc":{"start":{"line":83,"column":4},"end":{"line":87,"column":9}},"type":"if","locations":[{"start":{"line":83,"column":4},"end":{"line":87,"column":9}},{"start":{"line":83,"column":4},"end":{"line":87,"column":9}}],"line":83},"6":{"loc":{"start":{"line":90,"column":4},"end":{"line":93,"column":66}},"type":"if","locations":[{"start":{"line":90,"column":4},"end":{"line":93,"column":66}},{"start":{"line":90,"column":4},"end":{"line":93,"column":66}}],"line":90},"7":{"loc":{"start":{"line":99,"column":4},"end":{"line":101,"column":5}},"type":"if","locations":[{"start":{"line":99,"column":4},"end":{"line":101,"column":5}},{"start":{"line":99,"column":4},"end":{"line":101,"column":5}}],"line":99},"8":{"loc":{"start":{"line":162,"column":4},"end":{"line":165,"column":73}},"type":"if","locations":[{"start":{"line":162,"column":4},"end":{"line":165,"column":73}},{"start":{"line":162,"column":4},"end":{"line":165,"column":73}}],"line":162},"9":{"loc":{"start":{"line":185,"column":4},"end":{"line":188,"column":67}},"type":"if","locations":[{"start":{"line":185,"column":4},"end":{"line":188,"column":67}},{"start":{"line":185,"column":4},"end":{"line":188,"column":67}}],"line":185}},"s":{"0":1,"1":1,"2":1,"3":1,"4":1,"5":22,"6":1,"7":14,"8":14,"9":14,"10":14,"11":0,"12":14,"13":14,"14":0,"15":14,"16":14,"17":14,"18":0,"19":0,"20":1,"21":9,"22":9,"23":9,"24":9,"25":1,"26":8,"27":0,"28":8,"29":8,"30":0,"31":8,"32":8,"33":8,"34":8,"35":4,"36":8,"37":0,"38":0,"39":1,"40":0,"41":0,"42":0,"43":0,"44":0,"45":1,"46":0,"47":0,"48":0,"49":0,"50":0,"51":0,"52":1,"53":0,"54":0,"55":0,"56":0,"57":0,"58":0,"59":0,"60":0,"61":0,"62":0,"63":0,"64":1,"65":0,"66":1,"67":0,"68":0,"69":0,"70":0,"71":0,"72":0,"73":0,"74":0,"75":0},"f":{"0":22,"1":14,"2":9,"3":0,"4":0,"5":0,"6":0,"7":0},"b":{"0":[0,14],"1":[0,14],"2":[14,12],"3":[14,2],"4":[1,8],"5":[0,8],"6":[0,8],"7":[4,4],"8":[0,0],"9":[0,0]},"_coverageSchema":"1a1c01bbd47fc00a2c39e90264f33305004495a9","hash":"4fe99e35aadbaf1a67c21d8417fb9a971d0c10a7","contentHash":"6dce2f47b7ce8b9a57f266eb11c4c16557f97cbb2c2e9800faa6f7fe388e48aa"},"c:\\Smart Business AI Assistant\\backend\\src\\models\\business.model.js":{"path":"c:\\Smart Business AI Assistant\\backend\\src\\models\\business.model.js","statementMap":{"0":{"start":{"line":8,"column":17},"end":{"line":8,"column":36}},"1":{"start":{"line":10,"column":23},"end":{"line":159,"column":1}},"2":{"start":{"line":161,"column":0},"end":{"line":161,"column":60}},"3":{"start":{"line":162,"column":0},"end":{"line":162,"column":38}},"4":{"start":{"line":163,"column":0},"end":{"line":163,"column":47}},"5":{"start":{"line":164,"column":0},"end":{"line":164,"column":49}},"6":{"start":{"line":166,"column":0},"end":{"line":169,"column":3}},"7":{"start":{"line":167,"column":15},"end":{"line":167,"column":27}},"8":{"start":{"line":168,"column":2},"end":{"line":168,"column":88}},"9":{"start":{"line":171,"column":0},"end":{"line":178,"column":2}},"10":{"start":{"line":172,"column":14},"end":{"line":172,"column":24}},"11":{"start":{"line":173,"column":14},"end":{"line":173,"column":77}},"12":{"start":{"line":174,"column":22},"end":{"line":174,"column":52}},"13":{"start":{"line":175,"column":22},"end":{"line":175,"column":47}},"14":{"start":{"line":176,"column":2},"end":{"line":176,"column":55}},"15":{"start":{"line":176,"column":42},"end":{"line":176,"column":55}},"16":{"start":{"line":177,"column":2},"end":{"line":177,"column":77}},"17":{"start":{"line":180,"column":0},"end":{"line":194,"column":2}},"18":{"start":{"line":181,"column":12},"end":{"line":181,"column":16}},"19":{"start":{"line":183,"column":4},"end":{"line":183,"column":73}},"20":{"start":{"line":185,"column":4},"end":{"line":185,"column":73}},"21":{"start":{"line":187,"column":4},"end":{"line":191,"column":24}},"22":{"start":{"line":192,"column":12},"end":{"line":192,"column":58}},"23":{"start":{"line":193,"column":2},"end":{"line":193,"column":15}},"24":{"start":{"line":196,"column":0},"end":{"line":203,"column":3}},"25":{"start":{"line":198,"column":4},"end":{"line":198,"column":21}},"26":{"start":{"line":199,"column":4},"end":{"line":199,"column":19}},"27":{"start":{"line":200,"column":4},"end":{"line":200,"column":19}},"28":{"start":{"line":201,"column":4},"end":{"line":201,"column":15}},"29":{"start":{"line":205,"column":0},"end":{"line":205,"column":60}}},"fnMap":{"0":{"name":"(anonymous_0)","decl":{"start":{"line":166,"column":42},"end":{"line":166,"column":43}},"loc":{"start":{"line":166,"column":54},"end":{"line":169,"column":1}},"line":166},"1":{"name":"(anonymous_1)","decl":{"start":{"line":171,"column":41},"end":{"line":171,"column":42}},"loc":{"start":{"line":171,"column":53},"end":{"line":178,"column":1}},"line":171},"2":{"name":"(anonymous_2)","decl":{"start":{"line":180,"column":43},"end":{"line":180,"column":44}},"loc":{"start":{"line":180,"column":69},"end":{"line":194,"column":1}},"line":180},"3":{"name":"(anonymous_3)","decl":{"start":{"line":197,"column":13},"end":{"line":197,"column":14}},"loc":{"start":{"line":197,"column":33},"end":{"line":202,"column":3}},"line":197}},"branchMap":{"0":{"loc":{"start":{"line":176,"column":2},"end":{"line":176,"column":55}},"type":"if","locations":[{"start":{"line":176,"column":2},"end":{"line":176,"column":55}},{"start":{"line":176,"column":2},"end":{"line":176,"column":55}}],"line":176},"1":{"loc":{"start":{"line":176,"column":6},"end":{"line":176,"column":40}},"type":"binary-expr","locations":[{"start":{"line":176,"column":6},"end":{"line":176,"column":18}},{"start":{"line":176,"column":22},"end":{"line":176,"column":40}}],"line":176},"2":{"loc":{"start":{"line":177,"column":9},"end":{"line":177,"column":76}},"type":"binary-expr","locations":[{"start":{"line":177,"column":9},"end":{"line":177,"column":40}},{"start":{"line":177,"column":44},"end":{"line":177,"column":76}}],"line":177}},"s":{"0":1,"1":1,"2":1,"3":1,"4":1,"5":1,"6":1,"7":0,"8":0,"9":1,"10":0,"11":0,"12":0,"13":0,"14":0,"15":0,"16":0,"17":1,"18":0,"19":0,"20":0,"21":0,"22":0,"23":0,"24":1,"25":10,"26":10,"27":10,"28":10,"29":1},"f":{"0":0,"1":0,"2":0,"3":10},"b":{"0":[0,0],"1":[0,0],"2":[0,0]},"_coverageSchema":"1a1c01bbd47fc00a2c39e90264f33305004495a9","hash":"55084e19fc71c4c9a19e567d57ccdc0e763e4fa2","contentHash":"e5dd2f976258d5119bdb32f0b806d00ee588715f54cb595c177ec1d8a3b06839"},"c:\\Smart Business AI Assistant\\backend\\src\\routes\\users.js":{"path":"c:\\Smart Business AI Assistant\\backend\\src\\routes\\users.js","statementMap":{"0":{"start":{"line":6,"column":16},"end":{"line":6,"column":34}},"1":{"start":{"line":7,"column":12},"end":{"line":7,"column":26}},"2":{"start":{"line":8,"column":17},"end":{"line":8,"column":50}},"3":{"start":{"line":9,"column":31},"end":{"line":9,"column":60}},"4":{"start":{"line":10,"column":19},"end":{"line":10,"column":61}},"5":{"start":{"line":11,"column":15},"end":{"line":11,"column":31}},"6":{"start":{"line":16,"column":0},"end":{"line":29,"column":2}},"7":{"start":{"line":34,"column":0},"end":{"line":41,"column":2}},"8":{"start":{"line":46,"column":0},"end":{"line":53,"column":2}},"9":{"start":{"line":58,"column":0},"end":{"line":66,"column":2}},"10":{"start":{"line":71,"column":0},"end":{"line":76,"column":2}},"11":{"start":{"line":81,"column":0},"end":{"line":89,"column":2}},"12":{"start":{"line":94,"column":0},"end":{"line":102,"column":2}},"13":{"start":{"line":107,"column":0},"end":{"line":118,"column":2}},"14":{"start":{"line":120,"column":0},"end":{"line":120,"column":24}}},"fnMap":{},"branchMap":{},"s":{"0":1,"1":1,"2":1,"3":1,"4":1,"5":1,"6":1,"7":1,"8":1,"9":1,"10":1,"11":1,"12":1,"13":1,"14":1},"f":{},"b":{},"_coverageSchema":"1a1c01bbd47fc00a2c39e90264f33305004495a9","hash":"a6a812dbb128897443e93e3598cdd2e9591c7112","contentHash":"0fed67d0cbf0db9ce9cb660adc7f332b9fed927a4a879157cdbd61a2a9b7ecdd"},"c:\\Smart Business AI Assistant\\backend\\src\\controllers\\users.controller.js":{"path":"c:\\Smart Business AI Assistant\\backend\\src\\controllers\\users.controller.js","statementMap":{"0":{"start":{"line":5,"column":13},"end":{"line":5,"column":44}},"1":{"start":{"line":6,"column":17},"end":{"line":6,"column":52}},"2":{"start":{"line":8,"column":0},"end":{"line":47,"column":2}},"3":{"start":{"line":9,"column":2},"end":{"line":46,"column":3}},"4":{"start":{"line":10,"column":17},"end":{"line":10,"column":46}},"5":{"start":{"line":11,"column":18},"end":{"line":11,"column":49}},"6":{"start":{"line":12,"column":17},"end":{"line":12,"column":35}},"7":{"start":{"line":13,"column":17},"end":{"line":13,"column":31}},"8":{"start":{"line":14,"column":19},"end":{"line":14,"column":35}},"9":{"start":{"line":16,"column":18},"end":{"line":16,"column":20}},"10":{"start":{"line":17,"column":4},"end":{"line":17,"column":32}},"11":{"start":{"line":17,"column":14},"end":{"line":17,"column":32}},"12":{"start":{"line":18,"column":4},"end":{"line":25,"column":5}},"13":{"start":{"line":19,"column":6},"end":{"line":24,"column":8}},"14":{"start":{"line":27,"column":18},"end":{"line":31,"column":19}},"15":{"start":{"line":32,"column":18},"end":{"line":32,"column":50}},"16":{"start":{"line":34,"column":4},"end":{"line":40,"column":7}},"17":{"start":{"line":42,"column":4},"end":{"line":42,"column":45}},"18":{"start":{"line":43,"column":4},"end":{"line":45,"column":71}},"19":{"start":{"line":49,"column":0},"end":{"line":72,"column":2}},"20":{"start":{"line":50,"column":2},"end":{"line":71,"column":3}},"21":{"start":{"line":51,"column":17},"end":{"line":51,"column":71}},"22":{"start":{"line":52,"column":4},"end":{"line":55,"column":61}},"23":{"start":{"line":53,"column":6},"end":{"line":55,"column":61}},"24":{"start":{"line":57,"column":4},"end":{"line":59,"column":5}},"25":{"start":{"line":58,"column":6},"end":{"line":58,"column":80}},"26":{"start":{"line":61,"column":19},"end":{"line":61,"column":23}},"27":{"start":{"line":62,"column":4},"end":{"line":63,"column":61}},"28":{"start":{"line":63,"column":6},"end":{"line":63,"column":61}},"29":{"start":{"line":65,"column":4},"end":{"line":65,"column":65}},"30":{"start":{"line":67,"column":4},"end":{"line":67,"column":44}},"31":{"start":{"line":68,"column":4},"end":{"line":70,"column":70}},"32":{"start":{"line":74,"column":0},"end":{"line":120,"column":2}},"33":{"start":{"line":75,"column":2},"end":{"line":119,"column":3}},"34":{"start":{"line":76,"column":17},"end":{"line":76,"column":51}},"35":{"start":{"line":77,"column":4},"end":{"line":80,"column":61}},"36":{"start":{"line":78,"column":6},"end":{"line":80,"column":61}},"37":{"start":{"line":82,"column":4},"end":{"line":84,"column":5}},"38":{"start":{"line":83,"column":6},"end":{"line":83,"column":80}},"39":{"start":{"line":95,"column":8},"end":{"line":95,"column":16}},"40":{"start":{"line":96,"column":4},"end":{"line":96,"column":46}},"41":{"start":{"line":96,"column":19},"end":{"line":96,"column":46}},"42":{"start":{"line":97,"column":4},"end":{"line":97,"column":43}},"43":{"start":{"line":97,"column":18},"end":{"line":97,"column":43}},"44":{"start":{"line":98,"column":4},"end":{"line":98,"column":34}},"45":{"start":{"line":98,"column":15},"end":{"line":98,"column":34}},"46":{"start":{"line":99,"column":4},"end":{"line":99,"column":64}},"47":{"start":{"line":99,"column":17},"end":{"line":99,"column":64}},"48":{"start":{"line":100,"column":4},"end":{"line":100,"column":80}},"49":{"start":{"line":100,"column":21},"end":{"line":100,"column":80}},"50":{"start":{"line":101,"column":4},"end":{"line":106,"column":5}},"51":{"start":{"line":102,"column":6},"end":{"line":102,"column":72}},"52":{"start":{"line":102,"column":43},"end":{"line":102,"column":72}},"53":{"start":{"line":103,"column":6},"end":{"line":103,"column":66}},"54":{"start":{"line":103,"column":41},"end":{"line":103,"column":66}},"55":{"start":{"line":104,"column":6},"end":{"line":105,"column":25}},"56":{"start":{"line":105,"column":8},"end":{"line":105,"column":25}},"57":{"start":{"line":108,"column":4},"end":{"line":108,"column":22}},"58":{"start":{"line":109,"column":4},"end":{"line":113,"column":7}},"59":{"start":{"line":115,"column":4},"end":{"line":115,"column":47}},"60":{"start":{"line":116,"column":4},"end":{"line":118,"column":71}},"61":{"start":{"line":122,"column":0},"end":{"line":140,"column":2}},"62":{"start":{"line":123,"column":2},"end":{"line":139,"column":3}},"63":{"start":{"line":124,"column":17},"end":{"line":124,"column":51}},"64":{"start":{"line":125,"column":4},"end":{"line":128,"column":61}},"65":{"start":{"line":126,"column":6},"end":{"line":128,"column":61}},"66":{"start":{"line":129,"column":4},"end":{"line":131,"column":5}},"67":{"start":{"line":130,"column":6},"end":{"line":130,"column":59}},"68":{"start":{"line":132,"column":4},"end":{"line":132,"column":48}},"69":{"start":{"line":133,"column":4},"end":{"line":133,"column":77}},"70":{"start":{"line":135,"column":4},"end":{"line":135,"column":47}},"71":{"start":{"line":136,"column":4},"end":{"line":138,"column":71}},"72":{"start":{"line":142,"column":0},"end":{"line":188,"column":2}},"73":{"start":{"line":143,"column":2},"end":{"line":187,"column":3}},"74":{"start":{"line":144,"column":23},"end":{"line":144,"column":50}},"75":{"start":{"line":145,"column":22},"end":{"line":145,"column":69}},"76":{"start":{"line":146,"column":20},"end":{"line":146,"column":65}},"77":{"start":{"line":147,"column":19},"end":{"line":147,"column":63}},"78":{"start":{"line":148,"column":26},"end":{"line":148,"column":73}},"79":{"start":{"line":149,"column":24},"end":{"line":149,"column":69}},"80":{"start":{"line":151,"column":25},"end":{"line":151,"column":35}},"81":{"start":{"line":152,"column":4},"end":{"line":152,"column":55}},"82":{"start":{"line":153,"column":30},"end":{"line":165,"column":6}},"83":{"start":{"line":167,"column":4},"end":{"line":180,"column":7}},"84":{"start":{"line":182,"column":4},"end":{"line":182,"column":50}},"85":{"start":{"line":183,"column":4},"end":{"line":186,"column":7}},"86":{"start":{"line":190,"column":0},"end":{"line":213,"column":2}},"87":{"start":{"line":191,"column":2},"end":{"line":212,"column":3}},"88":{"start":{"line":192,"column":17},"end":{"line":192,"column":51}},"89":{"start":{"line":193,"column":4},"end":{"line":196,"column":61}},"90":{"start":{"line":194,"column":6},"end":{"line":196,"column":61}},"91":{"start":{"line":197,"column":4},"end":{"line":197,"column":39}},"92":{"start":{"line":198,"column":4},"end":{"line":198,"column":22}},"93":{"start":{"line":199,"column":4},"end":{"line":205,"column":7}},"94":{"start":{"line":207,"column":4},"end":{"line":207,"column":55}},"95":{"start":{"line":208,"column":4},"end":{"line":211,"column":7}},"96":{"start":{"line":215,"column":0},"end":{"line":237,"column":2}},"97":{"start":{"line":216,"column":2},"end":{"line":236,"column":3}},"98":{"start":{"line":217,"column":17},"end":{"line":217,"column":51}},"99":{"start":{"line":218,"column":4},"end":{"line":221,"column":61}},"100":{"start":{"line":219,"column":6},"end":{"line":221,"column":61}},"101":{"start":{"line":222,"column":4},"end":{"line":222,"column":35}},"102":{"start":{"line":223,"column":4},"end":{"line":223,"column":22}},"103":{"start":{"line":224,"column":4},"end":{"line":230,"column":7}},"104":{"start":{"line":232,"column":4},"end":{"line":232,"column":56}},"105":{"start":{"line":233,"column":4},"end":{"line":235,"column":80}},"106":{"start":{"line":239,"column":0},"end":{"line":268,"column":2}},"107":{"start":{"line":240,"column":2},"end":{"line":267,"column":3}},"108":{"start":{"line":241,"column":57},"end":{"line":241,"column":66}},"109":{"start":{"line":242,"column":4},"end":{"line":247,"column":5}},"110":{"start":{"line":243,"column":6},"end":{"line":246,"column":9}},"111":{"start":{"line":248,"column":18},"end":{"line":260,"column":26}},"112":{"start":{"line":261,"column":4},"end":{"line":261,"column":56}},"113":{"start":{"line":263,"column":4},"end":{"line":263,"column":52}},"114":{"start":{"line":264,"column":4},"end":{"line":266,"column":78}}},"fnMap":{"0":{"name":"(anonymous_0)","decl":{"start":{"line":8,"column":15},"end":{"line":8,"column":16}},"loc":{"start":{"line":8,"column":35},"end":{"line":47,"column":1}},"line":8},"1":{"name":"(anonymous_1)","decl":{"start":{"line":49,"column":18},"end":{"line":49,"column":19}},"loc":{"start":{"line":49,"column":38},"end":{"line":72,"column":1}},"line":49},"2":{"name":"(anonymous_2)","decl":{"start":{"line":74,"column":17},"end":{"line":74,"column":18}},"loc":{"start":{"line":74,"column":37},"end":{"line":120,"column":1}},"line":74},"3":{"name":"(anonymous_3)","decl":{"start":{"line":122,"column":17},"end":{"line":122,"column":18}},"loc":{"start":{"line":122,"column":37},"end":{"line":140,"column":1}},"line":122},"4":{"name":"(anonymous_4)","decl":{"start":{"line":142,"column":24},"end":{"line":142,"column":25}},"loc":{"start":{"line":142,"column":45},"end":{"line":188,"column":1}},"line":142},"5":{"name":"(anonymous_5)","decl":{"start":{"line":190,"column":23},"end":{"line":190,"column":24}},"loc":{"start":{"line":190,"column":43},"end":{"line":213,"column":1}},"line":190},"6":{"name":"(anonymous_6)","decl":{"start":{"line":215,"column":23},"end":{"line":215,"column":24}},"loc":{"start":{"line":215,"column":43},"end":{"line":237,"column":1}},"line":215},"7":{"name":"(anonymous_7)","decl":{"start":{"line":239,"column":17},"end":{"line":239,"column":18}},"loc":{"start":{"line":239,"column":37},"end":{"line":268,"column":1}},"line":239}},"branchMap":{"0":{"loc":{"start":{"line":10,"column":17},"end":{"line":10,"column":46}},"type":"binary-expr","locations":[{"start":{"line":10,"column":17},"end":{"line":10,"column":41}},{"start":{"line":10,"column":45},"end":{"line":10,"column":46}}],"line":10},"1":{"loc":{"start":{"line":11,"column":18},"end":{"line":11,"column":49}},"type":"binary-expr","locations":[{"start":{"line":11,"column":18},"end":{"line":11,"column":43}},{"start":{"line":11,"column":47},"end":{"line":11,"column":49}}],"line":11},"2":{"loc":{"start":{"line":17,"column":4},"end":{"line":17,"column":32}},"type":"if","locations":[{"start":{"line":17,"column":4},"end":{"line":17,"column":32}},{"start":{"line":17,"column":4},"end":{"line":17,"column":32}}],"line":17},"3":{"loc":{"start":{"line":18,"column":4},"end":{"line":25,"column":5}},"type":"if","locations":[{"start":{"line":18,"column":4},"end":{"line":25,"column":5}},{"start":{"line":18,"column":4},"end":{"line":25,"column":5}}],"line":18},"4":{"loc":{"start":{"line":52,"column":4},"end":{"line":55,"column":61}},"type":"if","locations":[{"start":{"line":52,"column":4},"end":{"line":55,"column":61}},{"start":{"line":52,"column":4},"end":{"line":55,"column":61}}],"line":52},"5":{"loc":{"start":{"line":57,"column":4},"end":{"line":59,"column":5}},"type":"if","locations":[{"start":{"line":57,"column":4},"end":{"line":59,"column":5}},{"start":{"line":57,"column":4},"end":{"line":59,"column":5}}],"line":57},"6":{"loc":{"start":{"line":57,"column":8},"end":{"line":57,"column":66}},"type":"binary-expr","locations":[{"start":{"line":57,"column":8},"end":{"line":57,"column":33}},{"start":{"line":57,"column":37},"end":{"line":57,"column":66}}],"line":57},"7":{"loc":{"start":{"line":62,"column":4},"end":{"line":63,"column":61}},"type":"if","locations":[{"start":{"line":62,"column":4},"end":{"line":63,"column":61}},{"start":{"line":62,"column":4},"end":{"line":63,"column":61}}],"line":62},"8":{"loc":{"start":{"line":77,"column":4},"end":{"line":80,"column":61}},"type":"if","locations":[{"start":{"line":77,"column":4},"end":{"line":80,"column":61}},{"start":{"line":77,"column":4},"end":{"line":80,"column":61}}],"line":77},"9":{"loc":{"start":{"line":82,"column":4},"end":{"line":84,"column":5}},"type":"if","locations":[{"start":{"line":82,"column":4},"end":{"line":84,"column":5}},{"start":{"line":82,"column":4},"end":{"line":84,"column":5}}],"line":82},"10":{"loc":{"start":{"line":82,"column":8},"end":{"line":82,"column":66}},"type":"binary-expr","locations":[{"start":{"line":82,"column":8},"end":{"line":82,"column":33}},{"start":{"line":82,"column":37},"end":{"line":82,"column":66}}],"line":82},"11":{"loc":{"start":{"line":96,"column":4},"end":{"line":96,"column":46}},"type":"if","locations":[{"start":{"line":96,"column":4},"end":{"line":96,"column":46}},{"start":{"line":96,"column":4},"end":{"line":96,"column":46}}],"line":96},"12":{"loc":{"start":{"line":97,"column":4},"end":{"line":97,"column":43}},"type":"if","locations":[{"start":{"line":97,"column":4},"end":{"line":97,"column":43}},{"start":{"line":97,"column":4},"end":{"line":97,"column":43}}],"line":97},"13":{"loc":{"start":{"line":98,"column":4},"end":{"line":98,"column":34}},"type":"if","locations":[{"start":{"line":98,"column":4},"end":{"line":98,"column":34}},{"start":{"line":98,"column":4},"end":{"line":98,"column":34}}],"line":98},"14":{"loc":{"start":{"line":99,"column":4},"end":{"line":99,"column":64}},"type":"if","locations":[{"start":{"line":99,"column":4},"end":{"line":99,"column":64}},{"start":{"line":99,"column":4},"end":{"line":99,"column":64}}],"line":99},"15":{"loc":{"start":{"line":100,"column":4},"end":{"line":100,"column":80}},"type":"if","locations":[{"start":{"line":100,"column":4},"end":{"line":100,"column":80}},{"start":{"line":100,"column":4},"end":{"line":100,"column":80}}],"line":100},"16":{"loc":{"start":{"line":101,"column":4},"end":{"line":106,"column":5}},"type":"if","locations":[{"start":{"line":101,"column":4},"end":{"line":106,"column":5}},{"start":{"line":101,"column":4},"end":{"line":106,"column":5}}],"line":101},"17":{"loc":{"start":{"line":102,"column":6},"end":{"line":102,"column":72}},"type":"if","locations":[{"start":{"line":102,"column":6},"end":{"line":102,"column":72}},{"start":{"line":102,"column":6},"end":{"line":102,"column":72}}],"line":102},"18":{"loc":{"start":{"line":103,"column":6},"end":{"line":103,"column":66}},"type":"if","locations":[{"start":{"line":103,"column":6},"end":{"line":103,"column":66}},{"start":{"line":103,"column":6},"end":{"line":103,"column":66}}],"line":103},"19":{"loc":{"start":{"line":104,"column":6},"end":{"line":105,"column":25}},"type":"if","locations":[{"start":{"line":104,"column":6},"end":{"line":105,"column":25}},{"start":{"line":104,"column":6},"end":{"line":105,"column":25}}],"line":104},"20":{"loc":{"start":{"line":104,"column":10},"end":{"line":104,"column":64}},"type":"binary-expr","locations":[{"start":{"line":104,"column":10},"end":{"line":104,"column":14}},{"start":{"line":104,"column":18},"end":{"line":104,"column":64}}],"line":104},"21":{"loc":{"start":{"line":125,"column":4},"end":{"line":128,"column":61}},"type":"if","locations":[{"start":{"line":125,"column":4},"end":{"line":128,"column":61}},{"start":{"line":125,"column":4},"end":{"line":128,"column":61}}],"line":125},"22":{"loc":{"start":{"line":129,"column":4},"end":{"line":131,"column":5}},"type":"if","locations":[{"start":{"line":129,"column":4},"end":{"line":131,"column":5}},{"start":{"line":129,"column":4},"end":{"line":131,"column":5}}],"line":129},"23":{"loc":{"start":{"line":193,"column":4},"end":{"line":196,"column":61}},"type":"if","locations":[{"start":{"line":193,"column":4},"end":{"line":196,"column":61}},{"start":{"line":193,"column":4},"end":{"line":196,"column":61}}],"line":193},"24":{"loc":{"start":{"line":202,"column":8},"end":{"line":202,"column":51}},"type":"cond-expr","locations":[{"start":{"line":202,"column":26},"end":{"line":202,"column":36}},{"start":{"line":202,"column":39},"end":{"line":202,"column":51}}],"line":202},"25":{"loc":{"start":{"line":218,"column":4},"end":{"line":221,"column":61}},"type":"if","locations":[{"start":{"line":218,"column":4},"end":{"line":221,"column":61}},{"start":{"line":218,"column":4},"end":{"line":221,"column":61}}],"line":218},"26":{"loc":{"start":{"line":227,"column":8},"end":{"line":227,"column":51}},"type":"cond-expr","locations":[{"start":{"line":227,"column":24},"end":{"line":227,"column":35}},{"start":{"line":227,"column":38},"end":{"line":227,"column":51}}],"line":227},"27":{"loc":{"start":{"line":241,"column":33},"end":{"line":241,"column":52}},"type":"default-arg","locations":[{"start":{"line":241,"column":47},"end":{"line":241,"column":52}}],"line":241},"28":{"loc":{"start":{"line":242,"column":4},"end":{"line":247,"column":5}},"type":"if","locations":[{"start":{"line":242,"column":4},"end":{"line":247,"column":5}},{"start":{"line":242,"column":4},"end":{"line":247,"column":5}}],"line":242},"29":{"loc":{"start":{"line":242,"column":8},"end":{"line":242,"column":31}},"type":"binary-expr","locations":[{"start":{"line":242,"column":8},"end":{"line":242,"column":18}},{"start":{"line":242,"column":22},"end":{"line":242,"column":31}}],"line":242}},"s":{"0":1,"1":1,"2":1,"3":0,"4":0,"5":0,"6":0,"7":0,"8":0,"9":0,"10":0,"11":0,"12":0,"13":0,"14":0,"15":0,"16":0,"17":0,"18":0,"19":1,"20":1,"21":1,"22":1,"23":0,"24":1,"25":0,"26":1,"27":1,"28":0,"29":1,"30":0,"31":0,"32":1,"33":1,"34":1,"35":1,"36":0,"37":1,"38":0,"39":1,"40":1,"41":1,"42":1,"43":0,"44":1,"45":0,"46":1,"47":0,"48":1,"49":0,"50":1,"51":0,"52":0,"53":0,"54":0,"55":0,"56":0,"57":1,"58":1,"59":0,"60":0,"61":1,"62":0,"63":0,"64":0,"65":0,"66":0,"67":0,"68":0,"69":0,"70":0,"71":0,"72":1,"73":1,"74":1,"75":1,"76":1,"77":1,"78":1,"79":1,"80":1,"81":1,"82":1,"83":1,"84":0,"85":0,"86":1,"87":0,"88":0,"89":0,"90":0,"91":0,"92":0,"93":0,"94":0,"95":0,"96":1,"97":0,"98":0,"99":0,"100":0,"101":0,"102":0,"103":0,"104":0,"105":0,"106":1,"107":0,"108":0,"109":0,"110":0,"111":0,"112":0,"113":0,"114":0},"f":{"0":0,"1":1,"2":1,"3":0,"4":1,"5":0,"6":0,"7":0},"b":{"0":[0,0],"1":[0,0],"2":[0,0],"3":[0,0],"4":[0,1],"5":[0,1],"6":[1,1],"7":[0,1],"8":[0,1],"9":[0,1],"10":[1,1],"11":[1,0],"12":[0,1],"13":[0,1],"14":[0,1],"15":[0,1],"16":[0,1],"17":[0,0],"18":[0,0],"19":[0,0],"20":[0,0],"21":[0,0],"22":[0,0],"23":[0,0],"24":[0,0],"25":[0,0],"26":[0,0],"27":[0],"28":[0,0],"29":[0,0]},"_coverageSchema":"1a1c01bbd47fc00a2c39e90264f33305004495a9","hash":"21f0a2b0822b5632fb937438f68ebac4752eeed1","contentHash":"b537de6d5af489ef24914911f9b56d8d8e936e9a7a51104601072094accd77dc"},"c:\\Smart Business AI Assistant\\backend\\src\\routes\\businesses.js":{"path":"c:\\Smart Business AI Assistant\\backend\\src\\routes\\businesses.js","statementMap":{"0":{"start":{"line":6,"column":16},"end":{"line":6,"column":34}},"1":{"start":{"line":7,"column":12},"end":{"line":7,"column":26}},"2":{"start":{"line":8,"column":17},"end":{"line":8,"column":50}},"3":{"start":{"line":9,"column":31},"end":{"line":9,"column":60}},"4":{"start":{"line":10,"column":19},"end":{"line":10,"column":66}},"5":{"start":{"line":11,"column":15},"end":{"line":11,"column":31}},"6":{"start":{"line":18,"column":0},"end":{"line":55,"column":2}},"7":{"start":{"line":60,"column":0},"end":{"line":74,"column":2}},"8":{"start":{"line":79,"column":0},"end":{"line":85,"column":2}},"9":{"start":{"line":90,"column":0},"end":{"line":97,"column":2}},"10":{"start":{"line":102,"column":0},"end":{"line":109,"column":2}},"11":{"start":{"line":114,"column":0},"end":{"line":122,"column":2}},"12":{"start":{"line":127,"column":0},"end":{"line":127,"column":54}},"13":{"start":{"line":132,"column":0},"end":{"line":138,"column":2}},"14":{"start":{"line":143,"column":0},"end":{"line":156,"column":2}},"15":{"start":{"line":158,"column":0},"end":{"line":158,"column":24}}},"fnMap":{},"branchMap":{},"s":{"0":1,"1":1,"2":1,"3":1,"4":1,"5":1,"6":1,"7":1,"8":1,"9":1,"10":1,"11":1,"12":1,"13":1,"14":1,"15":1},"f":{},"b":{},"_coverageSchem
[...]
rt Business AI Assistant\\backend\\src\\routes\\test.js","statementMap":{"0":{"start":{"line":7,"column":16},"end":{"line":7,"column":34}},"1":{"start":{"line":8,"column":12},"end":{"line":8,"column":35}},"2":{"start":{"line":9,"column":13},"end":{"line":9,"column":44}},"3":{"start":{"line":11,"column":15},"end":{"line":11,"column":31}},"4":{"start":{"line":15,"column":0},"end":{"line":70,"column":3}},"5":{"start":{"line":16,"column":2},"end":{"line":69,"column":3}},"6":{"start":{"line":23,"column":8},"end":{"line":23,"column":22}},"7":{"start":{"line":26,"column":19},"end":{"line":26,"column":69}},"8":{"start":{"line":27,"column":23},"end":{"line":27,"column":61}},"9":{"start":{"line":29,"column":6},"end":{"line":29,"column":73}},"10":{"start":{"line":32,"column":15},"end":{"line":32,"column":76}},"11":{"start":{"line":33,"column":4},"end":{"line":47,"column":5}},"12":{"start":{"line":34,"column":6},"end":{"line":42,"column":9}},"13":{"start":{"line":44,"column":6},"end":{"line":44,"column":26}},"14":{"start":{"line":45,"column":6},"end":{"line":45,"column":29}},"15":{"start":{"line":46,"column":6},"end":{"line":46,"column":53}},"16":{"start":{"line":49,"column":18},"end":{"line":51,"column":6}},"17":{"start":{"line":53,"column":4},"end":{"line":63,"column":7}},"18":{"start":{"line":65,"column":4},"end":{"line":65,"column":49}},"19":{"start":{"line":66,"column":4},"end":{"line":68,"column":67}},"20":{"start":{"line":72,"column":0},"end":{"line":72,"column":24}}},"fnMap":{"0":{"name":"(anonymous_0)","decl":{"start":{"line":15,"column":32},"end":{"line":15,"column":33}},"loc":{"start":{"line":15,"column":52},"end":{"line":70,"column":1}},"line":15}},"branchMap":{"0":{"loc":{"start":{"line":18,"column":6},"end":{"line":18,"column":24}},"type":"default-arg","locations":[{"start":{"line":18,"column":18},"end":{"line":18,"column":24}}],"line":18},"1":{"loc":{"start":{"line":19,"column":6},"end":{"line":19,"column":24}},"type":"default-arg","locations":[{"start":{"line":19,"column":17},"end":{"line":19,"column":24}}],"line":19},"2":{"loc":{"start":{"line":22,"column":6},"end":{"line":22,"column":30}},"type":"default-arg","locations":[{"start":{"line":22,"column":17},"end":{"line":22,"column":30}}],"line":22},"3":{"loc":{"start":{"line":23,"column":8},"end":{"line":23,"column":22}},"type":"binary-expr","locations":[{"start":{"line":23,"column":8},"end":{"line":23,"column":16}},{"start":{"line":23,"column":20},"end":{"line":23,"column":22}}],"line":23},"4":{"loc":{"start":{"line":27,"column":23},"end":{"line":27,"column":61}},"type":"binary-expr","locations":[{"start":{"line":27,"column":23},"end":{"line":27,"column":28}},{"start":{"line":27,"column":32},"end":{"line":27,"column":61}}],"line":27},"5":{"loc":{"start":{"line":29,"column":6},"end":{"line":29,"column":73}},"type":"binary-expr","locations":[{"start":{"line":29,"column":6},"end":{"line":29,"column":11}},{"start":{"line":29,"column":15},"end":{"line":29,"column":73}}],"line":29},"6":{"loc":{"start":{"line":33,"column":4},"end":{"line":47,"column":5}},"type":"if","locations":[{"start":{"line":33,"column":4},"end":{"line":47,"column":5}},{"start":{"line":33,"column":4},"end":{"line":47,"column":5}}],"line":33},"7":{"loc":{"start":{"line":50,"column":17},"end":{"line":50,"column":47}},"type":"binary-expr","locations":[{"start":{"line":50,"column":17},"end":{"line":50,"column":39}},{"start":{"line":50,"column":43},"end":{"line":50,"column":47}}],"line":50}},"s":{"0":1,"1":1,"2":1,"3":1,"4":1,"5":3,"6":3,"7":3,"8":3,"9":3,"10":3,"11":3,"12":3,"13":0,"14":0,"15":0,"16":3,"17":3,"18":0,"19":0,"20":1},"f":{"0":3},"b":{"0":[3],"1":[3],"2":[3],"3":[3,0],"4":[3,3],"5":[3,3],"6":[3,0],"7":[3,0]},"_coverageSchema":"1a1c01bbd47fc00a2c39e90264f33305004495a9","hash":"32b614743dd162179aa518cf89a464efd7367a13","contentHash":"07eb095251bd1f40290494107f406b124d145a1bf1276667b42bc3d3cc842736"},"c:\\Smart Business AI Assistant\\backend\\src\\db.js":{"path":"c:\\Smart Business AI Assistant\\backend\\src\\db.js","statementMap":{"0":{"start":{"line":1,"column":17},"end":{"line":1,"column":36}},"1":{"start":{"line":2,"column":15},"end":{"line":2,"column":41}},"2":{"start":{"line":3,"column":15},"end":{"line":3,"column":40}},"3":{"start":{"line":6,"column":28},"end":{"line":6,"column":67}},"4":{"start":{"line":7,"column":31},"end":{"line":7,"column":76}},"5":{"start":{"line":10,"column":27},"end":{"line":17,"column":1}},"6":{"start":{"line":19,"column":24},"end":{"line":19,"column":29}},"7":{"start":{"line":21,"column":2},"end":{"line":21,"column":32}},"8":{"start":{"line":21,"column":25},"end":{"line":21,"column":32}},"9":{"start":{"line":22,"column":2},"end":{"line":22,"column":27}},"10":{"start":{"line":23,"column":15},"end":{"line":23,"column":34}},"11":{"start":{"line":24,"column":2},"end":{"line":24,"column":68}},"12":{"start":{"line":24,"column":30},"end":{"line":24,"column":66}},"13":{"start":{"line":25,"column":2},"end":{"line":25,"column":65}},"14":{"start":{"line":25,"column":29},"end":{"line":25,"column":63}},"15":{"start":{"line":26,"column":2},"end":{"line":26,"column":71}},"16":{"start":{"line":26,"column":31},"end":{"line":26,"column":69}},"17":{"start":{"line":27,"column":2},"end":{"line":27,"column":74}},"18":{"start":{"line":27,"column":33},"end":{"line":27,"column":72}},"19":{"start":{"line":28,"column":2},"end":{"line":28,"column":71}},"20":{"start":{"line":28,"column":32},"end":{"line":28,"column":69}},"21":{"start":{"line":29,"column":2},"end":{"line":29,"column":70}},"22":{"start":{"line":29,"column":25},"end":{"line":29,"column":68}},"23":{"start":{"line":30,"column":2},"end":{"line":32,"column":4}},"24":{"start":{"line":31,"column":4},"end":{"line":31,"column":63}},"25":{"start":{"line":36,"column":2},"end":{"line":36,"column":51}},"26":{"start":{"line":36,"column":30},"end":{"line":36,"column":49}},"27":{"start":{"line":41,"column":2},"end":{"line":52,"column":3}},"28":{"start":{"line":43,"column":6},"end":{"line":43,"column":28}},"29":{"start":{"line":45,"column":6},"end":{"line":45,"column":25}},"30":{"start":{"line":47,"column":6},"end":{"line":47,"column":26}},"31":{"start":{"line":49,"column":6},"end":{"line":49,"column":29}},"32":{"start":{"line":51,"column":6},"end":{"line":51,"column":23}},"33":{"start":{"line":61,"column":19},"end":{"line":61,"column":70}},"34":{"start":{"line":64,"column":2},"end":{"line":66,"column":3}},"35":{"start":{"line":65,"column":4},"end":{"line":65,"column":32}},"36":{"start":{"line":67,"column":2},"end":{"line":67,"column":33}},"37":{"start":{"line":69,"column":16},"end":{"line":69,"column":17}},"38":{"start":{"line":71,"column":2},"end":{"line":90,"column":3}},"39":{"start":{"line":72,"column":4},"end":{"line":89,"column":5}},"40":{"start":{"line":73,"column":6},"end":{"line":73,"column":19}},"41":{"start":{"line":74,"column":6},"end":{"line":74,"column":78}},"42":{"start":{"line":75,"column":6},"end":{"line":75,"column":72}},"43":{"start":{"line":76,"column":6},"end":{"line":76,"column":33}},"44":{"start":{"line":78,"column":6},"end":{"line":78,"column":75}},"45":{"start":{"line":79,"column":6},"end":{"line":86,"column":7}},"46":{"start":{"line":81,"column":8},"end":{"line":84,"column":9}},"47":{"start":{"line":82,"column":10},"end":{"line":82,"column":75}},"48":{"start":{"line":83,"column":10},"end":{"line":83,"column":26}},"49":{"start":{"line":85,"column":8},"end":{"line":85,"column":20}},"50":{"start":{"line":87,"column":22},"end":{"line":87,"column":78}},"51":{"start":{"line":88,"column":6},"end":{"line":88,"column":27}},"52":{"start":{"line":94,"column":2},"end":{"line":98,"column":3}},"53":{"start":{"line":95,"column":4},"end":{"line":95,"column":32}},"54":{"start":{"line":97,"column":4},"end":{"line":97,"column":72}},"55":{"start":{"line":102,"column":2},"end":{"line":102,"column":51}},"56":{"start":{"line":102,"column":44},"end":{"line":102,"column":51}},"57":{"start":{"line":104,"column":2},"end":{"line":115,"column":5}},"58":{"start":{"line":105,"column":24},"end":{"line":109,"column":5}},"59":{"start":{"line":106,"column":6},"end":{"line":106,"column":28}},"60":{"start":{"line":107,"column":6},"end":{"line":107,"column":56}},"61":{"start":{"line":108,"column":6},"end":{"line":108,"column":16}},"62":{"start":{"line":110,"column":4},"end":{"line":110,"column":53}},"63":{"start":{"line":111,"column":4},"end":{"line":114,"column":18}},"64":{"start":{"line":112,"column":6},"end":{"line":112,"column":56}},"65":{"start":{"line":113,"column":6},"end":{"line":113,"column":69}},"66":{"start":{"line":118,"column":0},"end":{"line":118,"column":77}}},"fnMap":{"0":{"name":"attachConnectionEventLogging","decl":{"start":{"line":20,"column":9},"end":{"line":20,"column":37}},"loc":{"start":{"line":20,"column":40},"end":{"line":33,"column":1}},"line":20},"1":{"name":"(anonymous_1)","decl":{"start":{"line":24,"column":24},"end":{"line":24,"column":25}},"loc":{"start":{"line":24,"column":30},"end":{"line":24,"column":66}},"line":24},"2":{"name":"(anonymous_2)","decl":{"start":{"line":25,"column":23},"end":{"line":25,"column":24}},"loc":{"start":{"line":25,"column":29},"end":{"line":25,"column":63}},"line":25},"3":{"name":"(anonymous_3)","decl":{"start":{"line":26,"column":25},"end":{"line":26,"column":26}},"loc":{"start":{"line":26,"column":31},"end":{"line":26,"column":69}},"line":26},"4":{"name":"(anonymous_4)","decl":{"start":{"line":27,"column":27},"end":{"line":27,"column":28}},"loc":{"start":{"line":27,"column":33},"end":{"line":27,"column":72}},"line":27},"5":{"name":"(anonymous_5)","decl":{"start":{"line":28,"column":26},"end":{"line":28,"column":27}},"loc":{"start":{"line":28,"column":32},"end":{"line":28,"column":69}},"line":28},"6":{"name":"(anonymous_6)","decl":{"start":{"line":29,"column":19},"end":{"line":29,"column":20}},"loc":{"start":{"line":29,"column":25},"end":{"line":29,"column":68}},"line":29},"7":{"name":"(anonymous_7)","decl":{"start":{"line":30,"column":19},"end":{"line":30,"column":20}},"loc":{"start":{"line":31,"column":4},"end":{"line":31,"column":63}},"line":31},"8":{"name":"sleep","decl":{"start":{"line":35,"column":9},"end":{"line":35,"column":14}},"loc":{"start":{"line":35,"column":19},"end":{"line":37,"column":1}},"line":35},"9":{"name":"(anonymous_9)","decl":{"start":{"line":36,"column":21},"end":{"line":36,"column":22}},"loc":{"start":{"line":36,"column":30},"end":{"line":36,"column":49}},"line":36},"10":{"name":"readyStateName","decl":{"start":{"line":39,"column":9},"end":{"line":39,"column":23}},"loc":{"start":{"line":39,"column":26},"end":{"line":53,"column":1}},"line":39},"11":{"name":"connectDB","decl":{"start":{"line":55,"column":15},"end":{"line":55,"column":24}},"loc":{"start":{"line":60,"column":8},"end":{"line":91,"column":1}},"line":60},"12":{"name":"disconnectDB","decl":{"start":{"line":93,"column":15},"end":{"line":93,"column":27}},"loc":{"start":{"line":93,"column":30},"end":{"line":99,"column":1}},"line":93},"13":{"name":"waitForDbReady","decl":{"start":{"line":101,"column":15},"end":{"line":101,"column":29}},"loc":{"start":{"line":101,"column":49},"end":{"line":116,"column":1}},"line":101},"14":{"name":"(anonymous_14)","decl":{"start":{"line":104,"column":21},"end":{"line":104,"column":22}},"loc":{"start":{"line":104,"column":42},"end":{"line":115,"column":3}},"line":104},"15":{"name":"(anonymous_15)","decl":{"start":{"line":105,"column":24},"end":{"line":105,"column":25}},"loc":{"start":{"line":105,"column":30},"end":{"line":109,"column":5}},"line":105},"16":{"name":"(anonymous_16)","decl":{"start":{"line":111,"column":25},"end":{"line":111,"column":26}},"loc":{"start":{"line":111,"column":31},"end":{"line":114,"column":5}},"line":111}},"branchMap":{"0":{"loc":{"start":{"line":6,"column":35},"end":{"line":6,"column":66}},"type":"binary-expr","locations":[{"start":{"line":6,"column":35},"end":{"line":6,"column":61}},{"start":{"line":6,"column":65},"end":{"line":6,"column":66}}],"line":6},"1":{"loc":{"start":{"line":7,"column":38},"end":{"line":7,"column":75}},"type":"binary-expr","locations":[{"start":{"line":7,"column":38},"end":{"line":7,"column":67}},{"start":{"line":7,"column":71},"end":{"line":7,"column":75}}],"line":7},"2":{"loc":{"start":{"line":13,"column":22},"end":{"line":13,"column":51}},"type":"binary-expr","locations":[{"start":{"line":13,"column":22},"end":{"line":13,"column":45}},{"start":{"line":13,"column":49},"end":{"line":13,"column":51}}],"line":13},"3":{"loc":{"start":{"line":14,"column":22},"end":{"line":14,"column":50}},"type":"binary-expr","locations":[{"start":{"line":14,"column":22},"end":{"line":14,"column":45}},{"start":{"line":14,"column":49},"end":{"line":14,"column":50}}],"line":14},"4":{"loc":{"start":{"line":15,"column":35},"end":{"line":15,"column":76}},"type":"binary-expr","locations":[{"start":{"line":15,"column":35},"end":{"line":15,"column":67}},{"start":{"line":15,"column":71},"end":{"line":15,"column":76}}],"line":15},"5":{"loc":{"start":{"line":16,"column":26},"end":{"line":16,"column":67}},"type":"binary-expr","locations":[{"start":{"line":16,"column":26},"end":{"line":16,"column":58}},{"start":{"line":16,"column":62},"end":{"line":16,"column":67}}],"line":16},"6":{"loc":{"start":{"line":21,"column":2},"end":{"line":21,"column":32}},"type":"if","locations":[{"start":{"line":21,"column":2},"end":{"line":21,"column":32}},{"start":{"line":21,"column":2},"end":{"line":21,"column":32}}],"line":21},"7":{"loc":{"start":{"line":41,"column":2},"end":{"line":52,"column":3}},"type":"switch","locations":[{"start":{"line":42,"column":4},"end":{"line":43,"column":28}},{"start":{"line":44,"column":4},"end":{"line":45,"column":25}},{"start":{"line":46,"column":4},"end":{"line":47,"column":26}},{"start":{"line":48,"column":4},"end":{"line":49,"column":29}},{"start":{"line":50,"column":4},"end":{"line":51,"column":23}}],"line":41},"8":{"loc":{"start":{"line":55,"column":25},"end":{"line":60,"column":6}},"type":"default-arg","locations":[{"start":{"line":60,"column":4},"end":{"line":60,"column":6}}],"line":55},"9":{"loc":{"start":{"line":57,"column":2},"end":{"line":57,"column":34}},"type":"default-arg","locations":[{"start":{"line":57,"column":15},"end":{"line":57,"column":34}}],"line":57},"10":{"loc":{"start":{"line":58,"column":2},"end":{"line":58,"column":39}},"type":"default-arg","locations":[{"start":{"line":58,"column":17},"end":{"line":58,"column":39}}],"line":58},"11":{"loc":{"start":{"line":59,"column":2},"end":{"line":59,"column":14}},"type":"default-arg","locations":[{"start":{"line":59,"column":12},"end":{"line":59,"column":14}}],"line":59},"12":{"loc":{"start":{"line":61,"column":19},"end":{"line":61,"column":70}},"type":"binary-expr","locations":[{"start":{"line":61,"column":19},"end":{"line":61,"column":22}},{"start":{"line":61,"column":26},"end":{"line":61,"column":49}},{"start":{"line":61,"column":53},"end":{"line":61,"column":70}}],"line":61},"13":{"loc":{"start":{"line":64,"column":2},"end":{"line":66,"column":3}},"type":"if","locations":[{"start":{"line":64,"column":2},"end":{"line":66,"column":3}},{"start":{"line":64,"column":2},"end":{"line":66,"column":3}}],"line":64},"14":{"loc":{"start":{"line":64,"column":6},"end":{"line":64,"column":59}},"type":"binary-expr","locations":[{"start":{"line":64,"column":6},"end":{"line":64,"column":18}},{"start":{"line":64,"column":22},"end":{"line":64,"column":59}}],"line":64},"15":{"loc":{"start":{"line":79,"column":6},"end":{"line":86,"column":7}},"type":"if","locations":[{"start":{"line":79,"column":6},"end":{"line":86,"column":7}},{"start":{"line":79,"column":6},"end":{"line":86,"column":7}}],"line":79},"16":{"loc":{"start":{"line":79,"column":10},"end":{"line":79,"column":48}},"type":"binary-expr","locations":[{"start":{"line":79,"column":10},"end":{"line":79,"column":31}},{"start":{"line":79,"column":35},"end":{"line":79,"column":48}}],"line":79},"17":{"loc":{"start":{"line":81,"column":8},"end":{"line":84,"column":9}},"type":"if","locations":[{"start":{"line":81,"column":8},"end":{"line":84,"column":9}},{"start":{"line":81,"column":8},"end":{"line":84,"column":9}}],"line":81},"18":{"loc":{"start":{"line":101,"column":30},"end":{"line":101,"column":47}},"type":"default-arg","locations":[{"start":{"line":101,"column":42},"end":{"line":101,"column":47}}],"line":101},"19":{"loc":{"start":{"line":102,"column":2},"end":{"line":102,"column":51}},"type":"if","locations":[{"start":{"line":102,"column":2},"end":{"line":102,"column":51}},{"start":{"line":102,"column":2},"end":{"line":102,"column":51}}],"line":102}},"s":{"0":1,"1":1,"2":1,"3":1,"4":1,"5":1,"6":1,"7":1,"8":0,"9":1,"10":1,"11":1,"12":1,"13":1,"14":1,"15":1,"16":0,"17":1,"18":1,"19":1,"20":1,"21":1,"22":1,"23":1,"24":0,"25":0,"26":0,"27":0,"28":0,"29":0,"30":0,"31":0,"32":0,"33":1,"34":1,"35":0,"36":1,"37":1,"38":1,"39":1,"40":1,"41":1,"42":1,"43":1,"44":0,"45":0,"46":0,"47":0,"48":0,"49":0,"50":0,"51":0,"52":1,"53":1,"54":0,"55":0,"56":0,"57":0,"58":0,"59":0,"60":0,"61":0,"62":0,"63":0,"64":0,"65":0,"66":1},"f":{"0":1,"1":1,"2":1,"3":0,"4":1,"5":1,"6":1,"7":0,"8":0,"9":0,"10":0,"11":1,"12":1,"13":0,"14":0,"15":0,"16":0},"b":{"0":[1,1],"1":[1,1],"2":[1,1],"3":[1,1],"4":[1,1],"5":[1,1],"6":[0,1],"7":[0,0,0,0,0],"8":[1],"9":[1],"10":[1],"11":[1],"12":[1,1,0],"13":[0,1],"14":[1,0],"15":[0,0],"16":[0,0],"17":[0,0],"18":[0],"19":[0,0]},"_coverageSchema":"1a1c01bbd47fc00a2c39e90264f33305004495a9","hash":"219933a70c2bd7ba1ea45a54aed22d45306aaaf5","contentHash":"d880f200304fd0f75f9dcc6edd102d7b8bdd4cd3969ae246f9d6f7340b8e9cbc"},"c:\\Smart Business AI Assistant\\backend\\src\\socket.js":{"path":"c:\\Smart Business AI Assistant\\backend\\src\\socket.js","statementMap":{"0":{"start":{"line":1,"column":19},"end":{"line":1,"column":39}},"1":{"start":{"line":2,"column":15},"end":{"line":2,"column":41}},"2":{"start":{"line":3,"column":15},"end":{"line":3,"column":40}},"3":{"start":{"line":6,"column":13},"end":{"line":8,"column":4}},"4":{"start":{"line":10,"column":2},"end":{"line":26,"column":5}},"5":{"start":{"line":11,"column":4},"end":{"line":11,"column":62}},"6":{"start":{"line":13,"column":4},"end":{"line":16,"column":7}},"7":{"start":{"line":14,"column":6},"end":{"line":14,"column":36}},"8":{"start":{"line":15,"column":6},"end":{"line":15,"column":50}},"9":{"start":{"line":18,"column":4},"end":{"line":21,"column":7}},"10":{"start":{"line":19,"column":6},"end":{"line":19,"column":40}},"11":{"start":{"line":20,"column":6},"end":{"line":20,"column":54}},"12":{"start":{"line":23,"column":4},"end":{"line":25,"column":7}},"13":{"start":{"line":24,"column":6},"end":{"line":24,"column":67}},"14":{"start":{"line":28,"column":2},"end":{"line":28,"column":12}},"15":{"start":{"line":31,"column":0},"end":{"line":31,"column":34}}},"fnMap":{"0":{"name":"attachSocket","decl":{"start":{"line":5,"column":9},"end":{"line":5,"column":21}},"loc":{"start":{"line":5,"column":30},"end":{"line":29,"column":1}},"line":5},"1":{"name":"(anonymous_1)","decl":{"start":{"line":10,"column":22},"end":{"line":10,"column":23}},"loc":{"start":{"line":10,"column":34},"end":{"line":26,"column":3}},"line":10},"2":{"name":"(anonymous_2)","decl":{"start":{"line":13,"column":32},"end":{"line":13,"column":33}},"loc":{"start":{"line":13,"column":44},"end":{"line":16,"column":5}},"line":13},"3":{"name":"(anonymous_3)","decl":{"start":{"line":18,"column":34},"end":{"line":18,"column":35}},"loc":{"start":{"line":18,"column":48},"end":{"line":21,"column":5}},"line":18},"4":{"name":"(anonymous_4)","decl":{"start":{"line":23,"column":28},"end":{"line":23,"column":29}},"loc":{"start":{"line":23,"column":34},"end":{"line":25,"column":5}},"line":23}},"branchMap":{},"s":{"0":1,"1":1,"2":1,"3":1,"4":1,"5":0,"6":0,"7":0,"8":0,"9":0,"10":0,"11":0,"12":0,"13":0,"14":1,"15":1},"f":{"0":1,"1":0,"2":0,"3":0,"4":0},"b":{},"_coverageSchema":"1a1c01bbd47fc00a2c39e90264f33305004495a9","hash":"3d75c3ad805d988974cfcfde72fa16a81af7cfcb","contentHash":"22de5cb87a595a9963bc7e9aff0bd4e67d176e4d1e639063f6df3e635d7ed533"}}