{"C:\\Smart Business AI Assistant\\backend\\src\\server.js":{"path":"C:\\Smart Business AI Assistant\\backend\\src\\server.js","statementMap":{"0":{"start":{"line":1,"column":25},"end":{"line":1,"column":40}},"1":{"start":{"line":2,"column":15},"end":{"line":2,"column":41}},"2":{"start":{"line":3,"column":15},"end":{"line":3,"column":40}},"3":{"start":{"line":4,"column":22},"end":{"line":4,"column":38}},"4":{"start":{"line":5,"column":36},"end":{"line":5,"column":51}},"5":{"start":{"line":6,"column":25},"end":{"line":6,"column":44}},"6":{"start":{"line":8,"column":12},"end":{"line":8,"column":22}},"7":{"start":{"line":9,"column":15},"end":{"line":9,"column":28}},"8":{"start":{"line":10,"column":13},"end":{"line":10,"column":24}},"9":{"start":{"line":12,"column":12},"end":{"line":12,"column":23}},"10":{"start":{"line":13,"column":15},"end":{"line":13,"column":32}},"11":{"start":{"line":14,"column":11},"end":{"line":14,"column":31}},"12":{"start":{"line":17,"column":0},"end":{"line":20,"column":3}},"13":{"start":{"line":18,"column":2},"end":{"line":18,"column":14}},"14":{"start":{"line":19,"column":2},"end":{"line":19,"column":9}},"15":{"start":{"line":22,"column":20},"end":{"line":32,"column":1}},"16":{"start":{"line":23,"column":2},"end":{"line":23,"column":20}},"17":{"start":{"line":24,"column":2},"end":{"line":31,"column":5}},"18":{"start":{"line":25,"column":21},"end":{"line":30,"column":6}},"19":{"start":{"line":26,"column":6},"end":{"line":26,"column":55}},"20":{"start":{"line":27,"column":6},"end":{"line":27,"column":50}},"21":{"start":{"line":28,"column":6},"end":{"line":28,"column":65}},"22":{"start":{"line":29,"column":6},"end":{"line":29,"column":24}},"23":{"start":{"line":34,"column":19},"end":{"line":37,"column":1}},"24":{"start":{"line":35,"column":2},"end":{"line":35,"column":23}},"25":{"start":{"line":36,"column":2},"end":{"line":36,"column":65}},"26":{"start":{"line":36,"column":34},"end":{"line":36,"column":63}},"27":{"start":{"line":36,"column":53},"end":{"line":36,"column":62}},"28":{"start":{"line":39,"column":0},"end":{"line":41,"column":1}},"29":{"start":{"line":40,"column":2},"end":{"line":40,"column":16}},"30":{"start":{"line":43,"column":0},"end":{"line":43,"column":62}},"31":{"start":{"line":46,"column":0},"end":{"line":65,"column":1}},"32":{"start":{"line":47,"column":2},"end":{"line":49,"column":5}},"33":{"start":{"line":48,"column":4},"end":{"line":48,"column":57}},"34":{"start":{"line":50,"column":2},"end":{"line":52,"column":5}},"35":{"start":{"line":51,"column":4},"end":{"line":51,"column":48}},"36":{"start":{"line":53,"column":19},"end":{"line":62,"column":3}},"37":{"start":{"line":54,"column":4},"end":{"line":61,"column":5}},"38":{"start":{"line":55,"column":6},"end":{"line":55,"column":61}},"39":{"start":{"line":56,"column":6},"end":{"line":56,"column":25}},"40":{"start":{"line":57,"column":6},"end":{"line":57,"column":22}},"41":{"start":{"line":59,"column":6},"end":{"line":59,"column":56}},"42":{"start":{"line":60,"column":6},"end":{"line":60,"column":22}},"43":{"start":{"line":63,"column":2},"end":{"line":63,"column":49}},"44":{"start":{"line":63,"column":29},"end":{"line":63,"column":47}},"45":{"start":{"line":64,"column":2},"end":{"line":64,"column":51}},"46":{"start":{"line":64,"column":30},"end":{"line":64,"column":49}}},"fnMap":{"0":{"name":"(anonymous_0)","decl":{"start":{"line":17,"column":8},"end":{"line":17,"column":9}},"loc":{"start":{"line":17,"column":29},"end":{"line":20,"column":1}},"line":17},"1":{"name":"(anonymous_1)","decl":{"start":{"line":22,"column":20},"end":{"line":22,"column":21}},"loc":{"start":{"line":22,"column":32},"end":{"line":32,"column":1}},"line":22},"2":{"name":"(anonymous_2)","decl":{"start":{"line":24,"column":21},"end":{"line":24,"column":22}},"loc":{"start":{"line":24,"column":34},"end":{"line":31,"column":3}},"line":24},"3":{"name":"(anonymous_3)","decl":{"start":{"line":25,"column":41},"end":{"line":25,"column":42}},"loc":{"start":{"line":25,"column":47},"end":{"line":30,"column":5}},"line":25},"4":{"name":"(anonymous_4)","decl":{"start":{"line":34,"column":19},"end":{"line":34,"column":20}},"loc":{"start":{"line":34,"column":31},"end":{"line":37,"column":1}},"line":34},"5":{"name":"(anonymous_5)","decl":{"start":{"line":36,"column":21},"end":{"line":36,"column":22}},"loc":{"start":{"line":36,"column":34},"end":{"line":36,"column":63}},"line":36},"6":{"name":"(anonymous_6)","decl":{"start":{"line":36,"column":47},"end":{"line":36,"column":48}},"loc":{"start":{"line":36,"column":53},"end":{"line":36,"column":62}},"line":36},"7":{"name":"(anonymous_7)","decl":{"start":{"line":47,"column":35},"end":{"line":47,"column":36}},"loc":{"start":{"line":47,"column":47},"end":{"line":49,"column":3}},"line":47},"8":{"name":"(anonymous_8)","decl":{"start":{"line":50,"column":34},"end":{"line":50,"column":35}},"loc":{"start":{"line":50,"column":43},"end":{"line":52,"column":3}},"line":50},"9":{"name":"(anonymous_9)","decl":{"start":{"line":53,"column":19},"end":{"line":53,"column":20}},"loc":{"start":{"line":53,"column":37},"end":{"line":62,"column":3}},"line":53},"10":{"name":"(anonymous_10)","decl":{"start":{"line":63,"column":23},"end":{"line":63,"column":24}},"loc":{"start":{"line":63,"column":29},"end":{"line":63,"column":47}},"line":63},"11":{"name":"(anonymous_11)","decl":{"start":{"line":64,"column":24},"end":{"line":64,"column":25}},"loc":{"start":{"line":64,"column":30},"end":{"line":64,"column":49}},"line":64}},"branchMap":{"0":{"loc":{"start":{"line":39,"column":0},"end":{"line":41,"column":1}},"type":"if","locations":[{"start":{"line":39,"column":0},"end":{"line":41,"column":1}},{"start":{"line":39,"column":0},"end":{"line":41,"column":1}}],"line":39},"1":{"loc":{"start":{"line":46,"column":0},"end":{"line":65,"column":1}},"type":"if","locations":[{"start":{"line":46,"column":0},"end":{"line":65,"column":1}},{"start":{"line":46,"column":0},"end":{"line":65,"column":1}}],"line":46}},"s":{"0":1,"1":1,"2":1,"3":1,"4":1,"5":1,"6":1,"7":1,"8":1,"9":1,"10":1,"11":1,"12":1,"13":0,"14":0,"15":1,"16":1,"17":1,"18":1,"19":1,"20":1,"21":1,"22":1,"23":1,"24":1,"25":1,"26":1,"27":1,"28":1,"29":0,"30":1,"31":1,"32":0,"33":0,"34":0,"35":0,"36":0,"37":0,"38":0,"39":0,"40":0,"41":0,"42":0,"43":0,"44":0,"45":0,"46":0},"f":{"0":0,"1":1,"2":1,"3":1,"4":1,"5":1,"6":1,"7":0,"8":0,"9":0,"10":0,"11":0},"b":{"0":[0,1],"1":[0,1]},"_coverageSchema":"1a1c01bbd47fc00a2c39e90264f33305004495a9","hash":"180b818ce03eae8162c0b3fd0c501c90d63a9b68","contentHash":"29d77fcfecdd4e8b4cca999c10061acebe645b4782857263d9f32e3e5e34910f"},"C:\\Smart Business AI Assistant\\backend\\src\\config\\config.js":{"path":"C:\\Smart Business AI Assistant\\backend\\src\\config\\config.js","statementMap":{"0":{"start":{"line":4,"column":0},"end":{"line":4,"column":27}},"1":{"start":{"line":5,"column":16},"end":{"line":5,"column":32}},"2":{"start":{"line":7,"column":12},"end":{"line":7,"column":69}},"3":{"start":{"line":8,"column":14},"end":{"line":8,"column":35}},"4":{"start":{"line":9,"column":15},"end":{"line":9,"column":29}},"5":{"start":{"line":10,"column":15},"end":{"line":10,"column":35}},"6":{"start":{"line":12,"column":15},"end":{"line":52,"column":1}},"7":{"start":{"line":54,"column":0},"end":{"line":54,"column":24}}},"fnMap":{},"branchMap":{"0":{"loc":{"start":{"line":7,"column":12},"end":{"line":7,"column":69}},"type":"binary-expr","locations":[{"start":{"line":7,"column":12},"end":{"line":7,"column":28}},{"start":{"line":7,"column":32},"end":{"line":7,"column":52}},{"start":{"line":7,"column":56},"end":{"line":7,"column":69}}],"line":7},"1":{"loc":{"start":{"line":19,"column":15},"end":{"line":19,"column":55}},"type":"binary-expr","locations":[{"start":{"line":19,"column":15},"end":{"line":19,"column":27}},{"start":{"line":19,"column":31},"end":{"line":19,"column":47}},{"start":{"line":19,"column":51},"end":{"line":19,"column":55}}],"line":19},"2":{"loc":{"start":{"line":21,"column":4},"end":{"line":21,"column":79}},"type":"binary-expr","locations":[{"start":{"line":21,"column":4},"end":{"line":21,"column":24}},{"start":{"line":21,"column":28},"end":{"line":21,"column":52}},{"start":{"line":21,"column":56},"end":{"line":21,"column":79}}],"line":21},"3":{"loc":{"start":{"line":25,"column":4},"end":{"line":27,"column":49}},"type":"binary-expr","locations":[{"start":{"line":25,"column":4},"end":{"line":25,"column":23}},{"start":{"line":26,"column":4},"end":{"line":26,"column":27}},{"start":{"line":27,"column":4},"end":{"line":27,"column":49}}],"line":25},"4":{"loc":{"start":{"line":31,"column":4},"end":{"line":33,"column":20}},"type":"binary-expr","locations":[{"start":{"line":31,"column":4},"end":{"line":31,"column":32}},{"start":{"line":32,"column":6},"end":{"line":32,"column":38}},{"start":{"line":33,"column":6},"end":{"line":33,"column":20}}],"line":31},"5":{"loc":{"start":{"line":36,"column":4},"end":{"line":36,"column":63}},"type":"binary-expr","locations":[{"start":{"line":36,"column":4},"end":{"line":36,"column":26}},{"start":{"line":36,"column":30},"end":{"line":36,"column":56}},{"start":{"line":36,"column":60},"end":{"line":36,"column":63}}],"line":36},"6":{"loc":{"start":{"line":41,"column":4},"end":{"line":41,"column":78}},"type":"binary-expr","locations":[{"start":{"line":41,"column":4},"end":{"line":41,"column":33}},{"start":{"line":41,"column":37},"end":{"line":41,"column":70}},{"start":{"line":41,"column":74},"end":{"line":41,"column":78}}],"line":41},"7":{"loc":{"start":{"line":45,"column":12},"end":{"line":45,"column":64}},"type":"binary-expr","locations":[{"start":{"line":45,"column":12},"end":{"line":45,"column":29}},{"start":{"line":45,"column":33},"end":{"line":45,"column":54}},{"start":{"line":45,"column":58},"end":{"line":45,"column":64}}],"line":45},"8":{"loc":{"start":{"line":49,"column":5},"end":{"line":51,"column":47}},"type":"binary-expr","locations":[{"start":{"line":49,"column":5},"end":{"line":49,"column":27}},{"start":{"line":50,"column":6},"end":{"line":50,"column":32}},{"start":{"line":51,"column":7},"end":{"line":51,"column":46}}],"line":49},"9":{"loc":{"start":{"line":51,"column":7},"end":{"line":51,"column":46}},"type":"cond-expr","locations":[{"start":{"line":51,"column":30},"end":{"line":51,"column":36}},{"start":{"line":51,"column":39},"end":{"line":51,"column":46}}],"line":51}},"s":{"0":1,"1":1,"2":1,"3":1,"4":1,"5":1,"6":1,"7":1},"f":{},"b":{"0":[1,0,0],"1":[1,0,0],"2":[1,0,0],"3":[1,0,0],"4":[1,0,0],"5":[1,0,0],"6":[1,0,0],"7":[1,0,0],"8":[1,0,0],"9":[0,0]},"_coverageSchema":"1a1c01bbd47fc00a2c39e90264f33305004495a9","hash":"ac17601388f4d5f2d9ca70748bed4ab413008d2b","contentHash":"d3c44b1dffcca5ce211491dc49aa969897b59e4e2ae0365fab49f411a5303b42"},"C:\\Smart Business AI Assistant\\backend\\src\\config\\env.js":{"path":"C:\\Smart Business AI Assistant\\backend\\src\\config\\env.js","statementMap":{"0":{"start":{"line":4,"column":37},"end":{"line":4,"column":55}},"1":{"start":{"line":5,"column":0},"end":{"line":5,"column":27}},"2":{"start":{"line":7,"column":12},"end":{"line":31,"column":2}},"3":{"start":{"line":33,"column":0},"end":{"line":33,"column":21}}},"fnMap":{},"branchMap":{},"s":{"0":1,"1":1,"2":1,"3":1},"f":{},"b":{},"_coverageSchema":"1a1c01bbd47fc00a2c39e90264f33305004495a9","hash":"9850d0e0404e2210c252b517323f33cc6a3d2b3d","contentHash":"868d44107c3b962113230e91f8d43e80ccbedf4446fe53204efd8f4cab698c3d"},"C:\\Smart Business AI Assistant\\backend\\src\\utils\\logger.js":{"path":"C:\\Smart Business AI Assistant\\backend\\src\\utils\\logger.js","statementMap":{"0":{"start":{"line":8,"column":13},"end":{"line":8,"column":28}},"1":{"start":{"line":9,"column":15},"end":{"line":9,"column":42}},"2":{"start":{"line":10,"column":14},"end":{"line":10,"column":26}},"3":{"start":{"line":11,"column":14},"end":{"line":11,"column":29}},"4":{"start":{"line":13,"column":15},"end":{"line":25,"column":19}},"5":{"start":{"line":27,"column":0},"end":{"line":27,"column":24}}},"fnMap":{},"branchMap":{"0":{"loc":{"start":{"line":13,"column":15},"end":{"line":25,"column":19}},"type":"cond-expr","locations":[{"start":{"line":14,"column":4},"end":{"line":24,"column":6}},{"start":{"line":25,"column":4},"end":{"line":25,"column":19}}],"line":13}},"s":{"0":1,"1":1,"2":1,"3":1,"4":1,"5":1},"f":{},"b":{"0":[0,1]},"_coverageSchema":"1a1c01bbd47fc00a2c39e90264f33305004495a9","hash":"fc4c62ebbb1a9517909389cb2ca10c1a64e48e84","contentHash":"83467851181841a951a6320ef5ecd0ec4dafb18e3bfb9b82a7209d0e1616b7c4"},"C:\\Smart Business AI Assistant\\backend\\src\\app.js":{"path":"C:\\Smart Business AI Assistant\\backend\\src\\app.js","statementMap":{"0":{"start":{"line":1,"column":16},"end":{"line":1,"column":34}},"1":{"start":{"line":2,"column":13},"end":{"line":2,"column":28}},"2":{"start":{"line":3,"column":15},"end":{"line":3,"column":32}},"3":{"start":{"line":4,"column":20},"end":{"line":4,"column":42}},"4":{"start":{"line":5,"column":18},"end":{"line":5,"column":47}},"5":{"start":{"line":6,"column":13},"end":{"line":6,"column":28}},"6":{"start":{"line":7,"column":17},"end":{"line":7,"column":37}},"7":{"start":{"line":8,"column":15},"end":{"line":8,"column":37}},"8":{"start":{"line":9,"column":17},"end":{"line":9,"column":36}},"9":{"start":{"line":10,"column":15},"end":{"line":10,"column":41}},"10":{"start":{"line":13,"column":19},"end":{"line":13,"column":43}},"11":{"start":{"line":14,"column":19},"end":{"line":14,"column":44}},"12":{"start":{"line":15,"column":23},"end":{"line":15,"column":53}},"13":{"start":{"line":16,"column":22},"end":{"line":16,"column":50}},"14":{"start":{"line":17,"column":20},"end":{"line":17,"column":46}},"15":{"start":{"line":18,"column":27},"end":{"line":18,"column":60}},"16":{"start":{"line":19,"column":20},"end":{"line":19,"column":45}},"17":{"start":{"line":20,"column":29},"end":{"line":20,"column":65}},"18":{"start":{"line":22,"column":17},"end":{"line":22,"column":21}},"19":{"start":{"line":23,"column":0},"end":{"line":27,"column":1}},"20":{"start":{"line":24,"column":2},"end":{"line":26,"column":16}},"21":{"start":{"line":25,"column":4},"end":{"line":25,"column":42}},"22":{"start":{"line":30,"column":14},"end":{"line":30,"column":24}},"23":{"start":{"line":31,"column":17},"end":{"line":31,"column":30}},"24":{"start":{"line":32,"column":16},"end":{"line":32,"column":28}},"25":{"start":{"line":34,"column":14},"end":{"line":34,"column":23}},"26":{"start":{"line":37,"column":2},"end":{"line":37,"column":20}},"27":{"start":{"line":39,"column":2},"end":{"line":39,"column":67}},"28":{"start":{"line":42,"column":18},"end":{"line":48,"column":4}},"29":{"start":{"line":47,"column":16},"end":{"line":47,"column":22}},"30":{"start":{"line":49,"column":2},"end":{"line":49,"column":28}},"31":{"start":{"line":52,"column":2},"end":{"line":64,"column":4}},"32":{"start":{"line":65,"column":2},"end":{"line":65,"column":27}},"33":{"start":{"line":68,"column":2},"end":{"line":68,"column":43}},"34":{"start":{"line":69,"column":2},"end":{"line":69,"column":65}},"35":{"start":{"line":72,"column":21},"end":{"line":86,"column":3}},"36":{"start":{"line":87,"column":2},"end":{"line":100,"column":4}},"37":{"start":{"line":92,"column":8},"end":{"line":93,"column":65}},"38":{"start":{"line":95,"column":8},"end":{"line":95,"column":57}},"39":{"start":{"line":95,"column":42},"end":{"line":95,"column":57}},"40":{"start":{"line":96,"column":8},"end":{"line":96,"column":49}},"41":{"start":{"line":96,"column":35},"end":{"line":96,"column":49}},"42":{"start":{"line":97,"column":8},"end":{"line":97,"column":22}},"43":{"start":{"line":103,"column":2},"end":{"line":119,"column":5}},"44":{"start":{"line":104,"column":16},"end":{"line":104,"column":37}},"45":{"start":{"line":105,"column":4},"end":{"line":118,"column":7}},"46":{"start":{"line":123,"column":2},"end":{"line":127,"column":5}},"47":{"start":{"line":124,"column":20},"end":{"line":124,"column":56}},"48":{"start":{"line":125,"column":4},"end":{"line":125,"column":75}},"49":{"start":{"line":125,"column":17},"end":{"line":125,"column":75}},"50":{"start":{"line":126,"column":4},"end":{"line":126,"column":66}},"51":{"start":{"line":130,"column":2},"end":{"line":130,"column":35}},"52":{"start":{"line":131,"column":2},"end":{"line":131,"column":36}},"53":{"start":{"line":132,"column":2},"end":{"line":132,"column":45}},"54":{"start":{"line":133,"column":2},"end":{"line":133,"column":42}},"55":{"start":{"line":134,"column":2},"end":{"line":134,"column":38}},"56":{"start":{"line":135,"column":2},"end":{"line":135,"column":52}},"57":{"start":{"line":136,"column":2},"end":{"line":136,"column":37}},"58":{"start":{"line":137,"column":2},"end":{"line":137,"column":57}},"59":{"start":{"line":138,"column":2},"end":{"line":140,"column":3}},"60":{"start":{"line":139,"column":4},"end":{"line":139,"column":37}},"61":{"start":{"line":143,"column":2},"end":{"line":151,"column":5}},"62":{"start":{"line":144,"column":19},"end":{"line":144,"column":36}},"63":{"start":{"line":145,"column":15},"end":{"line":145,"column":61}},"64":{"start":{"line":146,"column":4},"end":{"line":150,"column":7}},"65":{"start":{"line":154,"column":2},"end":{"line":156,"column":4}},"66":{"start":{"line":155,"column":4},"end":{"line":155,"column":56}},"67":{"start":{"line":159,"column":2},"end":{"line":169,"column":3}},"68":{"start":{"line":160,"column":4},"end":{"line":160,"column":61}},"69":{"start":{"line":161,"column":4},"end":{"line":168,"column":7}},"70":{"start":{"line":162,"column":6},"end":{"line":167,"column":7}},"71":{"start":{"line":163,"column":8},"end":{"line":163,"column":61}},"72":{"start":{"line":164,"column":8},"end":{"line":164,"column":49}},"73":{"start":{"line":166,"column":8},"end":{"line":166,"column":40}},"74":{"start":{"line":171,"column":2},"end":{"line":171,"column":13}},"75":{"start":{"line":174,"column":0},"end":{"line":174,"column":31}}},"fnMap":{"0":{"name":"createApp","decl":{"start":{"line":29,"column":9},"end":{"line":29,"column":18}},"loc":{"start":{"line":29,"column":21},"end":{"line":172,"column":1}},"line":29},"1":{"name":"(anonymous_1)","decl":{"start":{"line":47,"column":10},"end":{"line":47,"column":11}},"loc":{"start":{"line":47,"column":16},"end":{"line":47,"column":22}},"line":47},"2":{"name":"(anonymous_2)","decl":{"start":{"line":91,"column":16},"end":{"line":91,"column":17}},"loc":{"start":{"line":92,"column":8},"end":{"line":93,"column":65}},"line":92},"3":{"name":"(anonymous_3)","decl":{"start":{"line":94,"column":22},"end":{"line":94,"column":23}},"loc":{"start":{"line":94,"column":48},"end":{"line":98,"column":7}},"line":94},"4":{"name":"(anonymous_4)","decl":{"start":{"line":103,"column":21},"end":{"line":103,"column":22}},"loc":{"start":{"line":103,"column":36},"end":{"line":119,"column":3}},"line":103},"5":{"name":"(anonymous_5)","decl":{"start":{"line":123,"column":20},"end":{"line":123,"column":21}},"loc":{"start":{"line":123,"column":35},"end":{"line":127,"column":3}},"line":123},"6":{"name":"(anonymous_6)","decl":{"start":{"line":143,"column":10},"end":{"line":143,"column":11}},"loc":{"start":{"line":143,"column":36},"end":{"line":151,"column":3}},"line":143},"7":{"name":"(anonymous_7)","decl":{"start":{"line":154,"column":15},"end":{"line":154,"column":16}},"loc":{"start":{"line":155,"column":4},"end":{"line":155,"column":56}},"line":155},"8":{"name":"(anonymous_8)","decl":{"start":{"line":161,"column":24},"end":{"line":161,"column":25}},"loc":{"start":{"line":161,"column":45},"end":{"line":168,"column":5}},"line":161}},"branchMap":{"0":{"loc":{"start":{"line":23,"column":0},"end":{"line":27,"column":1}},"type":"if","locations":[{"start":{"line":23,"column":0},"end":{"line":27,"column":1}},{"start":{"line":23,"column":0},"end":{"line":27,"column":1}}],"line":23},"1":{"loc":{"start":{"line":73,"column":4},"end":{"line":85,"column":34}},"type":"cond-expr","locations":[{"start":{"line":74,"column":8},"end":{"line":84,"column":9}},{"start":{"line":85,"column":8},"end":{"line":85,"column":34}}],"line":73},"2":{"loc":{"start":{"line":92,"column":8},"end":{"line":93,"column":65}},"type":"binary-expr","locations":[{"start":{"line":92,"column":8},"end":{"line":92,"column":35}},{"start":{"line":93,"column":8},"end":{"line":93,"column":65}}],"line":92},"3":{"loc":{"start":{"line":95,"column":8},"end":{"line":95,"column":57}},"type":"if","locations":[{"start":{"line":95,"column":8},"end":{"line":95,"column":57}},{"start":{"line":95,"column":8},"end":{"line":95,"column":57}}],"line":95},"4":{"loc":{"start":{"line":95,"column":12},"end":{"line":95,"column":40}},"type":"binary-expr","locations":[{"start":{"line":95,"column":12},"end":{"line":95,"column":33}},{"start":{"line":95,"column":37},"end":{"line":95,"column":40}}],"line":95},"5":{"loc":{"start":{"line":96,"column":8},"end":{"line":96,"column":49}},"type":"if","locations":[{"start":{"line":96,"column":8},"end":{"line":96,"column":49}},{"start":{"line":96,"column":8},"end":{"line":96,"column":49}}],"line":96},"6":{"loc":{"start":{"line":110,"column":8},"end":{"line":110,"column":75}},"type":"cond-expr","locations":[{"start":{"line":110,"column":47},"end":{"line":110,"column":58}},{"start":{"line":110,"column":61},"end":{"line":110,"column":75}}],"line":110},"7":{"loc":{"start":{"line":125,"column":4},"end":{"line":125,"column":75}},"type":"if","locations":[{"start":{"line":125,"column":4},"end":{"line":125,"column":75}},{"start":{"line":125,"column":4},"end":{"line":125,"column":75}}],"line":125},"8":{"loc":{"start":{"line":138,"column":2},"end":{"line":140,"column":3}},"type":"if","locations":[{"start":{"line":138,"column":2},"end":{"line":140,"column":3}},{"start":{"line":138,"column":2},"end":{"line":140,"column":3}}],"line":138},"9":{"loc":{"start":{"line":138,"column":6},"end":{"line":138,"column":26}},"type":"binary-expr","locations":[{"start":{"line":138,"column":6},"end":{"line":138,"column":12}},{"start":{"line":138,"column":16},"end":{"line":138,"column":26}}],"line":138},"10":{"loc":{"start":{"line":144,"column":19},"end":{"line":144,"column":36}},"type":"binary-expr","locations":[{"start":{"line":144,"column":19},"end":{"line":144,"column":29}},{"start":{"line":144,"column":33},"end":{"line":144,"column":36}}],"line":144},"11":{"loc":{"start":{"line":145,"column":15},"end":{"line":145,"column":61}},"type":"binary-expr","locations":[{"start":{"line":145,"column":15},"end":{"line":145,"column":21}},{"start":{"line":145,"column":25},"end":{"line":145,"column":52}},{"start":{"line":145,"column":56},"end":{"line":145,"column":61}}],"line":145},"12":{"loc":{"start":{"line":147,"column":15},"end":{"line":147,"column":59}},"type":"binary-expr","locations":[{"start":{"line":147,"column":15},"end":{"line":147,"column":32}},{"start":{"line":147,"column":36},"end":{"line":147,"column":59}}],"line":147},"13":{"loc":{"start":{"line":149,"column":10},"end":{"line":149,"column":63}},"type":"cond-expr","locations":[{"start":{"line":149,"column":18},"end":{"line":149,"column":58}},{"start":{"line":149,"column":61},"end":{"line":149,"column":63}}],"line":149},"14":{"loc":{"start":{"line":159,"column":2},"end":{"line":169,"column":3}},"type":"if","locations":[{"start":{"line":159,"column":2},"end":{"line":169,"column":3}},{"start":{"line":159,"column":2},"end":{"line":169,"column":3}}],"line":159}},"s":{"0":1,"1":1,"2":1,"3":1,"4":1,"5":1,"6":1,"7":1,"8":1,"9":1,"10":1,"11":1,"12":1,"13":1,"14":1,"15":1,"16":1,"17":1,"18":1,"19":1,"20":1,"21":1,"22":1,"23":1,"24":1,"25":1,"26":1,"27":1,"28":1,"29":64,"30":1,"31":1,"32":1,"33":1,"34":1,"35":1,"36":1,"37":64,"38":0,"39":0,"40":0,"41":0,"42":0,"43":1,"44":0,"45":0,"46":1,"47":0,"48":0,"49":0,"50":0,"51":1,"52":1,"53":1,"54":1,"55":1,"56":1,"57":1,"58":1,"59":1,"60":1,"61":1,"62":0,"63":0,"64":0,"65":1,"66":0,"67":1,"68":1,"69":1,"70":0,"71":0,"72":0,"73":0,"74":1,"75":1},"f":{"0":1,"1":64,"2":64,"3":0,"4":0,"5":0,"6":0,"7":0,"8":0},"b":{"0":[1,0],"1":[0,1],"2":[64,64],"3":[0,0],"4":[0,0],"5":[0,0],"6":[0,0],"7":[0,0],"8":[1,0],"9":[1,1],"10":[0,0],"11":[0,0,0],"12":[0,0],"13":[0,0],"14":[1,0]},"_coverageSchema":"1a1c01bbd47fc00a2c39e90264f33305004495a9","hash":"d40912edc8acb3bd6a6e6cee775ca2e557b73cb8","contentHash":"356d910b0c8553d33400fa7ea24add2fa6da56ddc928d577bd243f8acd992a8e"},"C:\\Smart Business AI Assistant\\backend\\src\\routes\\auth.js":{"path":"C:\\Smart Business AI Assistant\\backend\\src\\routes\\auth.js","statementMap":{"0":{"start":{"line":6,"column":16},"end":{"line":6,"column":34}},"1":{"start":{"line":7,"column":12},"end":{"line":7,"column":26}},"2":{"start":{"line":8,"column":17},"end":{"line":8,"column":50}},"3":{"start":{"line":9,"column":48},"end":{"line":9,"column":77}},"4":{"start":{"line":10,"column":19},"end":{"line":10,"column":60}},"5":{"start":{"line":11,"column":15},"end":{"line":11,"column":31}},"6":{"start":{"line":14,"column":20},"end":{"line":18,"column":1}},"7":{"start":{"line":19,"column":24},"end":{"line":23,"column":1}},"8":{"start":{"line":28,"column":0},"end":{"line":43,"column":2}},"9":{"start":{"line":48,"column":0},"end":{"line":58,"column":2}},"10":{"start":{"line":63,"column":0},"end":{"line":63,"column":42}},"11":{"start":{"line":68,"column":0},"end":{"line":81,"column":2}},"12":{"start":{"line":86,"column":0},"end":{"line":97,"column":2}},"13":{"start":{"line":102,"column":0},"end":{"line":102,"column":51}},"14":{"start":{"line":107,"column":0},"end":{"line":121,"column":2}},"15":{"start":{"line":123,"column":0},"end":{"line":123,"column":24}}},"fnMap":{},"branchMap":{},"s":{"0":1,"1":1,"2":1,"3":1,"4":1,"5":1,"6":1,"7":1,"8":1,"9":1,"10":1,"11":1,"12":1,"13":1,"14":1,"15":1},"f":{},"b":{},"_coverageSchema":"1a1c01bbd47fc00a2c39e90264f33305004495a9","hash":"d0621780e2079d8ddf74446f0e59802c28d2c51d","contentHash":"c63b60bc7fac71f8806b65065839b1669c4aeb8b2590703c0a138b647d58d672"},"C:\\Smart Business AI Assistant\\backend\\src\\middleware\\validate.js":{"path":"C:\\Smart Business AI Assistant\\backend\\src\\middleware\\validate.js","statementMap":{"0":{"start":{"line":1,"column":12},"end":{"line":1,"column":26}},"1":{"start":{"line":18,"column":0},"end":{"line":48,"column":2}},"2":{"start":{"line":19,"column":2},"end":{"line":47,"column":4}},"3":{"start":{"line":20,"column":4},"end":{"line":46,"column":5}},"4":{"start":{"line":21,"column":20},"end":{"line":21,"column":47}},"5":{"start":{"line":22,"column":6},"end":{"line":42,"column":7}},"6":{"start":{"line":23,"column":8},"end":{"line":23,"column":37}},"7":{"start":{"line":23,"column":28},"end":{"line":23,"column":37}},"8":{"start":{"line":24,"column":23},"end":{"line":24,"column":36}},"9":{"start":{"line":25,"column":33},"end":{"line":29,"column":10}},"10":{"start":{"line":30,"column":8},"end":{"line":40,"column":9}},"11":{"start":{"line":31,"column":10},"end":{"line":39,"column":13}},"12":{"start":{"line":34,"column":47},"end":{"line":38,"column":13}},"13":{"start":{"line":41,"column":8},"end":{"line":41,"column":26}},"14":{"start":{"line":43,"column":6},"end":{"line":43,"column":13}},"15":{"start":{"line":45,"column":6},"end":{"line":45,"column":16}}},"fnMap":{"0":{"name":"validate","decl":{"start":{"line":18,"column":26},"end":{"line":18,"column":34}},"loc":{"start":{"line":18,"column":49},"end":{"line":48,"column":1}},"line":18},"1":{"name":"(anonymous_1)","decl":{"start":{"line":19,"column":9},"end":{"line":19,"column":10}},"loc":{"start":{"line":19,"column":29},"end":{"line":47,"column":3}},"line":19},"2":{"name":"(anonymous_2)","decl":{"start":{"line":34,"column":39},"end":{"line":34,"column":40}},"loc":{"start":{"line":34,"column":47},"end":{"line":38,"column":13}},"line":34}},"branchMap":{"0":{"loc":{"start":{"line":18,"column":35},"end":{"line":18,"column":47}},"type":"default-arg","locations":[{"start":{"line":18,"column":45},"end":{"line":18,"column":47}}],"line":18},"1":{"loc":{"start":{"line":23,"column":8},"end":{"line":23,"column":37}},"type":"if","locations":[{"start":{"line":23,"column":8},"end":{"line":23,"column":37}},{"start":{"line":23,"column":8},"end":{"line":23,"column":37}}],"line":23},"2":{"loc":{"start":{"line":30,"column":8},"end":{"line":40,"column":9}},"type":"if","locations":[{"start":{"line":30,"column":8},"end":{"line":40,"column":9}},{"start":{"line":30,"column":8},"end":{"line":40,"column":9}}],"line":30}},"s":{"0":1,"1":1,"2":36,"3":49,"4":49,"5":49,"6":145,"7":93,"8":52,"9":52,"10":52,"11":1,"12":2,"13":51,"14":48,"15":0},"f":{"0":36,"1":49,"2":2},"b":{"0":[0],"1":[93,52],"2":[1,51]},"_coverageSchema":"1a1c01bbd47fc00a2c39e90264f33305004495a9","hash":"fcb558a5f026616baa0de50e76b000c26cf2b34d","contentHash":"ffa92cb61d11510d9a48b77bcb58ed6b22a3abcc57461c1186ae1d04d20b530f"},"C:\\Smart Business AI Assistant\\backend\\src\\middleware\\auth.js":{"path":"C:\\Smart Business AI Assistant\\backend\\src\\middleware\\auth.js","statementMap":{"0":{"start":{"line":22,"column":12},"end":{"line":22,"column":35}},"1":{"start":{"line":23,"column":13},"end":{"line":23,"column":44}},"2":{"start":{"line":26,"column":0},"end":{"line":82,"column":2}},"3":{"start":{"line":27,"column":2},"end":{"line":81,"column":3}},"4":{"start":{"line":31,"column":4},"end":{"line":36,"column":5}},"5":{"start":{"line":35,"column":6},"end":{"line":35,"column":54}},"6":{"start":{"line":39,"column":4},"end":{"line":44,"column":5}},"7":{"start":{"line":40,"column":6},"end":{"line":43,"column":9}},"8":{"start":{"line":46,"column":4},"end":{"line":75,"column":5}},"9":{"start":{"line":48,"column":22},"end":{"line":48,"column":63}},"10":{"start":{"line":51,"column":19},"end":{"line":51,"column":70}},"11":{"start":{"line":53,"column":6},"end":{"line":58,"column":7}},"12":{"start":{"line":54,"column":8},"end":{"line":57,"column":11}},"13":{"start":{"line":60,"column":6},"end":{"line":65,"column":7}},"14":{"start":{"line":61,"column":8},"end":{"line":64,"column":11}},"15":{"start":{"line":68,"column":6},"end":{"line":68,"column":22}},"16":{"start":{"line":69,"column":6},"end":{"line":69,"column":13}},"17":{"start":{"line":71,"column":6},"end":{"line":74,"column":9}},"18":{"start":{"line":77,"column":4},"end":{"line":80,"column":7}},"19":{"start":{"line":85,"column":0},"end":{"line":103,"column":2}},"20":{"start":{"line":86,"column":2},"end":{"line":102,"column":4}},"21":{"start":{"line":87,"column":4},"end":{"line":92,"column":5}},"22":{"start":{"line":88,"column":6},"end":{"line":91,"column":9}},"23":{"start":{"line":94,"column":4},"end":{"line":99,"column":5}},"24":{"start":{"line":95,"column":6},"end":{"line":98,"column":9}},"25":{"start":{"line":101,"column":4},"end":{"line":101,"column":11}},"26":{"start":{"line":106,"column":0},"end":{"line":135,"column":2}},"27":{"start":{"line":107,"column":2},"end":{"line":134,"column":3}},"28":{"start":{"line":110,"column":4},"end":{"line":115,"column":5}},"29":{"start":{"line":114,"column":6},"end":{"line":114,"column":54}},"30":{"start":{"line":117,"column":4},"end":{"line":129,"column":5}},"31":{"start":{"line":118,"column":6},"end":{"line":128,"column":7}},"32":{"start":{"line":119,"column":24},"end":{"line":119,"column":65}},"33":{"start":{"line":120,"column":21},"end":{"line":120,"column":72}},"34":{"start":{"line":122,"column":8},"end":{"line":124,"column":9}},"35":{"start":{"line":123,"column":10},"end":{"line":123,"column":26}},"36":{"start":{"line":127,"column":8},"end":{"line":127,"column":70}},"37":{"start":{"line":131,"column":4},"end":{"line":131,"column":11}},"38":{"start":{"line":133,"column":4},"end":{"line":133,"column":11}},"39":{"start":{"line":138,"column":0},"end":{"line":205,"column":2}},"40":{"start":{"line":139,"column":2},"end":{"line":204,"column":4}},"41":{"start":{"line":140,"column":4},"end":{"line":203,"column":5}},"42":{"start":{"line":141,"column":25},"end":{"line":141,"column":38}},"43":{"start":{"line":144,"column":6},"end":{"line":195,"column":7}},"44":{"start":{"line":146,"column":27},"end":{"line":146,"column":62}},"45":{"start":{"line":147,"column":10},"end":{"line":147,"column":57}},"46":{"start":{"line":148,"column":10},"end":{"line":153,"column":11}},"47":{"start":{"line":149,"column":12},"end":{"line":152,"column":15}},"48":{"start":{"line":154,"column":10},"end":{"line":162,"column":11}},"49":{"start":{"line":158,"column":12},"end":{"line":161,"column":15}},"50":{"start":{"line":163,"column":10},"end":{"line":163,"column":34}},"51":{"start":{"line":164,"column":10},"end":{"line":164,"column":16}},"52":{"start":{"line":167,"column":24},"end":{"line":167,"column":56}},"53":{"start":{"line":168,"column":10},"end":{"line":168,"column":75}},"54":{"start":{"line":169,"column":10},"end":{"line":174,"column":11}},"55":{"start":{"line":170,"column":12},"end":{"line":173,"column":15}},"56":{"start":{"line":176,"column":29},"end":{"line":176,"column":73}},"57":{"start":{"line":177,"column":27},"end":{"line":177,"column":77}},"58":{"start":{"line":178,"column":26},"end":{"line":178,"column":51}},"59":{"start":{"line":180,"column":10},"end":{"line":186,"column":11}},"60":{"start":{"line":181,"column":12},"end":{"line":185,"column":15}},"61":{"start":{"line":187,"column":10},"end":{"line":187,"column":31}},"62":{"start":{"line":188,"column":10},"end":{"line":188,"column":16}},"63":{"start":{"line":191,"column":10},"end":{"line":194,"column":13}},"64":{"start":{"line":197,"column":6},"end":{"line":197,"column":13}},"65":{"start":{"line":199,"column":6},"end":{"line":202,"column":9}},"66":{"start":{"line":208,"column":0},"end":{"line":226,"column":2}},"67":{"start":{"line":209,"column":20},"end":{"line":209,"column":49}},"68":{"start":{"line":212,"column":2},"end":{"line":214,"column":3}},"69":{"start":{"line":213,"column":4},"end":{"line":213,"column":40}},"70":{"start":{"line":213,"column":33},"end":{"line":213,"column":39}},"71":{"start":{"line":216,"column":2},"end":{"line":225,"column":5}},"72":{"start":{"line":229,"column":0},"end":{"line":253,"column":2}},"73":{"start":{"line":230,"column":17},"end":{"line":230,"column":41}},"74":{"start":{"line":232,"column":2},"end":{"line":237,"column":3}},"75":{"start":{"line":233,"column":4},"end":{"line":236,"column":7}},"76":{"start":{"line":240,"column":23},"end":{"line":243,"column":19}},"77":{"start":{"line":245,"column":2},"end":{"line":250,"column":3}},"78":{"start":{"line":246,"column":4},"end":{"line":249,"column":7}},"79":{"start":{"line":252,"column":2},"end":{"line":252,"column":9}}},"fnMap":{"0":{"name":"(anonymous_0)","decl":{"start":{"line":26,"column":18},"end":{"line":26,"column":19}},"loc":{"start":{"line":26,"column":44},"end":{"line":82,"column":1}},"line":26},"1":{"name":"(anonymous_1)","decl":{"start":{"line":85,"column":20},"end":{"line":85,"column":21}},"loc":{"start":{"line":85,"column":34},"end":{"line":103,"column":1}},"line":85},"2":{"name":"(anonymous_2)","decl":{"start":{"line":86,"column":9},"end":{"line":86,"column":10}},"loc":{"start":{"line":86,"column":29},"end":{"line":102,"column":3}},"line":86},"3":{"name":"(anonymous_3)","decl":{"start":{"line":106,"column":23},"end":{"line":106,"column":24}},"loc":{"start":{"line":106,"column":49},"end":{"line":135,"column":1}},"line":106},"4":{"name":"(anonymous_4)","decl":{"start":{"line":138,"column":25},"end":{"line":138,"column":26}},"loc":{"start":{"line":138,"column":43},"end":{"line":205,"column":1}},"line":138},"5":{"name":"(anonymous_5)","decl":{"start":{"line":139,"column":9},"end":{"line":139,"column":10}},"loc":{"start":{"line":139,"column":35},"end":{"line":204,"column":3}},"line":139},"6":{"name":"(anonymous_6)","decl":{"start":{"line":208,"column":26},"end":{"line":208,"column":27}},"loc":{"start":{"line":208,"column":54},"end":{"line":226,"column":1}},"line":208},"7":{"name":"(anonymous_7)","decl":{"start":{"line":213,"column":11},"end":{"line":213,"column":12}},"loc":{"start":{"line":213,"column":33},"end":{"line":213,"column":39}},"line":213},"8":{"name":"(anonymous_8)","decl":{"start":{"line":229,"column":25},"end":{"line":229,"column":26}},"loc":{"start":{"line":229,"column":45},"end":{"line":253,"column":1}},"line":229}},"branchMap":{"0":{"loc":{"start":{"line":31,"column":4},"end":{"line":36,"column":5}},"type":"if","locations":[{"start":{"line":31,"column":4},"end":{"line":36,"column":5}},{"start":{"line":31,"column":4},"end":{"line":36,"column":5}}],"line":31},"1":{"loc":{"start":{"line":32,"column":6},"end":{"line":33,"column":52}},"type":"binary-expr","locations":[{"start":{"line":32,"column":6},"end":{"line":32,"column":31}},{"start":{"line":33,"column":6},"end":{"line":33,"column":52}}],"line":32},"2":{"loc":{"start":{"line":39,"column":4},"end":{"line":44,"column":5}},"type":"if","locations":[{"start":{"line":39,"column":4},"end":{"line":44,"column":5}},{"start":{"line":39,"column":4},"end":{"line":44,"column":5}}],"line":39},"3":{"loc":{"start":{"line":53,"column":6},"end":{"line":58,"column":7}},"type":"if","locations":[{"start":{"line":53,"column":6},"end":{"line":58,"column":7}},{"start":{"line":53,"column":6},"end":{"line":58,"column":7}}],"line":53},"4":{"loc":{"start":{"line":60,"column":6},"end":{"line":65,"column":7}},"type":"if","locations":[{"start":{"line":60,"column":6},"end":{"line":65,"column":7}},{"start":{"line":60,"column":6},"end":{"line":65,"column":7}}],"line":60},"5":{"loc":{"start":{"line":87,"column":4},"end":{"line":92,"column":5}},"type":"if","locations":[{"start":{"line":87,"column":4},"end":{"line":92,"column":5}},{"start":{"line":87,"column":4},"end":{"line":92,"column":5}}],"line":87},"6":{"loc":{"start":{"line":94,"column":4},"end":{"line":99,"column":5}},"type":"if","locations":[{"start":{"line":94,"column":4},"end":{"line":99,"column":5}},{"start":{"line":94,"column":4},"end":{"line":99,"column":5}}],"line":94},"7":{"loc":{"start":{"line":110,"column":4},"end":{"line":115,"column":5}},"type":"if","locations":[{"start":{"line":110,"column":4},"end":{"line":115,"column":5}},{"start":{"line":110,"column":4},"end":{"line":115,"column":5}}],"line":110},"8":{"loc":{"start":{"line":111,"column":6},"end":{"line":112,"column":52}},"type":"binary-expr","locations":[{"start":{"line":111,"column":6},"end":{"line":111,"column":31}},{"start":{"line":112,"column":6},"end":{"line":112,"column":52}}],"line":111},"9":{"loc":{"start":{"line":117,"column":4},"end":{"line":129,"column":5}},"type":"if","locations":[{"start":{"line":117,"column":4},"end":{"line":129,"column":5}},{"start":{"line":117,"column":4},"end":{"line":129,"column":5}}],"line":117},"10":{"loc":{"start":{"line":122,"column":8},"end":{"line":124,"column":9}},"type":"if","locations":[{"start":{"line":122,"column":8},"end":{"line":124,"column":9}},{"start":{"line":122,"column":8},"end":{"line":124,"column":9}}],"line":122},"11":{"loc":{"start":{"line":122,"column":12},"end":{"line":122,"column":33}},"type":"binary-expr","locations":[{"start":{"line":122,"column":12},"end":{"line":122,"column":16}},{"start":{"line":122,"column":20},"end":{"line":122,"column":33}}],"line":122},"12":{"loc":{"start":{"line":144,"column":6},"end":{"line":195,"column":7}},"type":"switch","locations":[{"start":{"line":145,"column":8},"end":{"line":164,"column":16}},{"start":{"line":166,"column":8},"end":{"line":188,"column":16}},{"start":{"line":190,"column":8},"end":{"line":194,"column":13}}],"line":144},"13":{"loc":{"start":{"line":148,"column":10},"end":{"line":153,"column":11}},"type":"if","locations":[{"start":{"line":148,"column":10},"end":{"line":153,"column":11}},{"start":{"line":148,"column":10},"end":{"line":153,"column":11}}],"line":148},"14":{"loc":{"start":{"line":154,"column":10},"end":{"line":162,"column":11}},"type":"if","locations":[{"start":{"line":154,"column":10},"end":{"line":162,"column":11}},{"start":{"line":154,"column":10},"end":{"line":162,"column":11}}],"line":154},"15":{"loc":{"start":{"line":155,"column":12},"end":{"line":156,"column":37}},"type":"binary-expr","locations":[{"start":{"line":155,"column":12},"end":{"line":155,"column":53}},{"start":{"line":156,"column":12},"end":{"line":156,"column":37}}],"line":155},"16":{"loc":{"start":{"line":169,"column":10},"end":{"line":174,"column":11}},"type":"if","locations":[{"start":{"line":169,"column":10},"end":{"line":174,"column":11}},{"start":{"line":169,"column":10},"end":{"line":174,"column":11}}],"line":169},"17":{"loc":{"start":{"line":180,"column":10},"end":{"line":186,"column":11}},"type":"if","locations":[{"start":{"line":180,"column":10},"end":{"line":186,"column":11}},{"start":{"line":180,"column":10},"end":{"line":186,"column":11}}],"line":180},"18":{"loc":{"start":{"line":180,"column":14},"end":{"line":180,"column":50}},"type":"binary-expr","locations":[{"start":{"line":180,"column":14},"end":{"line":180,"column":25}},{"start":{"line":180,"column":29},"end":{"line":180,"column":38}},{"start":{"line":180,"column":42},"end":{"line":180,"column":50}}],"line":180},"19":{"loc":{"start":{"line":212,"column":2},"end":{"line":214,"column":3}},"type":"if","locations":[{"start":{"line":212,"column":2},"end":{"line":214,"column":3}},{"start":{"line":212,"column":2},"end":{"line":214,"column":3}}],"line":212},"20":{"loc":{"start":{"line":221,"column":15},"end":{"line":221,"column":70}},"type":"binary-expr","locations":[{"start":{"line":221,"column":15},"end":{"line":221,"column":22}},{"start":{"line":221,"column":26},"end":{"line":221,"column":70}}],"line":221},"21":{"loc":{"start":{"line":232,"column":2},"end":{"line":237,"column":3}},"type":"if","locations":[{"start":{"line":232,"column":2},"end":{"line":237,"column":3}},{"start":{"line":232,"column":2},"end":{"line":237,"column":3}}],"line":232},"22":{"loc":{"start":{"line":245,"column":2},"end":{"line":250,"column":3}},"type":"if","locations":[{"start":{"line":245,"column":2},"end":{"line":250,"column":3}},{"start":{"line":245,"column":2},"end":{"line":250,"column":3}}],"line":245}},"s":{"0":1,"1":1,"2":1,"3":31,"4":31,"5":31,"6":31,"7":0,"8":31,"9":31,"10":30,"11":30,"12":0,"13":30,"14":0,"15":30,"16":30,"17":1,"18":0,"19":1,"20":23,"21":25,"22":0,"23":25,"24":2,"25":23,"26":1,"27":0,"28":0,"29":0,"30":0,"31":0,"32":0,"33":0,"34":0,"35":0,"36":0,"37":0,"38":0,"39":1,"40":0,"41":0,"42":0,"43":0,"44":0,"45":0,"46":0,"47":0,"48":0,"49":0,"50":0,"51":0,"52":0,"53":0,"54":0,"55":0,"56":0,"57":0,"58":0,"59":0,"60":0,"61":0,"62":0,"63":0,"64":0,"65":0,"66":1,"67":3,"68":3,"69":3,"70":25,"71":0,"72":1,"73":0,"74":0,"75":0,"76":0,"77":0,"78":0,"79":0},"f":{"0":31,"1":23,"2":25,"3":0,"4":0,"5":0,"6":3,"7":25,"8":0},"b":{"0":[31,0],"1":[31,31],"2":[0,31],"3":[0,30],"4":[0,30],"5":[0,25],"6":[2,23],"7":[0,0],"8":[0,0],"9":[0,0],"10":[0,0],"11":[0,0],"12":[0,0,0],"13":[0,0],"14":[0,0],"15":[0,0],"16":[0,0],"17":[0,0],"18":[0,0,0],"19":[3,0],"20":[0,0],"21":[0,0],"22":[0,0]},"_coverageSchema":"1a1c01bbd47fc00a2c39e90264f33305004495a9","hash":"0731289bd6a33e94cb16e1142ee175313da1334a","contentHash":"e5a70782e8bc66722e7252c815ef307972eb0858b021765187320e583b3d3b38"},"C:\\Smart Business AI Assistant\\backend\\src\\models\\user.model.js":{"path":"C:\\Smart Business AI Assistant\\backend\\src\\models\\user.model.js","statementMap":{"0":{"start":{"line":18,"column":17},"end":{"line":18,"column":36}},"1":{"start":{"line":19,"column":15},"end":{"line":19,"column":34}},"2":{"start":{"line":21,"column":19},"end":{"line":101,"column":1}},"3":{"start":{"line":104,"column":0},"end":{"line":104,"column":56}},"4":{"start":{"line":107,"column":0},"end":{"line":109,"column":3}},"5":{"start":{"line":108,"column":2},"end":{"line":108,"column":46}},"6":{"start":{"line":112,"column":0},"end":{"line":122,"column":3}},"7":{"start":{"line":113,"column":2},"end":{"line":113,"column":50}},"8":{"start":{"line":113,"column":36},"end":{"line":113,"column":50}},"9":{"start":{"line":115,"column":2},"end":{"line":121,"column":3}},"10":{"start":{"line":116,"column":17},"end":{"line":116,"column":41}},"11":{"start":{"line":117,"column":4},"end":{"line":117,"column":59}},"12":{"start":{"line":118,"column":4},"end":{"line":118,"column":11}},"13":{"start":{"line":120,"column":4},"end":{"line":120,"column":16}},"14":{"start":{"line":125,"column":0},"end":{"line":127,"column":2}},"15":{"start":{"line":126,"column":2},"end":{"line":126,"column":64}},"16":{"start":{"line":130,"column":0},"end":{"line":133,"column":2}},"17":{"start":{"line":131,"column":2},"end":{"line":131,"column":30}},"18":{"start":{"line":132,"column":2},"end":{"line":132,"column":50}},"19":{"start":{"line":136,"column":0},"end":{"line":147,"column":3}},"20":{"start":{"line":138,"column":4},"end":{"line":138,"column":21}},"21":{"start":{"line":139,"column":4},"end":{"line":139,"column":19}},"22":{"start":{"line":140,"column":4},"end":{"line":140,"column":19}},"23":{"start":{"line":141,"column":4},"end":{"line":141,"column":24}},"24":{"start":{"line":142,"column":4},"end":{"line":142,"column":33}},"25":{"start":{"line":143,"column":4},"end":{"line":143,"column":34}},"26":{"start":{"line":144,"column":4},"end":{"line":144,"column":35}},"27":{"start":{"line":145,"column":4},"end":{"line":145,"column":15}},"28":{"start":{"line":149,"column":0},"end":{"line":149,"column":52}}},"fnMap":{"0":{"name":"(anonymous_0)","decl":{"start":{"line":107,"column":35},"end":{"line":107,"column":36}},"loc":{"start":{"line":107,"column":47},"end":{"line":109,"column":1}},"line":107},"1":{"name":"(anonymous_1)","decl":{"start":{"line":112,"column":23},"end":{"line":112,"column":24}},"loc":{"start":{"line":112,"column":45},"end":{"line":122,"column":1}},"line":112},"2":{"name":"(anonymous_2)","decl":{"start":{"line":125,"column":37},"end":{"line":125,"column":38}},"loc":{"start":{"line":125,"column":72},"end":{"line":127,"column":1}},"line":125},"3":{"name":"(anonymous_3)","decl":{"start":{"line":130,"column":37},"end":{"line":130,"column":38}},"loc":{"start":{"line":130,"column":49},"end":{"line":133,"column":1}},"line":130},"4":{"name":"(anonymous_4)","decl":{"start":{"line":137,"column":13},"end":{"line":137,"column":14}},"loc":{"start":{"line":137,"column":33},"end":{"line":146,"column":3}},"line":137}},"branchMap":{"0":{"loc":{"start":{"line":113,"column":2},"end":{"line":113,"column":50}},"type":"if","locations":[{"start":{"line":113,"column":2},"end":{"line":113,"column":50}},{"start":{"line":113,"column":2},"end":{"line":113,"column":50}}],"line":113}},"s":{"0":1,"1":1,"2":1,"3":1,"4":1,"5":8,"6":1,"7":27,"8":10,"9":17,"10":17,"11":17,"12":17,"13":0,"14":1,"15":8,"16":1,"17":8,"18":8,"19":1,"20":13,"21":13,"22":13,"23":13,"24":13,"25":13,"26":13,"27":13,"28":1},"f":{"0":8,"1":27,"2":8,"3":8,"4":13},"b":{"0":[10,17]},"_coverageSchema":"1a1c01bbd47fc00a2c39e90264f33305004495a9","hash":"36ba906f99e38041d28475c924b58728febdee2b","contentHash":"80df80b353f65b097f5cdbe25ceeb955c57ac91f8ccfb66eb5394a630650fb9c"},"C:\\Smart Business AI Assistant\\backend\\src\\controllers\\auth.controller.js":{"path":"C:\\Smart Business AI Assistant\\backend\\src\\controllers\\auth.controller.js","statementMap":{"0":{"start":{"line":6,"column":12},"end":{"line":6,"column":35}},"1":{"start":{"line":7,"column":13},"end":{"line":7,"column":44}},"2":{"start":{"line":8,"column":17},"end":{"line":8,"column":52}},"3":{"start":{"line":10,"column":22},"end":{"line":13,"column":4}},"4":{"start":{"line":11,"column":2},"end":{"line":13,"column":4}},"5":{"start":{"line":16,"column":0},"end":{"line":68,"column":2}},"6":{"start":{"line":17,"column":2},"end":{"line":67,"column":3}},"7":{"start":{"line":19,"column":6},"end":{"line":19,"column":14}},"8":{"start":{"line":21,"column":25},"end":{"line":21,"column":76}},"9":{"start":{"line":22,"column":4},"end":{"line":26,"column":9}},"10":{"start":{"line":23,"column":6},"end":{"line":26,"column":9}},"11":{"start":{"line":28,"column":23},"end":{"line":28,"column":45}},"12":{"start":{"line":29,"column":4},"end":{"line":33,"column":5}},"13":{"start":{"line":30,"column":6},"end":{"line":32,"column":69}},"14":{"start":{"line":35,"column":17},"end":{"line":43,"column":6}},"15":{"start":{"line":45,"column":18},"end":{"line":45,"column":41}},"16":{"start":{"line":46,"column":4},"end":{"line":61,"column":7}},"17":{"start":{"line":63,"column":4},"end":{"line":63,"column":48}},"18":{"start":{"line":64,"column":4},"end":{"line":66,"column":77}},"19":{"start":{"line":71,"column":0},"end":{"line":128,"column":2}},"20":{"start":{"line":72,"column":2},"end":{"line":127,"column":3}},"21":{"start":{"line":73,"column":32},"end":{"line":73,"column":40}},"22":{"start":{"line":75,"column":17},"end":{"line":77,"column":5}},"23":{"start":{"line":78,"column":4},"end":{"line":81,"column":66}},"24":{"start":{"line":79,"column":6},"end":{"line":81,"column":66}},"25":{"start":{"line":82,"column":4},"end":{"line":86,"column":9}},"26":{"start":{"line":83,"column":6},"end":{"line":86,"column":9}},"27":{"start":{"line":88,"column":28},"end":{"line":88,"column":64}},"28":{"start":{"line":89,"column":4},"end":{"line":92,"column":66}},"29":{"start":{"line":90,"column":6},"end":{"line":92,"column":66}},"30":{"start":{"line":94,"column":4},"end":{"line":94,"column":33}},"31":{"start":{"line":95,"column":18},"end":{"line":95,"column":41}},"32":{"start":{"line":97,"column":19},"end":{"line":97,"column":23}},"33":{"start":{"line":98,"column":4},"end":{"line":100,"column":5}},"34":{"start":{"line":99,"column":6},"end":{"line":99,"column":61}},"35":{"start":{"line":102,"column":4},"end":{"line":121,"column":7}},"36":{"start":{"line":123,"column":4},"end":{"line":123,"column":41}},"37":{"start":{"line":124,"column":4},"end":{"line":126,"column":70}},"38":{"start":{"line":131,"column":0},"end":{"line":139,"column":2}},"39":{"start":{"line":132,"column":2},"end":{"line":138,"column":3}},"40":{"start":{"line":133,"column":17},"end":{"line":133,"column":69}},"41":{"start":{"line":134,"column":4},"end":{"line":134,"column":55}},"42":{"start":{"line":136,"column":4},"end":{"line":136,"column":42}},"43":{"start":{"line":137,"column":4},"end":{"line":137,"column":77}},"44":{"start":{"line":142,"column":0},"end":{"line":153,"column":2}},"45":{"start":{"line":143,"column":2},"end":{"line":152,"column":3}},"46":{"start":{"line":144,"column":20},"end":{"line":144,"column":28}},"47":{"start":{"line":145,"column":17},"end":{"line":147,"column":26}},"48":{"start":{"line":148,"column":4},"end":{"line":148,"column":55}},"49":{"start":{"line":150,"column":4},"end":{"line":150,"column":50}},"50":{"start":{"line":151,"column":4},"end":{"line":151,"column":77}},"51":{"start":{"line":156,"column":0},"end":{"line":172,"column":2}},"52":{"start":{"line":157,"column":2},"end":{"line":171,"column":3}},"53":{"start":{"line":158,"column":45},"end":{"line":158,"column":53}},"54":{"start":{"line":159,"column":17},"end":{"line":159,"column":69}},"55":{"start":{"line":160,"column":18},"end":{"line":160,"column":61}},"56":{"start":{"line":161,"column":4},"end":{"line":164,"column":73}},"57":{"start":{"line":162,"column":6},"end":{"line":164,"column":73}},"58":{"start":{"line":165,"column":4},"end":{"line":165,"column":32}},"59":{"start":{"line":166,"column":4},"end":{"line":166,"column":22}},"60":{"start":{"line":167,"column":4},"end":{"line":167,"column":68}},"61":{"start":{"line":169,"column":4},"end":{"line":169,"column":51}},"62":{"start":{"line":170,"column":4},"end":{"line":170,"column":77}},"63":{"start":{"line":175,"column":0},"end":{"line":177,"column":2}},"64":{"start":{"line":176,"column":2},"end":{"line":176,"column":60}},"65":{"start":{"line":180,"column":0},"end":{"line":204,"column":2}},"66":{"start":{"line":181,"column":2},"end":{"line":203,"column":3}},"67":{"start":{"line":182,"column":60},"end":{"line":182,"column":68}},"68":{"start":{"line":183,"column":21},"end":{"line":183,"column":71}},"69":{"start":{"line":184,"column":4},"end":{"line":187,"column":67}},"70":{"start":{"line":185,"column":6},"end":{"line":187,"column":67}},"71":{"start":{"line":188,"column":17},"end":{"line":196,"column":6}},"72":{"start":{"line":197,"column":4},"end":{"line":197,"column":67}},"73":{"start":{"line":199,"column":4},"end":{"line":199,"column":48}},"74":{"start":{"line":200,"column":4},"end":{"line":202,"column":72}}},"fnMap":{"0":{"name":"(anonymous_0)","decl":{"start":{"line":10,"column":22},"end":{"line":10,"column":23}},"loc":{"start":{"line":11,"column":2},"end":{"line":13,"column":4}},"line":11},"1":{"name":"(anonymous_1)","decl":{"start":{"line":16,"column":19},"end":{"line":16,"column":20}},"loc":{"start":{"line":16,"column":39},"end":{"line":68,"column":1}},"line":16},"2":{"name":"(anonymous_2)","decl":{"start":{"line":71,"column":16},"end":{"line":71,"column":17}},"loc":{"start":{"line":71,"column":36},"end":{"line":128,"column":1}},"line":71},"3":{"name":"(anonymous_3)","decl":{"start":{"line":131,"column":13},"end":{"line":131,"column":14}},"loc":{"start":{"line":131,"column":33},"end":{"line":139,"column":1}},"line":131},"4":{"name":"(anonymous_4)","decl":{"start":{"line":142,"column":24},"end":{"line":142,"column":25}},"loc":{"start":{"line":142,"column":44},"end":{"line":153,"column":1}},"line":142},"5":{"name":"(anonymous_5)","decl":{"start":{"line":156,"column":25},"end":{"line":156,"column":26}},"loc":{"start":{"line":156,"column":45},"end":{"line":172,"column":1}},"line":156},"6":{"name":"(anonymous_6)","decl":{"start":{"line":175,"column":17},"end":{"line":175,"column":18}},"loc":{"start":{"line":175,"column":38},"end":{"line":177,"column":1}},"line":175},"7":{"name":"(anonymous_7)","decl":{"start":{"line":180,"column":22},"end":{"line":180,"column":23}},"loc":{"start":{"line":180,"column":42},"end":{"line":204,"column":1}},"line":180}},"branchMap":{"0":{"loc":{"start":{"line":12,"column":15},"end":{"line":12,"column":45}},"type":"binary-expr","locations":[{"start":{"line":12,"column":15},"end":{"line":12,"column":37}},{"start":{"line":12,"column":41},"end":{"line":12,"column":45}}],"line":12},"1":{"loc":{"start":{"line":22,"column":4},"end":{"line":26,"column":9}},"type":"if","locations":[{"start":{"line":22,"column":4},"end":{"line":26,"column":9}},{"start":{"line":22,"column":4},"end":{"line":26,"column":9}}],"line":22},"2":{"loc":{"start":{"line":29,"column":4},"end":{"line":33,"column":5}},"type":"if","locations":[{"start":{"line":29,"column":4},"end":{"line":33,"column":5}},{"start":{"line":29,"column":4},"end":{"line":33,"column":5}}],"line":29},"3":{"loc":{"start":{"line":29,"column":8},"end":{"line":29,"column":42}},"type":"binary-expr","locations":[{"start":{"line":29,"column":8},"end":{"line":29,"column":12}},{"start":{"line":29,"column":16},"end":{"line":29,"column":42}}],"line":29},"4":{"loc":{"start":{"line":41,"column":12},"end":{"line":41,"column":30}},"type":"binary-expr","locations":[{"start":{"line":41,"column":12},"end":{"line":41,"column":16}},{"start":{"line":41,"column":20},"end":{"line":41,"column":30}}],"line":41},"5":{"loc":{"start":{"line":78,"column":4},"end":{"line":81,"column":66}},"type":"if","locations":[{"start":{"line":78,"column":4},"end":{"line":81,"column":66}},{"start":{"line":78,"column":4},"end":{"line":81,"column":66}}],"line":78},"6":{"loc":{"start":{"line":82,"column":4},"end":{"line":86,"column":9}},"type":"if","locations":[{"start":{"line":82,"column":4},"end":{"line":86,"column":9}},{"start":{"line":82,"column":4},"end":{"line":86,"column":9}}],"line":82},"7":{"loc":{"start":{"line":89,"column":4},"end":{"line":92,"column":66}},"type":"if","locations":[{"start":{"line":89,"column":4},"end":{"line":92,"column":66}},{"start":{"line":89,"column":4},"end":{"line":92,"column":66}}],"line":89},"8":{"loc":{"start":{"line":98,"column":4},"end":{"line":100,"column":5}},"type":"if","locations":[{"start":{"line":98,"column":4},"end":{"line":100,"column":5}},{"start":{"line":98,"column":4},"end":{"line":100,"column":5}}],"line":98},"9":{"loc":{"start":{"line":161,"column":4},"end":{"line":164,"column":73}},"type":"if","locations":[{"start":{"line":161,"column":4},"end":{"line":164,"column":73}},{"start":{"line":161,"column":4},"end":{"line":164,"column":73}}],"line":161},"10":{"loc":{"start":{"line":184,"column":4},"end":{"line":187,"column":67}},"type":"if","locations":[{"start":{"line":184,"column":4},"end":{"line":187,"column":67}},{"start":{"line":184,"column":4},"end":{"line":187,"column":67}}],"line":184}},"s":{"0":1,"1":1,"2":1,"3":1,"4":22,"5":1,"6":14,"7":14,"8":14,"9":14,"10":0,"11":14,"12":14,"13":0,"14":14,"15":14,"16":14,"17":0,"18":0,"19":1,"20":9,"21":9,"22":9,"23":9,"24":1,"25":8,"26":0,"27":8,"28":8,"29":0,"30":8,"31":8,"32":8,"33":8,"34":4,"35":8,"36":0,"37":0,"38":1,"39":0,"40":0,"41":0,"42":0,"43":0,"44":1,"45":0,"46":0,"47":0,"48":0,"49":0,"50":0,"51":1,"52":0,"53":0,"54":0,"55":0,"56":0,"57":0,"58":0,"59":0,"60":0,"61":0,"62":0,"63":1,"64":0,"65":1,"66":0,"67":0,"68":0,"69":0,"70":0,"71":0,"72":0,"73":0,"74":0},"f":{"0":22,"1":14,"2":9,"3":0,"4":0,"5":0,"6":0,"7":0},"b":{"0":[22,0],"1":[0,14],"2":[0,14],"3":[14,12],"4":[14,2],"5":[1,8],"6":[0,8],"7":[0,8],"8":[4,4],"9":[0,0],"10":[0,0]},"_coverageSchema":"1a1c01bbd47fc00a2c39e90264f33305004495a9","hash":"b34c2426a6e87d6f37d2ac0b2a328f48487dbd3a","contentHash":"21e2cb4c6479341b2a8bf22102d52703e8feab813e001db5f2aaea1b9ddedd59"},"C:\\Smart Business AI Assistant\\backend\\src\\models\\business.model.js":{"path":"C:\\Smart Business AI Assistant\\backend\\src\\models\\business.model.js","statementMap":{"0":{"start":{"line":8,"column":17},"end":{"line":8,"column":36}},"1":{"start":{"line":10,"column":23},"end":{"line":159,"column":1}},"2":{"start":{"line":161,"column":0},"end":{"line":161,"column":60}},"3":{"start":{"line":162,"column":0},"end":{"line":162,"column":38}},"4":{"start":{"line":163,"column":0},"end":{"line":163,"column":47}},"5":{"start":{"line":164,"column":0},"end":{"line":164,"column":49}},"6":{"start":{"line":166,"column":0},"end":{"line":169,"column":3}},"7":{"start":{"line":167,"column":15},"end":{"line":167,"column":27}},"8":{"start":{"line":168,"column":2},"end":{"line":168,"column":88}},"9":{"start":{"line":171,"column":0},"end":{"line":178,"column":2}},"10":{"start":{"line":172,"column":14},"end":{"line":172,"column":24}},"11":{"start":{"line":173,"column":14},"end":{"line":173,"column":77}},"12":{"start":{"line":174,"column":22},"end":{"line":174,"column":52}},"13":{"start":{"line":175,"column":22},"end":{"line":175,"column":47}},"14":{"start":{"line":176,"column":2},"end":{"line":176,"column":55}},"15":{"start":{"line":176,"column":42},"end":{"line":176,"column":55}},"16":{"start":{"line":177,"column":2},"end":{"line":177,"column":77}},"17":{"start":{"line":180,"column":0},"end":{"line":194,"column":2}},"18":{"start":{"line":181,"column":12},"end":{"line":181,"column":16}},"19":{"start":{"line":183,"column":4},"end":{"line":183,"column":73}},"20":{"start":{"line":185,"column":4},"end":{"line":185,"column":73}},"21":{"start":{"line":187,"column":4},"end":{"line":191,"column":24}},"22":{"start":{"line":192,"column":12},"end":{"line":192,"column":58}},"23":{"start":{"line":193,"column":2},"end":{"line":193,"column":15}},"24":{"start":{"line":196,"column":0},"end":{"line":203,"column":3}},"25":{"start":{"line":198,"column":4},"end":{"line":198,"column":21}},"26":{"start":{"line":199,"column":4},"end":{"line":199,"column":19}},"27":{"start":{"line":200,"column":4},"end":{"line":200,"column":19}},"28":{"start":{"line":201,"column":4},"end":{"line":201,"column":15}},"29":{"start":{"line":205,"column":0},"end":{"line":205,"column":60}}},"fnMap":{"0":{"name":"(anonymous_0)","decl":{"start":{"line":166,"column":42},"end":{"line":166,"column":43}},"loc":{"start":{"line":166,"column":54},"end":{"line":169,"column":1}},"line":166},"1":{"name":"(anonymous_1)","decl":{"start":{"line":171,"column":41},"end":{"line":171,"column":42}},"loc":{"start":{"line":171,"column":53},"end":{"line":178,"column":1}},"line":171},"2":{"name":"(anonymous_2)","decl":{"start":{"line":180,"column":43},"end":{"line":180,"column":44}},"loc":{"start":{"line":180,"column":69},"end":{"line":194,"column":1}},"line":180},"3":{"name":"(anonymous_3)","decl":{"start":{"line":197,"column":13},"end":{"line":197,"column":14}},"loc":{"start":{"line":197,"column":33},"end":{"line":202,"column":3}},"line":197}},"branchMap":{"0":{"loc":{"start":{"line":176,"column":2},"end":{"line":176,"column":55}},"type":"if","locations":[{"start":{"line":176,"column":2},"end":{"line":176,"column":55}},{"start":{"line":176,"column":2},"end":{"line":176,"column":55}}],"line":176},"1":{"loc":{"start":{"line":176,"column":6},"end":{"line":176,"column":40}},"type":"binary-expr","locations":[{"start":{"line":176,"column":6},"end":{"line":176,"column":18}},{"start":{"line":176,"column":22},"end":{"line":176,"column":40}}],"line":176},"2":{"loc":{"start":{"line":177,"column":9},"end":{"line":177,"column":76}},"type":"binary-expr","locations":[{"start":{"line":177,"column":9},"end":{"line":177,"column":40}},{"start":{"line":177,"column":44},"end":{"line":177,"column":76}}],"line":177}},"s":{"0":1,"1":1,"2":1,"3":1,"4":1,"5":1,"6":1,"7":0,"8":0,"9":1,"10":0,"11":0,"12":0,"13":0,"14":0,"15":0,"16":0,"17":1,"18":0,"19":0,"20":0,"21":0,"22":0,"23":0,"24":1,"25":10,"26":10,"27":10,"28":10,"29":1},"f":{"0":0,"1":0,"2":0,"3":10},"b":{"0":[0,0],"1":[0,0],"2":[0,0]},"_coverageSchema":"1a1c01bbd47fc00a2c39e90264f33305004495a9","hash":"2664477f0e6602ab05759dde9a7656d39938795e","contentHash":"0ac58ae1d455dafdb14fc75d1b582817fd5b80ae6f2d7a6e4294f5c524e89bf9"},"C:\\Smart Business AI Assistant\\backend\\src\\routes\\users.js":{"path":"C:\\Smart Business AI Assistant\\backend\\src\\routes\\users.js","statementMap":{"0":{"start":{"line":6,"column":16},"end":{"line":6,"column":34}},"1":{"start":{"line":7,"column":12},"end":{"line":7,"column":26}},"2":{"start":{"line":8,"column":17},"end":{"line":8,"column":50}},"3":{"start":{"line":9,"column":31},"end":{"line":9,"column":60}},"4":{"start":{"line":10,"column":19},"end":{"line":10,"column":61}},"5":{"start":{"line":11,"column":15},"end":{"line":11,"column":31}},"6":{"start":{"line":16,"column":0},"end":{"line":29,"column":2}},"7":{"start":{"line":34,"column":0},"end":{"line":41,"column":2}},"8":{"start":{"line":46,"column":0},"end":{"line":53,"column":2}},"9":{"start":{"line":58,"column":0},"end":{"line":66,"column":2}},"10":{"start":{"line":71,"column":0},"end":{"line":76,"column":2}},"11":{"start":{"line":81,"column":0},"end":{"line":89,"column":2}},"12":{"start":{"line":94,"column":0},"end":{"line":102,"column":2}},"13":{"start":{"line":107,"column":0},"end":{"line":118,"column":2}},"14":{"start":{"line":120,"column":0},"end":{"line":120,"column":24}}},"fnMap":{},"branchMap":{},"s":{"0":1,"1":1,"2":1,"3":1,"4":1,"5":1,"6":1,"7":1,"8":1,"9":1,"10":1,"11":1,"12":1,"13":1,"14":1},"f":{},"b":{},"_coverageSchema":"1a1c01bbd47fc00a2c39e90264f33305004495a9","hash":"f621b47ce170132e063b88eb6838207940c13df8","contentHash":"eba09af16d251e972761fb5788a0dbac478cc55a70b0fa6ecb7099891655c0df"},"C:\\Smart Business AI Assistant\\backend\\src\\controllers\\users.controller.js":{"path":"C:\\Smart Business AI Assistant\\backend\\src\\controllers\\users.controller.js","statementMap":{"0":{"start":{"line":5,"column":13},"end":{"line":5,"column":44}},"1":{"start":{"line":6,"column":17},"end":{"line":6,"column":52}},"2":{"start":{"line":8,"column":0},"end":{"line":47,"column":2}},"3":{"start":{"line":9,"column":2},"end":{"line":46,"column":3}},"4":{"start":{"line":10,"column":17},"end":{"line":10,"column":46}},"5":{"start":{"line":11,"column":18},"end":{"line":11,"column":49}},"6":{"start":{"line":12,"column":17},"end":{"line":12,"column":35}},"7":{"start":{"line":13,"column":17},"end":{"line":13,"column":31}},"8":{"start":{"line":14,"column":19},"end":{"line":14,"column":35}},"9":{"start":{"line":16,"column":18},"end":{"line":16,"column":20}},"10":{"start":{"line":17,"column":4},"end":{"line":17,"column":32}},"11":{"start":{"line":17,"column":14},"end":{"line":17,"column":32}},"12":{"start":{"line":18,"column":4},"end":{"line":25,"column":5}},"13":{"start":{"line":19,"column":6},"end":{"line":24,"column":8}},"14":{"start":{"line":27,"column":18},"end":{"line":31,"column":19}},"15":{"start":{"line":32,"column":18},"end":{"line":32,"column":50}},"16":{"start":{"line":34,"column":4},"end":{"line":40,"column":7}},"17":{"start":{"line":42,"column":4},"end":{"line":42,"column":45}},"18":{"start":{"line":43,"column":4},"end":{"line":45,"column":71}},"19":{"start":{"line":49,"column":0},"end":{"line":72,"column":2}},"20":{"start":{"line":50,"column":2},"end":{"line":71,"column":3}},"21":{"start":{"line":51,"column":17},"end":{"line":51,"column":71}},"22":{"start":{"line":52,"column":4},"end":{"line":55,"column":61}},"23":{"start":{"line":53,"column":6},"end":{"line":55,"column":61}},"24":{"start":{"line":57,"column":4},"end":{"line":59,"column":5}},"25":{"start":{"line":58,"column":6},"end":{"line":58,"column":80}},"26":{"start":{"line":61,"column":19},"end":{"line":61,"column":23}},"27":{"start":{"line":62,"column":4},"end":{"line":63,"column":61}},"28":{"start":{"line":63,"column":6},"end":{"line":63,"column":61}},"29":{"start":{"line":65,"column":4},"end":{"line":65,"column":65}},"30":{"start":{"line":67,"column":4},"end":{"line":67,"column":44}},"31":{"start":{"line":68,"column":4},"end":{"line":70,"column":70}},"32":{"start":{"line":74,"column":0},"end":{"line":120,"column":2}},"33":{"start":{"line":75,"column":2},"end":{"line":119,"column":3}},"34":{"start":{"line":76,"column":17},"end":{"line":76,"column":51}},"35":{"start":{"line":77,"column":4},"end":{"line":80,"column":61}},"36":{"start":{"line":78,"column":6},"end":{"line":80,"column":61}},"37":{"start":{"line":82,"column":4},"end":{"line":84,"column":5}},"38":{"start":{"line":83,"column":6},"end":{"line":83,"column":80}},"39":{"start":{"line":95,"column":8},"end":{"line":95,"column":16}},"40":{"start":{"line":96,"column":4},"end":{"line":96,"column":46}},"41":{"start":{"line":96,"column":19},"end":{"line":96,"column":46}},"42":{"start":{"line":97,"column":4},"end":{"line":97,"column":43}},"43":{"start":{"line":97,"column":18},"end":{"line":97,"column":43}},"44":{"start":{"line":98,"column":4},"end":{"line":98,"column":34}},"45":{"start":{"line":98,"column":15},"end":{"line":98,"column":34}},"46":{"start":{"line":99,"column":4},"end":{"line":99,"column":64}},"47":{"start":{"line":99,"column":17},"end":{"line":99,"column":64}},"48":{"start":{"line":100,"column":4},"end":{"line":100,"column":80}},"49":{"start":{"line":100,"column":21},"end":{"line":100,"column":80}},"50":{"start":{"line":101,"column":4},"end":{"line":106,"column":5}},"51":{"start":{"line":102,"column":6},"end":{"line":102,"column":72}},"52":{"start":{"line":102,"column":43},"end":{"line":102,"column":72}},"53":{"start":{"line":103,"column":6},"end":{"line":103,"column":66}},"54":{"start":{"line":103,"column":41},"end":{"line":103,"column":66}},"55":{"start":{"line":104,"column":6},"end":{"line":105,"column":25}},"56":{"start":{"line":105,"column":8},"end":{"line":105,"column":25}},"57":{"start":{"line":108,"column":4},"end":{"line":108,"column":22}},"58":{"start":{"line":109,"column":4},"end":{"line":113,"column":7}},"59":{"start":{"line":115,"column":4},"end":{"line":115,"column":47}},"60":{"start":{"line":116,"column":4},"end":{"line":118,"column":71}},"61":{"start":{"line":122,"column":0},"end":{"line":140,"column":2}},"62":{"start":{"line":123,"column":2},"end":{"line":139,"column":3}},"63":{"start":{"line":124,"column":17},"end":{"line":124,"column":51}},"64":{"start":{"line":125,"column":4},"end":{"line":128,"column":61}},"65":{"start":{"line":126,"column":6},"end":{"line":128,"column":61}},"66":{"start":{"line":129,"column":4},"end":{"line":131,"column":5}},"67":{"start":{"line":130,"column":6},"end":{"line":130,"column":59}},"68":{"start":{"line":132,"column":4},"end":{"line":132,"column":48}},"69":{"start":{"line":133,"column":4},"end":{"line":133,"column":77}},"70":{"start":{"line":135,"column":4},"end":{"line":135,"column":47}},"71":{"start":{"line":136,"column":4},"end":{"line":138,"column":71}},"72":{"start":{"line":142,"column":0},"end":{"line":188,"column":2}},"73":{"start":{"line":143,"column":2},"end":{"line":187,"column":3}},"74":{"start":{"line":144,"column":23},"end":{"line":144,"column":50}},"75":{"start":{"line":145,"column":22},"end":{"line":145,"column":69}},"76":{"start":{"line":146,"column":20},"end":{"line":146,"column":65}},"77":{"start":{"line":147,"column":19},"end":{"line":147,"column":63}},"78":{"start":{"line":148,"column":26},"end":{"line":148,"column":73}},"79":{"start":{"line":149,"column":24},"end":{"line":149,"column":69}},"80":{"start":{"line":151,"column":25},"end":{"line":151,"column":35}},"81":{"start":{"line":152,"column":4},"end":{"line":152,"column":55}},"82":{"start":{"line":153,"column":30},"end":{"line":165,"column":6}},"83":{"start":{"line":167,"column":4},"end":{"line":180,"column":7}},"84":{"start":{"line":182,"column":4},"end":{"line":182,"column":50}},"85":{"start":{"line":183,"column":4},"end":{"line":186,"column":7}},"86":{"start":{"line":190,"column":0},"end":{"line":213,"column":2}},"87":{"start":{"line":191,"column":2},"end":{"line":212,"column":3}},"88":{"start":{"line":192,"column":17},"end":{"line":192,"column":51}},"89":{"start":{"line":193,"column":4},"end":{"line":196,"column":61}},"90":{"start":{"line":194,"column":6},"end":{"line":196,"column":61}},"91":{"start":{"line":197,"column":4},"end":{"line":197,"column":39}},"92":{"start":{"line":198,"column":4},"end":{"line":198,"column":22}},"93":{"start":{"line":199,"column":4},"end":{"line":205,"column":7}},"94":{"start":{"line":207,"column":4},"end":{"line":207,"column":55}},"95":{"start":{"line":208,"column":4},"end":{"line":211,"column":7}},"96":{"start":{"line":215,"column":0},"end":{"line":237,"column":2}},"97":{"start":{"line":216,"column":2},"end":{"line":236,"column":3}},"98":{"start":{"line":217,"column":17},"end":{"line":217,"column":51}},"99":{"start":{"line":218,"column":4},"end":{"line":221,"column":61}},"100":{"start":{"line":219,"column":6},"end":{"line":221,"column":61}},"101":{"start":{"line":222,"column":4},"end":{"line":222,"column":35}},"102":{"start":{"line":223,"column":4},"end":{"line":223,"column":22}},"103":{"start":{"line":224,"column":4},"end":{"line":230,"column":7}},"104":{"start":{"line":232,"column":4},"end":{"line":232,"column":56}},"105":{"start":{"line":233,"column":4},"end":{"line":235,"column":80}},"106":{"start":{"line":239,"column":0},"end":{"line":268,"column":2}},"107":{"start":{"line":240,"column":2},"end":{"line":267,"column":3}},"108":{"start":{"line":241,"column":57},"end":{"line":241,"column":66}},"109":{"start":{"line":242,"column":4},"end":{"line":247,"column":5}},"110":{"start":{"line":243,"column":6},"end":{"line":246,"column":9}},"111":{"start":{"line":248,"column":18},"end":{"line":260,"column":26}},"112":{"start":{"line":261,"column":4},"end":{"line":261,"column":56}},"113":{"start":{"line":263,"column":4},"end":{"line":263,"column":52}},"114":{"start":{"line":264,"column":4},"end":{"line":266,"column":78}}},"fnMap":{"0":{"name":"(anonymous_0)","decl":{"start":{"line":8,"column":15},"end":{"line":8,"column":16}},"loc":{"start":{"line":8,"column":35},"end":{"line":47,"column":1}},"line":8},"1":{"name":"(anonymous_1)","decl":{"start":{"line":49,"column":18},"end":{"line":49,"column":19}},"loc":{"start":{"line":49,"column":38},"end":{"line":72,"column":1}},"line":49},"2":{"name":"(anonymous_2)","decl":{"start":{"line":74,"column":17},"end":{"line":74,"column":18}},"loc":{"start":{"line":74,"column":37},"end":{"line":120,"column":1}},"line":74},"3":{"name":"(anonymous_3)","decl":{"start":{"line":122,"column":17},"end":{"line":122,"column":18}},"loc":{"start":{"line":122,"column":37},"end":{"line":140,"column":1}},"line":122},"4":{"name":"(anonymous_4)","decl":{"start":{"line":142,"column":24},"end":{"line":142,"column":25}},"loc":{"start":{"line":142,"column":45},"end":{"line":188,"column":1}},"line":142},"5":{"name":"(anonymous_5)","decl":{"start":{"line":190,"column":23},"end":{"line":190,"column":24}},"loc":{"start":{"line":190,"column":43},"end":{"line":213,"column":1}},"line":190},"6":{"name":"(anonymous_6)","decl":{"start":{"line":215,"column":23},"end":{"line":215,"column":24}},"loc":{"start":{"line":215,"column":43},"end":{"line":237,"column":1}},"line":215},"7":{"name":"(anonymous_7)","decl":{"start":{"line":239,"column":17},"end":{"line":239,"column":18}},"loc":{"start":{"line":239,"column":37},"end":{"line":268,"column":1}},"line":239}},"branchMap":{"0":{"loc":{"start":{"line":10,"column":17},"end":{"line":10,"column":46}},"type":"binary-expr","locations":[{"start":{"line":10,"column":17},"end":{"line":10,"column":41}},{"start":{"line":10,"column":45},"end":{"line":10,"column":46}}],"line":10},"1":{"loc":{"start":{"line":11,"column":18},"end":{"line":11,"column":49}},"type":"binary-expr","locations":[{"start":{"line":11,"column":18},"end":{"line":11,"column":43}},{"start":{"line":11,"column":47},"end":{"line":11,"column":49}}],"line":11},"2":{"loc":{"start":{"line":17,"column":4},"end":{"line":17,"column":32}},"type":"if","locations":[{"start":{"line":17,"column":4},"end":{"line":17,"column":32}},{"start":{"line":17,"column":4},"end":{"line":17,"column":32}}],"line":17},"3":{"loc":{"start":{"line":18,"column":4},"end":{"line":25,"column":5}},"type":"if","locations":[{"start":{"line":18,"column":4},"end":{"line":25,"column":5}},{"start":{"line":18,"column":4},"end":{"line":25,"column":5}}],"line":18},"4":{"loc":{"start":{"line":52,"column":4},"end":{"line":55,"column":61}},"type":"if","locations":[{"start":{"line":52,"column":4},"end":{"line":55,"column":61}},{"start":{"line":52,"column":4},"end":{"line":55,"column":61}}],"line":52},"5":{"loc":{"start":{"line":57,"column":4},"end":{"line":59,"column":5}},"type":"if","locations":[{"start":{"line":57,"column":4},"end":{"line":59,"column":5}},{"start":{"line":57,"column":4},"end":{"line":59,"column":5}}],"line":57},"6":{"loc":{"start":{"line":57,"column":8},"end":{"line":57,"column":66}},"type":"binary-expr","locations":[{"start":{"line":57,"column":8},"end":{"line":57,"column":33}},{"start":{"line":57,"column":37},"end":{"line":57,"column":66}}],"line":57},"7":{"loc":{"start":{"line":62,"column":4},"end":{"line":63,"column":61}},"type":"if","locations":[{"start":{"line":62,"column":4},"end":{"line":63,"column":61}},{"start":{"line":62,"column":4},"end":{"line":63,"column":61}}],"line":62},"8":{"loc":{"start":{"line":77,"column":4},"end":{"line":80,"column":61}},"type":"if","locations":[{"start":{"line":77,"column":4},"end":{"line":80,"column":61}},{"start":{"line":77,"column":4},"end":{"line":80,"column":61}}],"line":77},"9":{"loc":{"start":{"line":82,"column":4},"end":{"line":84,"column":5}},"type":"if","locations":[{"start":{"line":82,"column":4},"end":{"line":84,"column":5}},{"start":{"line":82,"column":4},"end":{"line":84,"column":5}}],"line":82},"10":{"loc":{"start":{"line":82,"column":8},"end":{"line":82,"column":66}},"type":"binary-expr","locations":[{"start":{"line":82,"column":8},"end":{"line":82,"column":33}},{"start":{"line":82,"column":37},"end":{"line":82,"column":66}}],"line":82},"11":{"loc":{"start":{"line":96,"column":4},"end":{"line":96,"column":46}},"type":"if","locations":[{"start":{"line":96,"column":4},"end":{"line":96,"column":46}},{"start":{"line":96,"column":4},"end":{"line":96,"column":46}}],"line":96},"12":{"loc":{"start":{"line":97,"column":4},"end":{"line":97,"column":43}},"type":"if","locations":[{"start":{"line":97,"column":4},"end":{"line":97,"column":43}},{"start":{"line":97,"column":4},"end":{"line":97,"column":43}}],"line":97},"13":{"loc":{"start":{"line":98,"column":4},"end":{"line":98,"column":34}},"type":"if","locations":[{"start":{"line":98,"column":4},"end":{"line":98,"column":34}},{"start":{"line":98,"column":4},"end":{"line":98,"column":34}}],"line":98},"14":{"loc":{"start":{"line":99,"column":4},"end":{"line":99,"column":64}},"type":"if","locations":[{"start":{"line":99,"column":4},"end":{"line":99,"column":64}},{"start":{"line":99,"column":4},"end":{"line":99,"column":64}}],"line":99},"15":{"loc":{"start":{"line":100,"column":4},"end":{"line":100,"column":80}},"type":"if","locations":[{"start":{"line":100,"column":4},"end":{"line":100,"column":80}},{"start":{"line":100,"column":4},"end":{"line":100,"column":80}}],"line":100},"16":{"loc":{"start":{"line":101,"column":4},"end":{"line":106,"column":5}},"type":"if","locations":[{"start":{"line":101,"column":4},"end":{"line":106,"column":5}},{"start":{"line":101,"column":4},"end":{"line":106,"column":5}}],"line":101},"17":{"loc":{"start":{"line":102,"column":6},"end":{"line":102,"column":72}},"type":"if","locations":[{"start":{"line":102,"column":6},"end":{"line":102,"column":72}},{"start":{"line":102,"column":6},"end":{"line":102,"column":72}}],"line":102},"18":{"loc":{"start":{"line":103,"column":6},"end":{"line":103,"column":66}},"type":"if","locations":[{"start":{"line":103,"column":6},"end":{"line":103,"column":66}},{"start":{"line":103,"column":6},"end":{"line":103,"column":66}}],"line":103},"19":{"loc":{"start":{"line":104,"column":6},"end":{"line":105,"column":25}},"type":"if","locations":[{"start":{"line":104,"column":6},"end":{"line":105,"column":25}},{"start":{"line":104,"column":6},"end":{"line":105,"column":25}}],"line":104},"20":{"loc":{"start":{"line":104,"column":10},"end":{"line":104,"column":64}},"type":"binary-expr","locations":[{"start":{"line":104,"column":10},"end":{"line":104,"column":14}},{"start":{"line":104,"column":18},"end":{"line":104,"column":64}}],"line":104},"21":{"loc":{"start":{"line":125,"column":4},"end":{"line":128,"column":61}},"type":"if","locations":[{"start":{"line":125,"column":4},"end":{"line":128,"column":61}},{"start":{"line":125,"column":4},"end":{"line":128,"column":61}}],"line":125},"22":{"loc":{"start":{"line":129,"column":4},"end":{"line":131,"column":5}},"type":"if","locations":[{"start":{"line":129,"column":4},"end":{"line":131,"column":5}},{"start":{"line":129,"column":4},"end":{"line":131,"column":5}}],"line":129},"23":{"loc":{"start":{"line":193,"column":4},"end":{"line":196,"column":61}},"type":"if","locations":[{"start":{"line":193,"column":4},"end":{"line":196,"column":61}},{"start":{"line":193,"column":4},"end":{"line":196,"column":61}}],"line":193},"24":{"loc":{"start":{"line":202,"column":8},"end":{"line":202,"column":51}},"type":"cond-expr","locations":[{"start":{"line":202,"column":26},"end":{"line":202,"column":36}},{"start":{"line":202,"column":39},"end":{"line":202,"column":51}}],"line":202},"25":{"loc":{"start":{"line":218,"column":4},"end":{"line":221,"column":61}},"type":"if","locations":[{"start":{"line":218,"column":4},"end":{"line":221,"column":61}},{"start":{"line":218,"column":4},"end":{"line":221,"column":61}}],"line":218},"26":{"loc":{"start":{"line":227,"column":8},"end":{"line":227,"column":51}},"type":"cond-expr","locations":[{"start":{"line":227,"column":24},"end":{"line":227,"column":35}},{"start":{"line":227,"column":38},"end":{"line":227,"column":51}}],"line":227},"27":{"loc":{"start":{"line":241,"column":33},"end":{"line":241,"column":52}},"type":"default-arg","locations":[{"start":{"line":241,"column":47},"end":{"line":241,"column":52}}],"line":241},"28":{"loc":{"start":{"line":242,"column":4},"end":{"line":247,"column":5}},"type":"if","locations":[{"start":{"line":242,"column":4},"end":{"line":247,"column":5}},{"start":{"line":242,"column":4},"end":{"line":247,"column":5}}],"line":242},"29":{"loc":{"start":{"line":242,"column":8},"end":{"line":242,"column":31}},"type":"binary-expr","locations":[{"start":{"line":242,"column":8},"end":{"line":242,"column":18}},{"start":{"line":242,"column":22},"end":{"line":242,"column":31}}],"line":242}},"s":{"0":1,"1":1,"2":1,"3":0,"4":0,"5":0,"6":0,"7":0,"8":0,"9":0,"10":0,"11":0,"12":0,"13":0,"14":0,"15":0,"16":0,"17":0,"18":0,"19":1,"20":1,"21":1,"22":1,"23":0,"24":1,"25":0,"26":1,"27":1,"28":0,"29":1,"30":0,"31":0,"32":1,"33":1,"34":1,"35":1,"36":0,"37":1,"38":0,"39":1,"40":1,"41":1,"42":1,"43":0,"44":1,"45":0,"46":1,"47
[...]
rt Business AI Assistant\\backend\\src\\routes\\test.js","statementMap":{"0":{"start":{"line":7,"column":16},"end":{"line":7,"column":34}},"1":{"start":{"line":8,"column":12},"end":{"line":8,"column":35}},"2":{"start":{"line":9,"column":13},"end":{"line":9,"column":44}},"3":{"start":{"line":11,"column":15},"end":{"line":11,"column":31}},"4":{"start":{"line":15,"column":0},"end":{"line":70,"column":3}},"5":{"start":{"line":16,"column":2},"end":{"line":69,"column":3}},"6":{"start":{"line":23,"column":8},"end":{"line":23,"column":22}},"7":{"start":{"line":26,"column":19},"end":{"line":26,"column":69}},"8":{"start":{"line":27,"column":23},"end":{"line":27,"column":61}},"9":{"start":{"line":29,"column":6},"end":{"line":29,"column":73}},"10":{"start":{"line":32,"column":15},"end":{"line":32,"column":76}},"11":{"start":{"line":33,"column":4},"end":{"line":47,"column":5}},"12":{"start":{"line":34,"column":6},"end":{"line":42,"column":9}},"13":{"start":{"line":44,"column":6},"end":{"line":44,"column":26}},"14":{"start":{"line":45,"column":6},"end":{"line":45,"column":29}},"15":{"start":{"line":46,"column":6},"end":{"line":46,"column":53}},"16":{"start":{"line":49,"column":18},"end":{"line":51,"column":6}},"17":{"start":{"line":53,"column":4},"end":{"line":63,"column":7}},"18":{"start":{"line":65,"column":4},"end":{"line":65,"column":49}},"19":{"start":{"line":66,"column":4},"end":{"line":68,"column":67}},"20":{"start":{"line":72,"column":0},"end":{"line":72,"column":24}}},"fnMap":{"0":{"name":"(anonymous_0)","decl":{"start":{"line":15,"column":32},"end":{"line":15,"column":33}},"loc":{"start":{"line":15,"column":52},"end":{"line":70,"column":1}},"line":15}},"branchMap":{"0":{"loc":{"start":{"line":18,"column":6},"end":{"line":18,"column":24}},"type":"default-arg","locations":[{"start":{"line":18,"column":18},"end":{"line":18,"column":24}}],"line":18},"1":{"loc":{"start":{"line":19,"column":6},"end":{"line":19,"column":24}},"type":"default-arg","locations":[{"start":{"line":19,"column":17},"end":{"line":19,"column":24}}],"line":19},"2":{"loc":{"start":{"line":22,"column":6},"end":{"line":22,"column":30}},"type":"default-arg","locations":[{"start":{"line":22,"column":17},"end":{"line":22,"column":30}}],"line":22},"3":{"loc":{"start":{"line":23,"column":8},"end":{"line":23,"column":22}},"type":"binary-expr","locations":[{"start":{"line":23,"column":8},"end":{"line":23,"column":16}},{"start":{"line":23,"column":20},"end":{"line":23,"column":22}}],"line":23},"4":{"loc":{"start":{"line":27,"column":23},"end":{"line":27,"column":61}},"type":"binary-expr","locations":[{"start":{"line":27,"column":23},"end":{"line":27,"column":28}},{"start":{"line":27,"column":32},"end":{"line":27,"column":61}}],"line":27},"5":{"loc":{"start":{"line":29,"column":6},"end":{"line":29,"column":73}},"type":"binary-expr","locations":[{"start":{"line":29,"column":6},"end":{"line":29,"column":11}},{"start":{"line":29,"column":15},"end":{"line":29,"column":73}}],"line":29},"6":{"loc":{"start":{"line":33,"column":4},"end":{"line":47,"column":5}},"type":"if","locations":[{"start":{"line":33,"column":4},"end":{"line":47,"column":5}},{"start":{"line":33,"column":4},"end":{"line":47,"column":5}}],"line":33},"7":{"loc":{"start":{"line":50,"column":17},"end":{"line":50,"column":47}},"type":"binary-expr","locations":[{"start":{"line":50,"column":17},"end":{"line":50,"column":39}},{"start":{"line":50,"column":43},"end":{"line":50,"column":47}}],"line":50}},"s":{"0":1,"1":1,"2":1,"3":1,"4":1,"5":3,"6":3,"7":3,"8":3,"9":3,"10":3,"11":3,"12":3,"13":0,"14":0,"15":0,"16":3,"17":3,"18":0,"19":0,"20":1},"f":{"0":3},"b":{"0":[3],"1":[3],"2":[3],"3":[3,0],"4":[3,3],"5":[3,3],"6":[3,0],"7":[3,0]},"_coverageSchema":"1a1c01bbd47fc00a2c39e90264f33305004495a9","hash":"13bd455ee49034540392cbda13e2f7ca3662a7e3","contentHash":"7eaea84fdef1c6919d06c3ce5f3d59ee8e2f8cab98af944f2c2dfc669bc9a319"},"C:\\Smart Business AI Assistant\\backend\\src\\db.js":{"path":"C:\\Smart Business AI Assistant\\backend\\src\\db.js","statementMap":{"0":{"start":{"line":1,"column":17},"end":{"line":1,"column":36}},"1":{"start":{"line":2,"column":15},"end":{"line":2,"column":41}},"2":{"start":{"line":3,"column":15},"end":{"line":3,"column":40}},"3":{"start":{"line":6,"column":28},"end":{"line":6,"column":67}},"4":{"start":{"line":7,"column":31},"end":{"line":7,"column":76}},"5":{"start":{"line":10,"column":27},"end":{"line":17,"column":1}},"6":{"start":{"line":19,"column":24},"end":{"line":19,"column":29}},"7":{"start":{"line":21,"column":2},"end":{"line":21,"column":32}},"8":{"start":{"line":21,"column":25},"end":{"line":21,"column":32}},"9":{"start":{"line":22,"column":2},"end":{"line":22,"column":27}},"10":{"start":{"line":23,"column":15},"end":{"line":23,"column":34}},"11":{"start":{"line":24,"column":2},"end":{"line":24,"column":68}},"12":{"start":{"line":24,"column":30},"end":{"line":24,"column":66}},"13":{"start":{"line":25,"column":2},"end":{"line":25,"column":65}},"14":{"start":{"line":25,"column":29},"end":{"line":25,"column":63}},"15":{"start":{"line":26,"column":2},"end":{"line":26,"column":71}},"16":{"start":{"line":26,"column":31},"end":{"line":26,"column":69}},"17":{"start":{"line":27,"column":2},"end":{"line":27,"column":74}},"18":{"start":{"line":27,"column":33},"end":{"line":27,"column":72}},"19":{"start":{"line":28,"column":2},"end":{"line":28,"column":71}},"20":{"start":{"line":28,"column":32},"end":{"line":28,"column":69}},"21":{"start":{"line":29,"column":2},"end":{"line":29,"column":70}},"22":{"start":{"line":29,"column":25},"end":{"line":29,"column":68}},"23":{"start":{"line":30,"column":2},"end":{"line":32,"column":4}},"24":{"start":{"line":31,"column":4},"end":{"line":31,"column":63}},"25":{"start":{"line":36,"column":2},"end":{"line":36,"column":51}},"26":{"start":{"line":36,"column":30},"end":{"line":36,"column":49}},"27":{"start":{"line":41,"column":2},"end":{"line":52,"column":3}},"28":{"start":{"line":43,"column":6},"end":{"line":43,"column":28}},"29":{"start":{"line":45,"column":6},"end":{"line":45,"column":25}},"30":{"start":{"line":47,"column":6},"end":{"line":47,"column":26}},"31":{"start":{"line":49,"column":6},"end":{"line":49,"column":29}},"32":{"start":{"line":51,"column":6},"end":{"line":51,"column":23}},"33":{"start":{"line":61,"column":19},"end":{"line":61,"column":70}},"34":{"start":{"line":64,"column":2},"end":{"line":66,"column":3}},"35":{"start":{"line":65,"column":4},"end":{"line":65,"column":32}},"36":{"start":{"line":67,"column":2},"end":{"line":67,"column":33}},"37":{"start":{"line":69,"column":16},"end":{"line":69,"column":17}},"38":{"start":{"line":71,"column":2},"end":{"line":90,"column":3}},"39":{"start":{"line":72,"column":4},"end":{"line":89,"column":5}},"40":{"start":{"line":73,"column":6},"end":{"line":73,"column":19}},"41":{"start":{"line":74,"column":6},"end":{"line":74,"column":78}},"42":{"start":{"line":75,"column":6},"end":{"line":75,"column":72}},"43":{"start":{"line":76,"column":6},"end":{"line":76,"column":33}},"44":{"start":{"line":78,"column":6},"end":{"line":78,"column":75}},"45":{"start":{"line":79,"column":6},"end":{"line":86,"column":7}},"46":{"start":{"line":81,"column":8},"end":{"line":84,"column":9}},"47":{"start":{"line":82,"column":10},"end":{"line":82,"column":75}},"48":{"start":{"line":83,"column":10},"end":{"line":83,"column":26}},"49":{"start":{"line":85,"column":8},"end":{"line":85,"column":20}},"50":{"start":{"line":87,"column":22},"end":{"line":87,"column":78}},"51":{"start":{"line":88,"column":6},"end":{"line":88,"column":27}},"52":{"start":{"line":94,"column":2},"end":{"line":98,"column":3}},"53":{"start":{"line":95,"column":4},"end":{"line":95,"column":32}},"54":{"start":{"line":97,"column":4},"end":{"line":97,"column":72}},"55":{"start":{"line":102,"column":2},"end":{"line":102,"column":51}},"56":{"start":{"line":102,"column":44},"end":{"line":102,"column":51}},"57":{"start":{"line":104,"column":2},"end":{"line":115,"column":5}},"58":{"start":{"line":105,"column":24},"end":{"line":109,"column":5}},"59":{"start":{"line":106,"column":6},"end":{"line":106,"column":28}},"60":{"start":{"line":107,"column":6},"end":{"line":107,"column":56}},"61":{"start":{"line":108,"column":6},"end":{"line":108,"column":16}},"62":{"start":{"line":110,"column":4},"end":{"line":110,"column":53}},"63":{"start":{"line":111,"column":4},"end":{"line":114,"column":18}},"64":{"start":{"line":112,"column":6},"end":{"line":112,"column":56}},"65":{"start":{"line":113,"column":6},"end":{"line":113,"column":69}},"66":{"start":{"line":118,"column":0},"end":{"line":118,"column":77}}},"fnMap":{"0":{"name":"attachConnectionEventLogging","decl":{"start":{"line":20,"column":9},"end":{"line":20,"column":37}},"loc":{"start":{"line":20,"column":40},"end":{"line":33,"column":1}},"line":20},"1":{"name":"(anonymous_1)","decl":{"start":{"line":24,"column":24},"end":{"line":24,"column":25}},"loc":{"start":{"line":24,"column":30},"end":{"line":24,"column":66}},"line":24},"2":{"name":"(anonymous_2)","decl":{"start":{"line":25,"column":23},"end":{"line":25,"column":24}},"loc":{"start":{"line":25,"column":29},"end":{"line":25,"column":63}},"line":25},"3":{"name":"(anonymous_3)","decl":{"start":{"line":26,"column":25},"end":{"line":26,"column":26}},"loc":{"start":{"line":26,"column":31},"end":{"line":26,"column":69}},"line":26},"4":{"name":"(anonymous_4)","decl":{"start":{"line":27,"column":27},"end":{"line":27,"column":28}},"loc":{"start":{"line":27,"column":33},"end":{"line":27,"column":72}},"line":27},"5":{"name":"(anonymous_5)","decl":{"start":{"line":28,"column":26},"end":{"line":28,"column":27}},"loc":{"start":{"line":28,"column":32},"end":{"line":28,"column":69}},"line":28},"6":{"name":"(anonymous_6)","decl":{"start":{"line":29,"column":19},"end":{"line":29,"column":20}},"loc":{"start":{"line":29,"column":25},"end":{"line":29,"column":68}},"line":29},"7":{"name":"(anonymous_7)","decl":{"start":{"line":30,"column":19},"end":{"line":30,"column":20}},"loc":{"start":{"line":31,"column":4},"end":{"line":31,"column":63}},"line":31},"8":{"name":"sleep","decl":{"start":{"line":35,"column":9},"end":{"line":35,"column":14}},"loc":{"start":{"line":35,"column":19},"end":{"line":37,"column":1}},"line":35},"9":{"name":"(anonymous_9)","decl":{"start":{"line":36,"column":21},"end":{"line":36,"column":22}},"loc":{"start":{"line":36,"column":30},"end":{"line":36,"column":49}},"line":36},"10":{"name":"readyStateName","decl":{"start":{"line":39,"column":9},"end":{"line":39,"column":23}},"loc":{"start":{"line":39,"column":26},"end":{"line":53,"column":1}},"line":39},"11":{"name":"connectDB","decl":{"start":{"line":55,"column":15},"end":{"line":55,"column":24}},"loc":{"start":{"line":60,"column":8},"end":{"line":91,"column":1}},"line":60},"12":{"name":"disconnectDB","decl":{"start":{"line":93,"column":15},"end":{"line":93,"column":27}},"loc":{"start":{"line":93,"column":30},"end":{"line":99,"column":1}},"line":93},"13":{"name":"waitForDbReady","decl":{"start":{"line":101,"column":15},"end":{"line":101,"column":29}},"loc":{"start":{"line":101,"column":49},"end":{"line":116,"column":1}},"line":101},"14":{"name":"(anonymous_14)","decl":{"start":{"line":104,"column":21},"end":{"line":104,"column":22}},"loc":{"start":{"line":104,"column":42},"end":{"line":115,"column":3}},"line":104},"15":{"name":"(anonymous_15)","decl":{"start":{"line":105,"column":24},"end":{"line":105,"column":25}},"loc":{"start":{"line":105,"column":30},"end":{"line":109,"column":5}},"line":105},"16":{"name":"(anonymous_16)","decl":{"start":{"line":111,"column":25},"end":{"line":111,"column":26}},"loc":{"start":{"line":111,"column":31},"end":{"line":114,"column":5}},"line":111}},"branchMap":{"0":{"loc":{"start":{"line":6,"column":35},"end":{"line":6,"column":66}},"type":"binary-expr","locations":[{"start":{"line":6,"column":35},"end":{"line":6,"column":61}},{"start":{"line":6,"column":65},"end":{"line":6,"column":66}}],"line":6},"1":{"loc":{"start":{"line":7,"column":38},"end":{"line":7,"column":75}},"type":"binary-expr","locations":[{"start":{"line":7,"column":38},"end":{"line":7,"column":67}},{"start":{"line":7,"column":71},"end":{"line":7,"column":75}}],"line":7},"2":{"loc":{"start":{"line":13,"column":22},"end":{"line":13,"column":51}},"type":"binary-expr","locations":[{"start":{"line":13,"column":22},"end":{"line":13,"column":45}},{"start":{"line":13,"column":49},"end":{"line":13,"column":51}}],"line":13},"3":{"loc":{"start":{"line":14,"column":22},"end":{"line":14,"column":50}},"type":"binary-expr","locations":[{"start":{"line":14,"column":22},"end":{"line":14,"column":45}},{"start":{"line":14,"column":49},"end":{"line":14,"column":50}}],"line":14},"4":{"loc":{"start":{"line":15,"column":35},"end":{"line":15,"column":76}},"type":"binary-expr","locations":[{"start":{"line":15,"column":35},"end":{"line":15,"column":67}},{"start":{"line":15,"column":71},"end":{"line":15,"column":76}}],"line":15},"5":{"loc":{"start":{"line":16,"column":26},"end":{"line":16,"column":67}},"type":"binary-expr","locations":[{"start":{"line":16,"column":26},"end":{"line":16,"column":58}},{"start":{"line":16,"column":62},"end":{"line":16,"column":67}}],"line":16},"6":{"loc":{"start":{"line":21,"column":2},"end":{"line":21,"column":32}},"type":"if","locations":[{"start":{"line":21,"column":2},"end":{"line":21,"column":32}},{"start":{"line":21,"column":2},"end":{"line":21,"column":32}}],"line":21},"7":{"loc":{"start":{"line":41,"column":2},"end":{"line":52,"column":3}},"type":"switch","locations":[{"start":{"line":42,"column":4},"end":{"line":43,"column":28}},{"start":{"line":44,"column":4},"end":{"line":45,"column":25}},{"start":{"line":46,"column":4},"end":{"line":47,"column":26}},{"start":{"line":48,"column":4},"end":{"line":49,"column":29}},{"start":{"line":50,"column":4},"end":{"line":51,"column":23}}],"line":41},"8":{"loc":{"start":{"line":55,"column":25},"end":{"line":60,"column":6}},"type":"default-arg","locations":[{"start":{"line":60,"column":4},"end":{"line":60,"column":6}}],"line":55},"9":{"loc":{"start":{"line":57,"column":2},"end":{"line":57,"column":34}},"type":"default-arg","locations":[{"start":{"line":57,"column":15},"end":{"line":57,"column":34}}],"line":57},"10":{"loc":{"start":{"line":58,"column":2},"end":{"line":58,"column":39}},"type":"default-arg","locations":[{"start":{"line":58,"column":17},"end":{"line":58,"column":39}}],"line":58},"11":{"loc":{"start":{"line":59,"column":2},"end":{"line":59,"column":14}},"type":"default-arg","locations":[{"start":{"line":59,"column":12},"end":{"line":59,"column":14}}],"line":59},"12":{"loc":{"start":{"line":61,"column":19},"end":{"line":61,"column":70}},"type":"binary-expr","locations":[{"start":{"line":61,"column":19},"end":{"line":61,"column":22}},{"start":{"line":61,"column":26},"end":{"line":61,"column":49}},{"start":{"line":61,"column":53},"end":{"line":61,"column":70}}],"line":61},"13":{"loc":{"start":{"line":64,"column":2},"end":{"line":66,"column":3}},"type":"if","locations":[{"start":{"line":64,"column":2},"end":{"line":66,"column":3}},{"start":{"line":64,"column":2},"end":{"line":66,"column":3}}],"line":64},"14":{"loc":{"start":{"line":64,"column":6},"end":{"line":64,"column":59}},"type":"binary-expr","locations":[{"start":{"line":64,"column":6},"end":{"line":64,"column":18}},{"start":{"line":64,"column":22},"end":{"line":64,"column":59}}],"line":64},"15":{"loc":{"start":{"line":79,"column":6},"end":{"line":86,"column":7}},"type":"if","locations":[{"start":{"line":79,"column":6},"end":{"line":86,"column":7}},{"start":{"line":79,"column":6},"end":{"line":86,"column":7}}],"line":79},"16":{"loc":{"start":{"line":79,"column":10},"end":{"line":79,"column":48}},"type":"binary-expr","locations":[{"start":{"line":79,"column":10},"end":{"line":79,"column":31}},{"start":{"line":79,"column":35},"end":{"line":79,"column":48}}],"line":79},"17":{"loc":{"start":{"line":81,"column":8},"end":{"line":84,"column":9}},"type":"if","locations":[{"start":{"line":81,"column":8},"end":{"line":84,"column":9}},{"start":{"line":81,"column":8},"end":{"line":84,"column":9}}],"line":81},"18":{"loc":{"start":{"line":101,"column":30},"end":{"line":101,"column":47}},"type":"default-arg","locations":[{"start":{"line":101,"column":42},"end":{"line":101,"column":47}}],"line":101},"19":{"loc":{"start":{"line":102,"column":2},"end":{"line":102,"column":51}},"type":"if","locations":[{"start":{"line":102,"column":2},"end":{"line":102,"column":51}},{"start":{"line":102,"column":2},"end":{"line":102,"column":51}}],"line":102}},"s":{"0":1,"1":1,"2":1,"3":1,"4":1,"5":1,"6":1,"7":1,"8":0,"9":1,"10":1,"11":1,"12":1,"13":1,"14":1,"15":1,"16":0,"17":1,"18":1,"19":1,"20":1,"21":1,"22":1,"23":1,"24":0,"25":0,"26":0,"27":0,"28":0,"29":0,"30":0,"31":0,"32":0,"33":1,"34":1,"35":0,"36":1,"37":1,"38":1,"39":1,"40":1,"41":1,"42":1,"43":1,"44":0,"45":0,"46":0,"47":0,"48":0,"49":0,"50":0,"51":0,"52":1,"53":1,"54":0,"55":0,"56":0,"57":0,"58":0,"59":0,"60":0,"61":0,"62":0,"63":0,"64":0,"65":0,"66":1},"f":{"0":1,"1":1,"2":1,"3":0,"4":1,"5":1,"6":1,"7":0,"8":0,"9":0,"10":0,"11":1,"12":1,"13":0,"14":0,"15":0,"16":0},"b":{"0":[1,1],"1":[1,1],"2":[1,1],"3":[1,1],"4":[1,1],"5":[1,1],"6":[0,1],"7":[0,0,0,0,0],"8":[1],"9":[1],"10":[1],"11":[1],"12":[1,1,0],"13":[0,1],"14":[1,0],"15":[0,0],"16":[0,0],"17":[0,0],"18":[0],"19":[0,0]},"_coverageSchema":"1a1c01bbd47fc00a2c39e90264f33305004495a9","hash":"bffb6096342a37220f47c9f9499047c22f95463a","contentHash":"ebfc022214687c65083cfb1df51586b95bf4ba56e0d33c111e4a70e3a665f899"},"C:\\Smart Business AI Assistant\\backend\\src\\socket.js":{"path":"C:\\Smart Business AI Assistant\\backend\\src\\socket.js","statementMap":{"0":{"start":{"line":1,"column":19},"end":{"line":1,"column":39}},"1":{"start":{"line":2,"column":15},"end":{"line":2,"column":41}},"2":{"start":{"line":3,"column":15},"end":{"line":3,"column":40}},"3":{"start":{"line":6,"column":13},"end":{"line":8,"column":4}},"4":{"start":{"line":10,"column":2},"end":{"line":26,"column":5}},"5":{"start":{"line":11,"column":4},"end":{"line":11,"column":62}},"6":{"start":{"line":13,"column":4},"end":{"line":16,"column":7}},"7":{"start":{"line":14,"column":6},"end":{"line":14,"column":36}},"8":{"start":{"line":15,"column":6},"end":{"line":15,"column":50}},"9":{"start":{"line":18,"column":4},"end":{"line":21,"column":7}},"10":{"start":{"line":19,"column":6},"end":{"line":19,"column":40}},"11":{"start":{"line":20,"column":6},"end":{"line":20,"column":54}},"12":{"start":{"line":23,"column":4},"end":{"line":25,"column":7}},"13":{"start":{"line":24,"column":6},"end":{"line":24,"column":67}},"14":{"start":{"line":28,"column":2},"end":{"line":28,"column":12}},"15":{"start":{"line":31,"column":0},"end":{"line":31,"column":34}}},"fnMap":{"0":{"name":"attachSocket","decl":{"start":{"line":5,"column":9},"end":{"line":5,"column":21}},"loc":{"start":{"line":5,"column":30},"end":{"line":29,"column":1}},"line":5},"1":{"name":"(anonymous_1)","decl":{"start":{"line":10,"column":22},"end":{"line":10,"column":23}},"loc":{"start":{"line":10,"column":34},"end":{"line":26,"column":3}},"line":10},"2":{"name":"(anonymous_2)","decl":{"start":{"line":13,"column":32},"end":{"line":13,"column":33}},"loc":{"start":{"line":13,"column":44},"end":{"line":16,"column":5}},"line":13},"3":{"name":"(anonymous_3)","decl":{"start":{"line":18,"column":34},"end":{"line":18,"column":35}},"loc":{"start":{"line":18,"column":48},"end":{"line":21,"column":5}},"line":18},"4":{"name":"(anonymous_4)","decl":{"start":{"line":23,"column":28},"end":{"line":23,"column":29}},"loc":{"start":{"line":23,"column":34},"end":{"line":25,"column":5}},"line":23}},"branchMap":{},"s":{"0":1,"1":1,"2":1,"3":1,"4":1,"5":0,"6":0,"7":0,"8":0,"9":0,"10":0,"11":0,"12":0,"13":0,"14":1,"15":1},"f":{"0":1,"1":0,"2":0,"3":0,"4":0},"b":{},"_coverageSchema":"1a1c01bbd47fc00a2c39e90264f33305004495a9","hash":"14103b85ed93f3e6ac0a94a99707582a541fedfd","contentHash":"5dafbdb4f0e4c61cd5319ee46b9a7ed80fa15533e33987b618176a8872337ec6"}}